0 0.0
0.0004027998939328378 1.0778023086910338e-05
0.0008055997878656756 2.118006283780005e-05
0.0012083996817985135 3.118817580283206e-05
0.0016111995757313513 4.0783107431607846e-05
0.0020139994696641893 4.994422361459527e-05
0.0024167993635970273 5.8649436191160476e-05
0.0028195992575298654 6.687512209069268e-05
0.0032223991514627034 7.459603576176477e-05
0.0036251990453955414 8.178521446167153e-05
0.0040279989393283795 8.841387594404893e-05
0.0044307988332612175 9.445130800278534e-05
0.0048335987271940556 9.986474933487699e-05
0.005236398621126894 0.00010461926101790198
0.005639198515059732 0.00010867758795995996
0.00604199840899257 0.0001120000094707585
0.006444798302925408 0.00011454417819134477
0.006847598196858246 0.00011626494630645468
0.007250398090791084 0.0001171141781992624
0.007653197984723922 0.00011704054814165588
0.008055997878656759 0.00011598932213896518
0.008458797772589597 0.00011390212209949624
0.008861597666522435 0.00011071667138784491
0.009264397560455273 0.00010636651942030895
0.009667197454388111 0.00010078074436936646
0.01006999734832095 9.38836307828872e-05
0.010472797242253787 8.559432157806413e-05
0.010875597136186625 7.582643963699454e-05
0.011278397030119463 6.448767968025848e-05
0.011681196924052301 5.147936257143826e-05
0.01208399681798514 3.6695956089793924e-05
0.012486796711917977 2.0024547420671723e-05
0.012889596605850815 1.3442806952035369e-06
0.013292396499783653 1.9474272300978868e-05
0.013695196393716491 4.2569768896161264e-05
0.01409799628764933 6.809085785919322e-05
0.014500796181582168 9.61969320689704e-05
0.014903596075515006 0.0001270590843724939
0.015306395969447844 0.0001608609175791642
0.01570919586338068 0.000197799844950719
0.016111995757313518 0.0002380877644005963
0.016514795651246354 0.00028195317308510326
0.01691759554517919 0.00032964091087350766
0.017320395439112027 0.0003814167847071559
0.017723195333044863 0.00043756312988918467
0.0181259952269777 0.000498392738903064
0.018528795120910536 0.0005642263351619548
0.018931595014843372 0.0006354453720556208
0.01933439490877621 0.0007123881472201887
0.019737194802709045 0.0007955801131718232
0.02013999469664188 0.0008852402873005261
0.020542794590574717 0.0009823884393576066
0.020945594484507554 0.0010863476154305829
0.02134839437844039 0.00120052446359864
0.021751194272373226 0.001318814222948106
0.022153994166306062 0.0014582509514413644
0.0225567940602389 0.0015791036426477945
0.022959593954171735 0.0017843716172665225
0.02336239384810457 0.001811801966559834
0.02356379379507099 0.0020757015715417992
0.02376519374203741 0.001997225226777033
0.02396659368900383 0.0022224113938609236
0.02416799363597025 0.00218259748473848
0.02436939358293667 0.0023870019452472135
0.02457079352990309 0.002372439077626076
0.02477219347686951 0.0025675922510384197
0.02497359342383593 0.0025695606046207686
0.02517499337080235 0.002763712648545358
0.02537639331776877 0.0027758268110229523
0.02557779326473519 0.002975797725857099
0.02577919321170161 0.0029924974246551272
0.02598059315866803 0.0032050011471973505
0.02618199310563445 0.0032203164472610624
0.02638339305260087 0.0034532318540207996
0.02658479299956729 0.003459389696150339
0.02678619294653371 0.003723423833714712
0.02698759289350013 0.003708783925552517
0.02718899284046655 0.004020170908789922
0.02739039278743297 0.003965630221972383
0.02759179273439939 0.004351065418416233
0.02779319268136581 0.004223212460876091
0.02799459262833223 0.004729530739943755
0.02819599257529865 0.004466828817135671
0.02829669254878186 0.004820926880028331
0.02839739252226507 0.004866401778532925
0.02849809249574828 0.004956901682882986
0.02859879246923149 0.005042281950977667
0.0286994924427147 0.005130008510507267
0.028800192416197908 0.005218960643831316
0.028900892389681118 0.00530935542925004
0.029001592363164328 0.005401192850449377
0.029102292336647538 0.005494510721768542
0.029202992310130748 0.005589340998612968
0.029303692283613958 0.0056857176898788
0.029404392257097168 0.0057836754087325914
0.029505092230580378 0.005883249701941651
0.029605792204063588 0.0059844770218031584
0.029706492177546798 0.006087394772531951
0.029807192151030008 0.0061920413402809515
0.029907892124513218 0.006298456127458607
0.030008592097996428 0.006406679586858921
0.030109292071479637 0.006516753256923913
0.030209992044962847 0.006628719798021265
0.030310692018446057 0.00674262302986417
0.030411391991929267 0.0068585079702288
0.030512091965412477 0.006976420875005829
0.030612791938895687 0.007096409279705895
0.030713491912378897 0.0072185220424776375
0.030814191885862107 0.007342809388714677
0.030914891859345317 0.007469322957377678
0.031015591832828527 0.007598115849052789
0.031116291806311737 0.0077292426758743815
0.031216991779794947 0.007862759613360915
0.03131769175327816 0.007998724454327366
0.03141839172676136 0.008137196664855573
0.03151909170024457 0.008278237442544523
0.031619791673727776 0.008421909777044156
0.03172049164721098 0.008568278513031657
0.03182119162069419 0.00871741041574925
0.031921891594177396 0.008869374239178107
0.0320225915676606 0.009024240797026017
0.03212329154114381 0.009182083036629152
0.032223991514627015 0.009342976115904733
0.03232469148811022 0.00950699748351358
0.03242539146159343 0.009674226962388843
0.032526091435076634 0.00984474683677039
0.03262679140855984 0.010018641942953543
0.03272749138204305 0.010195999763859653
0.032828191355526254 0.010376910527720717
0.03292889132900946 0.01056146731098373
0.03302959130249267 0.010749766145692341
0.03313029127597587 0.01094190613156254
0.03323099124945908 0.011137989552981509
0.033331691222942286 0.011338122001165019
0.03343239119642549 0.011542412501777122
0.0335330911699087 0.011750973648211982
0.033633791143391906 0.01196392174092864
0.03373449111687511 0.012181376933064314
0.03383519109035832 0.012403463382671731
0.033935891063841525 0.012630309411990837
0.03403659103732473 0.012862047674017774
0.03413729101080794 0.013098815326827662
0.034237990984291145 0.013340754216054407
0.03433869095777435 0.013588011065943206
0.03443939093125756 0.013840737679444715
0.034540090904740764 0.014099091147844689
0.03464079087822397 0.014363234070453146
0.03474149085170718 0.014633334784878826
0.03484219082519038 0.014909567608512475
0.03494289079867359 0.015192113091826442
0.035043590772156796 0.015481158284105234
0.03514429074564 0.015776897012367286
0.03524499071912321 0.016079530174238243
0.035345690692606416 0.016389266045489848
0.03544639066608962 0.01670632060315924
0.03554709063957283 0.017030917865126227
0.035647790613056035 0.01736329024708816
0.03574849058653924 0.01770367893800895
0.03584919056002245 0.0180523342950476
0.035949890533505655 0.018409516259218606
0.03605059050698886 0.018775494792945935
0.03615129048047207 0.019150550340887307
0.036251990453955274 0.0195349743154285
0.03635269042743848 0.019929069608306094
0.03645339040092169 0.020333151130087046
0.03655409037440489 0.020747546379091375
0.0366547903478881 0.021172596041736824
0.036755490321371306 0.021608654626181334
0.03685619029485451 0.022056091131446465
0.03695689026833772 0.022515289754254653
0.037057590241820926 0.022986650636036998
0.03715829021530413 0.023470590652722834
0.03725899018878734 0.023967544250080408
0.037359690162270545 0.02447796432771021
0.03746039013575375 0.02500232317475337
0.03756109010923696 0.025541113461036602
0.037661790082720165 0.026094849287137123
0.03776249005620337 0.02666406729763615
0.03786319002968658 0.02724932786165546
0.037963890003169784 0.027851216325631256
0.03806458997665299 0.028470344343054066
0.0381652899501362 0.029107351286928207
0.0382659899236194 0.029762905750532198
0.03836668989710261 0.030437707143077475
0.038467389870585816 0.031132487386923202
0.03856808984406902 0.03184801272391091
0.03866878981755223 0.03258508563873086
0.038769489791035436 0.03334454690815747
0.03887018976451864 0.034127277785378496
0.03897088973800185 0.03493420232994282
0.039071589711485055 0.03576628989404185
0.03917228968496826 0.03662455777765494
0.03927298965845147 0.03751007406505735
0.039373689631934675 0.0384239606578447
0.03947438960541788 0.03936739651863874
0.03957508957890109 0.04034162114441031
0.039675789552384294 0.041347938284992836
0.0397764895258675 0.0423877199310585
0.03987718949935071 0.04346241058738087
0.039977889472833913 0.0445735318648488
0.04007858944631712 0.045722687402975026
0.040179289419800326 0.04691156817444053
0.04027998939328353 0.04814195816726041
0.04038068936676674 0.049415740537058994
0.040481389340249946 0.050734904172950124
0.04058208931373315 0.0521015508758822
0.04068278928721636 0.05351790293025083
0.040783489260699565 0.054986311574360514
0.04088418923418277 0.05650926563273373
0.04098488920766598 0.058089401775948346
0.041085589181149185 0.05972951394857162
0.04118628915463239 0.061432566666209
0.0412869891281156 0.06320170365689393
0.041387689101598804 0.06504026822913467
0.04148838907508201 0.0669518041169539
0.04158908904856522 0.0689400982923889
0.041689789022048424 0.07100914364258415
0.04179048899553163 0.07316326930219219
0.041891188969014836 0.07540692824780848
0.04199188894249804 0.07774521343178264
0.04209258891598125 0.08018281565319896
0.042193288889464456 0.082726393852532
0.04229398886294766 0.0853793609705562
0.04239468883643087 0.08815385783498542
0.042495388809914075 0.09104309413307377
0.04259608878339728 0.0940867885320209
0.04269678875688049 0.09721390687812104
0.042797488730363695 0.10062809909332415
0.0428981887038469 0.10384584879912495
0.04299888867733011 0.10814273411475384
0.04304923866407171 0.10911863859429616
0.043099588650813314 0.11177942473361568
0.04314993863755492 0.11306162595495195
0.04320028862429652 0.1156396034514664
0.043250638611038124 0.11714718948849168
0.04330098859777973 0.11971551943746306
0.04335133858452133 0.12140066137138916
0.043401688571262934 0.12400899608285698
0.04345203855800454 0.12584182903276542
0.04350238854474614 0.12852768859677255
0.04355273853148774 0.13048768192691185
0.043603088518229347 0.1332833573350598
0.04365343850497095 0.13535370833120197
0.04370378849171255 0.13829125532647524
0.043754138478454156 0.14045431927597107
0.04380448846519576 0.14357029604208904
0.04385483845193736 0.14580254580897645
0.043905188438678966 0.14914402823364625
0.04395553842542057 0.1514088125448083
0.04400588841216217 0.15504282151389148
0.044056238398903776 0.15727812469757296
0.04410658838564538 0.16130829482403897
0.04415693837238698 0.1634041128264485
0.044207288359128585 0.16800233298715384
0.04425763834587019 0.16975641050414936
0.044282813339240994 0.17247213354907487
0.0443079883326118 0.17407381306963288
0.044333163325982604 0.17584707898383556
0.04435833831935341 0.17762419556961007
0.044383513312724214 0.17942844847309658
0.04440868830609502 0.18125706841771816
0.044433863299465824 0.1831109849326502
0.04445903829283663 0.1849905972687722
0.044484213286207434 0.18689639757946708
0.04450938827957824 0.18882887625951383
0.044534563272949045 0.19078853723034328
0.04455973826631985 0.19277589582183907
0.044584913259690655 0.19479147951527764
0.04461008825306146 0.19683582821538792
0.044635263246432265 0.19890949461788665
0.04466043823980307 0.2010130445736138
0.044685613233173875 0.2031470574677492
0.04471078822654468 0.2053121266111475
0.044735963219915485 0.2075088596450172
0.04476113821328629 0.20973787895918505
0.044786313206657095 0.21199982212463198
0.0448114882000279 0.21429534234084713
0.044836663193398706 0.2166251088983806
0.04486183818676951 0.21898980765756804
0.044887013180140316 0.22139014154365455
0.04491218817351112 0.2238268310592879
0.044937363166881926 0.2263006148149529
0.04496253816025273 0.22881225007801476
0.044987713153623536 0.2313625133411783
0.04501288814699434 0.23395220091131108
0.045038063140365146 0.23658212951908908
0.04506323813373595 0.23925313695070827
0.045088413127106756 0.24196608270237618
0.04511358812047756 0.24472184865849655
0.04513876311384837 0.24752133979467317
0.04516393810721917 0.25036548490643185
0.04518911310058998 0.25325523736489686
0.04521428809396078 0.256191575900381
0.04523946308733159 0.25917550541529266
0.04526463808070239 0.2622080578273476
0.0452898130740732 0.26529029294472295
0.045314988067444 0.26842329937416665
0.04534016306081481 0.27160819546381987
0.04536533805418561 0.27484613028204663
0.04539051304755642 0.2781382846340179
0.04541568804092722 0.2814858721175213
0.04544086303429803 0.28489014021996795
0.04546603802766883 0.2883523714583198
0.04549121302103964 0.2918738845637634
0.04551638801441044 0.2954560357133822
0.04554156300778125 0.29910021981078216
0.04556673800115205 0.30280787181798274
0.04559191299452286 0.3065804681409112
0.04561708798789366 0.3104195280709412
0.04564226298126447 0.3143266152852213
0.045667437974635273 0.3183033394082919
0.04569261296800608 0.3223513576381407
0.045717787961376884 0.3264723764395683
0.04574296295474769 0.33066815330812105
0.045768137948118494 0.3349404986079705
0.0457933129414893 0.33929127748726273
0.045818487934860104 0.3437224118748077
0.04584366292823091 0.34823588256188387
0.045868837921601714 0.3528337313734724
0.04589401291497252 0.3575180634332824
0.045919187908343324 0.36229104952725777
0.04594436290171413 0.36715492857032217
0.045969537895084935 0.3721120101818798
0.04599471288845574 0.3771646773751911
0.046019887881826545 0.3823153893665676
0.04604506287519735 0.38756668451079435
0.046070237868568155 0.3929211833685855
0.04609541286193896 0.3983815919138536
0.046120587855309765 0.4039507048871087
0.04614576284868057 0.40963140930353603
0.046170937842051375 0.4154266881232971
0.04619611283542218 0.4213396240929512
0.046221287828792985 0.4273734037672057
0.04624646282216379 0.43353132172051545
0.046271637815534596 0.439816784959163
0.0462968128089054 0.446233317544241
0.046321987802276206 0.45278456543790213
0.04634716279564701 0.45947430158434344
0.046372337789017816 0.46630643123940985
0.04639751278238862 0.4732849975623452
0.046422687775759426 0.48041418748452
0.04644786276913023 0.48769833787124384
0.046473037762501036 0.4951419419929479
0.04649821275587184 0.5027496563241698
0.046523387749242646 0.5105263076888633
0.04654856274261345 0.5184769007729173
0.04657373773598426 0.5266066260249147
0.04659891272935506 0.5349208679688289
0.04662408772272587 0.5434252139529292
0.04664926271609667 0.5521254633612784
0.04667443770946748 0.561027637316144
0.04669961270283828 0.5701379889012799
0.04672478769620909 0.5794630139380814
0.04674996268957989 0.5890094623494235
0.0467751376829507 0.5987843501473904
0.0468003126763215 0.6087949720851071
0.04682548766969231 0.6190489150142113
0.04685066266306311 0.6295540719938373
0.04687583765643392 0.6403186571992237
0.04690101264980472 0.6513512216827948
0.04692618764317553 0.66266067004279
0.04695136263654633 0.6742562780607599
0.04697653762991714 0.6861477113716319
0.04700171262328794 0.6983450452367066
0.04702688761665875 0.7108587854941035
0.04705206261002955 0.7236998907676693
0.04707723760340036 0.7368797960208795
0.047102412596771163 0.750410437550407
0.04712758759014197 0.7643042795194432
0.047152762583512774 0.7785743421411837
0.04717793757688358 0.7932342316295404
0.047203112570254384 0.8082981720458235
0.04722828756362519 0.8237810391782929
0.047253462556995994 0.8396983966056979
0.0472786375503668 0.8560665341046985
0.047303812543737604 0.8729025085795357
0.04732898753710841 0.8902241877013211
0.047354162530479214 0.908050296467799
0.04737933752385002 0.9264004669031607
0.047404512517220825 0.9452952911499821
0.04742968751059163 0.9647563782081932
0.047454862503962435 0.9848064146275988
0.04748003749733324 1.0054692294447847
0.047505212490704045 1.0267698637466367
0.04753038748407485 1.0487346451800121
0.047555562477445655 1.0713912679053976
0.04758073747081646 1.0947688783098144
0.047605912464187265 1.1188981671832394
0.04763108745755807 1.1438114685589724
0.047656262450928875 1.1695428663605014
0.04768143744429968 1.1961283085944103
0.047706612437670486 1.2236057313306148
0.04773178743104129 1.252015190649054
0.047756962424412096 1.2813990079351356
0.0477821374177829 1.3118019215143377
0.047807312411153706 1.3432712599433216
0.04783248740452451 1.3758571121295802
0.047845074901209914 1.392537127490968
0.047857662397895316 1.4095114060964704
0.04787024989458072 1.4267869273043559
0.04788283739126612 1.4443708707225298
0.047895424887951524 1.4622706327420332
0.047908012384636926 1.48049382979179
0.04792059988132233 1.4990483085842783
0.04793318737800773 1.5179421533728785
0.047945774874693134 1.537183695255564
0.047958362371378536 1.5567815209794134
0.04797094986806394 1.576744482596439
0.04798353736474934 1.5970817072860086
0.047996124861434744 1.6178026077431724
0.04800871235812015 1.6389168929482167
0.04802129985480555 1.6604345794541473
0.04803388735149095 1.682366003153433
0.048046474848176354 1.7047218315852035
0.04805906234486176 1.7275130767899611
0.04807164984154716 1.7507511087519134
0.04808423733823256 1.7744476694534654
0.048096824834917964 1.7986148875774433
0.04810941233160337 1.8232652938891931
0.04812199982828877 1.848411837336272
0.04813458732497417 1.8740679019036435
0.048147174821659575 1.9002473242648108
0.04815976231834498 1.9269644122732643
0.04817234981503038 1.9542339643390676
0.04818493731171578 1.98207128974002
0.048197524808401185 2.010492229919194
0.04821011230508659 2.039513180823846
0.04822269980177199 2.0691511163445
0.04823528729845739 2.099423612916098
0.048247874795142795 2.1303488753482753
0.0482604622918282 2.161945763954492
0.0482730497885136 2.1942338230562086
0.048285637285199 2.227233310941102
0.048298224781884405 2.260965231362249
0.04831081227856981 2.2954513666674785
0.04832339977525521 2.330714312658259
0.04833598727194061 2.366777515279935
0.048348574768626015 2.4036653092557145
0.04836116226531142 2.4414029587815236
0.04837374976199682 2.4800167004097204
0.04838633725868222 2.519533788255643
0.048398924755367626 2.559982541673236
0.04841151225205303 2.601392395553958
0.04842409974873843 2.6437939534157238
0.04843668724542383 2.6872190434599617
0.048449274742109236 2.7317007777876086
0.04846186223879464 2.7772736149791655
0.04847444973548004 2.823973426259201
0.04848703723216544 2.8718375654809023
0.048499624728850846 2.920904943185903
0.04851221222553625 2.971216105011422
0.04852479972222165 3.0228133147393805
0.048537387218907053 3.0757406423040834
0.048549974715592456 3.1300440570991555
0.04856256221227786 3.1857715269515268
0.04857514970896326 3.242973123159132
0.048587737205648664 3.301701132020213
0.048600324702334066 3.362010173316577
0.04861291219901947 3.4239573262501324
0.04862549969570487 3.487602263374299
0.048638087192390274 3.5530073931031296
0.048650674689075676 3.620238011434054
0.048656968437418374 3.654513890402683
0.04866326218576107 3.6892681595575425
0.04866955593410377 3.7245097727088847
0.04867584968244647 3.760247893367108
0.048682143430789165 3.796491900675747
0.04868843717913186 3.833251395539918
0.04869473092747456 3.8705362069589597
0.04870102467581726 3.908356398569694
0.04870731842415996 3.9467222754093854
0.048713612172502654 3.985644390906373
0.04871990592084535 4.025133554107526
0.04872619966918805 4.065200837151366
0.04873249341753075 4.105857582997231
0.048738787165873446 4.147115413419485
0.04874508091421614 4.188986237278314
0.04875137466255884 4.231482259077239
0.04875766841090154 4.274615987819573
0.04876396215924424 4.318400246175031
0.048770255907586935 4.362848179969916
0.04877654965592963 4.407973268012853
0.04878284340427233 4.453789332270986
0.04878913715261503 4.500310548409857
0.048795430900957726 4.547551456712924
0.048801724649300424 4.595526973395479
0.04880801839764312 4.644252402330167
0.04881431214598582 4.693743447200831
0.04882060589432852 4.744016224102694
0.048826899642671215 4.795087274608122
0.04883319339101391 4.846973579316995
0.04883948713935661 4.899692571913391
0.04884578088769931 4.953262153749009
0.048852074636042006 5.007700708977481
0.048858368384384704 5.063027120262163
0.0488646621327274 5.119260785083185
0.0488709558810701 5.176421632669815
0.0488772496294128 5.234530141585779
0.048883543377755495 5.293607357996095
0.04888983712609819 5.353674914646419
0.04889613087444089 5.41475505058618
0.04890242462278359 5.476870631669584
0.048908718371126286 5.540045171869238
0.048915012119468984 5.604302855439812
0.04892130586781168 5.6696685599705745
0.04892759961615438 5.736167880367589
0.04893389336449708 5.803827153808953
0.048940187112839775 5.872673485718309
0.04894648086118247 5.942734776804329
0.04895277460952517 6.0140397512167425
0.04895906835786787 6.086617985871442
0.048965362106210567 6.160499941001021
0.048971655854553264 6.235716991989051
0.04897794960289596 6.312301462550565
0.04898424335123866 6.390286659324062
0.04899053709958136 6.469706907943731
0.048996830847924056 6.5505975906655465
0.04900312459626675 6.632995185622946
0.04900941834460945 6.716937307794865
0.04901571209295215 6.8024627517702925
0.04902200584129485 6.889611536401162
0.049028299589637545 6.978424951439166
0.04903459333798024 7.068945606257557
0.04904088708632294 7.161217480765231
0.04904718083466564 7.2552859786271995
0.049053474583008336 7.3511979829105485
0.049059768331351034 7.449001914283656
0.04906606207969373 7.548747791903708
0.04907235582803643 7.650487297134333
0.04907864957637913 7.75427384024627
0.049084943324721825 7.860162630259509
0.04909123707306452 7.968210748099722
0.04909753082140722 8.078477223247688
0.04910382456974992 8.191023114075051
0.049110118318092616 8.305911592069776
0.049116412066435314 8.423208030168041
0.04912270581477801 8.542980095423047
0.04912899956312071 8.665297846256067
0.04913529331146341 8.790233834549952
0.049141587059806105 8.91786321286321
0.0491478808081488 9.04826384705973
0.0491541745564915 9.181516434669192
0.0491604683048342 9.31770462931442
0.049166762053176896 9.456915171562372
0.049169908927348245 9.527638938459233
0.049173055801519594 9.599149310738028
0.04917620267569094 9.67145800448398
0.04917934954986229 9.744576954391846
0.04918249642403364 9.818518318684283
0.04918564329820499 9.893294484160549
0.04918879017237634 9.968918071377459
0.04919193704654769 10.045401939968599
0.049195083920719036 10.12275919410419
0.049198230794890385 10.201003188097957
0.049201377669061734 10.280147532163284
0.04920452454323308 10.360206098324682
0.04920767141740443 10.44119302648977
0.04921081829157578 10.523122730684833
0.04921396516574713 10.60600990546115
0.04921711203991848 10.68986953247608
0.04922025891408983 10.774716887255124
0.049223405788261176 10.860567546140203
0.049226552662432525 10.947437393430477
0.049229699536603874 11.03534262872111
0.04923284641077522 11.12429977444782
0.04923599328494657 11.214325683641192
0.04923914015911792 11.305437547900738
0.04924228703328927 11.39765290559319
0.04924543390746062 11.490989650283126
0.04924858078163197 11.585466039404537
0.049251727655803317 11.681100703179084
0.049254874529974665 11.777912653791702
0.049258021404146014 11.87592129482968
0.04926116827831736 11.97514643099504
0.04926431515248871 12.075608278099793
0.04926746202666006 12.177327473352392
0.04927060890083141 12.280325085946032
0.04927375577500276 12.384622627958294
0.04927690264917411 12.490242065573028
0.04928004952334546 12.597205830635744
0.049283196397516806 12.705536832552895
0.049286343271688154 12.815258470547604
0.0492894901458595 12.926394646284109
0.04929263702003085 13.038969776873557
0.0492957838942022 13.153008808273427
0.04929893076837355 13.26853722909621
0.0493020776425449 13.385581084839743
0.04930522451671625 13.504166992555383
0.0493083713908876 13.624322155968372
0.049311518265058946 13.746074381067785
0.049314665139230295 13.869452092181035
0.04931781201340164 13.994484348551907
0.04932095888757299 14.121200861439206
0.04932410576174434 14.24963201175521
0.04932725263591569 14.37980886826307
0.04933039951008704 14.511763206354487
0.04933354638425839 14.645527527427674
0.04933669325842974 14.78113507888827
0.049339840132601086 14.918619874796377
0.049342987006772435 15.058016717183506
0.049346133880943784 15.199361218064013
0.04934928075511513 15.34268982216787
0.04935242762928648 15.488039830420945
0.04935557450345783 15.635449424201653
0.04935872137762918 15.784957690403672
0.04936186825180053 15.936604647334491
0.04936501512597188 16.090431271482856
0.049368162000143226 16.24647952518862
0.049371308874314575 16.404792385248243
0.049374455748485924 16.565413872494844
0.04937760262265727 16.72838908238947
0.04938074949682862 16.89376421666276
0.04938389637099997 17.061586616049937
0.04938704324517132 17.231904794161693
0.04939019011934267 17.404768472535977
0.04939333699351402 17.5802286169189
0.049396483867685366 17.758337474823065
0.049399630741856715 17.93914861441661
0.049402777616028064 18.122716964795416
0.04940592449019941 18.309098857696142
0.04940907136437076 18.498352070709217
0.04941221823854211 18.69053587205329
0.04941536511271346 18.885711066976
0.04941851198688481 19.083940045850397
0.04942165886105616 19.285286834035418
0.049424805735227506 19.48981714357771
0.049427952609398855 19.697598426831178
0.049431099483570204 19.908699932076473
0.04943424635774155 20.12319276122662
0.0494373932319129 20.34114992970774
0.04944054010608425 20.562646428610435
0.0494436869802556 20.787759289209333
0.04944683385442695 21.01656764995613
0.0494499807285983 21.249152826053717
0.049453127602769646 21.485598381726504
0.049456274476940995 21.72599020530737
0.049459421351112344 21.970416587266072
0.04946256822528369 22.218968301313737
0.04946571509945504 22.47173868872079
0.04946886197362639 22.728823745996152
0.04947200884779774 22.990322216081097
0.04947515572196909 23.25633568322013
0.04947830259614044 23.526968671679555
0.049481449470311786 23.802328748492442
0.049484596344483135 24.08252663041978
0.049487743218654484 24.36767629532656
0.04949089009282583 24.65789509818231
0.04949403696699718 24.95330389190636
0.04949561040408286 25.102952055323442
0.04949718384116854 25.253942363095632
0.049498757278254216 25.40629092736998
0.049500330715339894 25.560014102787733
0.04950190415242557 25.71512849088259
0.04950347758951125 25.871650944571627
0.04950505102659693 26.02959857274263
0.049506624463682605 26.188988744938285
0.04950819790076828 26.34983909614229
0.04950977133785396 26.512167531666847
0.04951134477493964 26.675992232145973
0.04951291821202532 26.8413316586373
0.049514491649110995 27.008204557833807
0.04951606508619667 27.17662996738926
0.04951763852328235 27.34662722135988
0.04951921196036803 27.5182159557655
0.04952078539745371 27.691416114271846
0.049522358834539384 27.866247953999135
0.04952393227162506 28.042732051458614
0.04952550570871074 28.22088930862057
0.04952707914579642 28.400740959117996
0.049528652582882096 28.582308574587472
0.049530226019967774 28.765614071153607
0.04953179945705345 28.950679716057977
0.04953337289413913 29.13752813443756
0.04953494633122481 29.32618231625719
0.049536519768310486 29.516665623398296
0.049538093205396164 29.709001796909718
0.04953966664248184 29.903214964423853
0.04954124007956752 30.099329647742366
0.0495428135166532 30.297370770596558
0.049544386953738875 30.497363666586864
0.04954596039082455 30.699334087305488
0.04954753382791023 30.903308210648447
0.04954910726499591 31.10931264932009
0.04955068070208159 31.317374459537632
0.049552254139167265 31.527521149938707
0.04955382757625294 31.739780690699376
0.04955540101333862 31.95418152286669
0.0495569744504243 32.17075256791287
0.04955854788750998 32.38952323751653
0.049560121324595655 32.61052344357677
0.04956169476168133 32.833783608467456
0.04956326819876701 33.0593346755378
0.04956484163585269 33.287208119865454
0.049566415072938366 33.517435959270415
0.049567988510024044 33.750050765595574
0.04956956194710972 33.98508567626277
0.0495711353841954 34.22257440610997
0.04957270882128108 34.46255125952064
0.049574282258366756 34.705051142849925
0.049575855695452434 34.95010957715891
0.04957742913253811 35.19776271126403
0.04957900256962379 35.44804733511131
0.04958057600670947 35.701000893484434
0.049582149443795145 35.95666150005661
0.04958372288088082 36.215067951795106
0.0495852963179665 36.47625974373091
0.04958686975505218 36.7402770841004
0.04958844319213786 37.007160909873676
0.049590016629223535 37.276952902679
0.04959159006630921 37.54969550513346
0.04959316350339489 37.825431937596534
0.04959473694048057 38.10420621535292
0.04959631037756625 38.386063166241854
0.049597883814651925 38.6710484487449
0.0495994572517376 38.95920857054551
0.04960103068882328 39.25059090757446
0.04960260412590896 39.54524372355604
0.049604177562994636 39.84321619007079
0.049605751000080314 40.14455840714919
0.04960732443716599 40.449321424413085
0.04960889787425167 40.7575572627818
0.04961047131133735 41.06931893676
0.049612044748423026 41.38466047732504
0.049613618185508704 41.7036369554325
0.04961519162259438 42.02630450615959
0.04961676505968006 42.35272035350499
0.04961833849676574 42.68294283586681
0.049619911933851416 43.017031432220335
0.04962148537093709 43.35504678901589
0.04962305880802277 43.69705074782081
0.04962463224510845 44.043106373729586
0.04962620568219413 44.39327798456537
0.049627779119279805 44.74763118089942
0.04962935255636548 45.10623287691419
0.04963092599345116 45.46915133213713
0.04963249943053684 45.836456184073484
0.04963407286762252 46.208218481768995
0.049635646304708195 46.58451072032909
0.04963721974179387 46.96540687643119
0.04963879317887955 47.35098244485738
0.04964036661596523 47.741314476085904
0.049641940053050906 48.136481614973434
0.049643513490136584 48.53656414056661
0.04964508692722226 48.94164400707939
0.04964666036430794 49.35180488607608
0.04964823380139362 49.767132209900865
0.049649807238479296 50.18771321639554
0.049651380675564974 50.6136369949503
0.04965295411265065 51.044994533932936
0.04965452754973633 51.481878769542845
0.04965610098682201 51.924384636141326
0.049657674423907686 52.37260911810688
0.049659247860993364 52.826651303269614
0.04966082129807904 53.28661243798251
0.04966239473516472 53.75259598388158
0.0496639681722504 54.224707676401124
0.049665541609336075 54.70305558509983
0.04966711504642175 55.18775017586944
0.04966868848350743 55.67890437508572
0.04967026192059311 56.17663363577827
0.04967183535767879 56.68105600588797
0.049673408794764465 57.19229219868896
0.04967498223185014 57.71046566545533
0.04967655566893582 58.235702670453236
0.0496781291060215 58.7681323683442
0.049679702543107176 59.307886884089726
0.049681275980192854 59.85510139544988
0.04968284941727853 60.409914218171366
0.04968442285436421 60.97246689396803
0.04968599629144989 61.542904281397284
0.049687569728535566 62.12137464974455
0.049689143165621244 62.70802977602676
0.04969071660270692 63.303025045236325
0.0496922900397926 63.906519553951455
0.04969386347687828 64.51867621743895
0.049695436913963956 65.13966188038944
0.049697010351049634 65.76964743142292
0.04969858378813531 66.40880792151489
0.04970015722522099 67.05732268649666
0.04970173066230667 67.71537547379057
0.049703304099392345 68.38315457355066
0.04970487753647802 69.0608529543822
0.0497064509735637 69.74866840382555
0.04970723769210654 70.09639108995918
0.04970802441064938 70.44671752835973
0.04970881112919222 70.79967383972269
0.04970959784773506 71.1552864737518
0.049710384566277896 71.5135822141562
0.049711171284820735 71.87458818373648
0.049711958003363574 72.23833184956305
0.04971274472190641 72.60484102824535
0.04971353144044925 72.97414389129659
0.04971431815899209 73.34626897059479
0.04971510487753493 73.72124516394194
0.04971589159607777 74.0991017407245
0.04971667831462061 74.47986834767602
0.04971746503316345 74.86357501474373
0.049718251751706286 75.25025216106428
0.049719038470249124 75.63993060104622
0.04971982518879196 76.03264155056507
0.0497206119073348 76.42841663327278
0.04972139862587764 76.82728788702212
0.04972218534442048 77.22928777041096
0.04972297206296332 77.63444916944673
0.04972375878150616 78.04280540433513
0.049724545500049 78.4543902363963
0.049725332218591836 78.86923787510779
0.049726118937134675 79.28738298528145
0.049726905655677514 79.70886069437393
0.04972769237422035 80.13370659993586
0.04972847909276319 80.56195677720063
0.04972926581130603 80.99364778681712
0.04973005252984887 81.42881668272929
0.04973083924839171 81.86750102020665
0.04973162596693455 82.30973886402649
0.04973241268547739 82.75556879681301
0.049733199404020226 83.20502992753825
0.049733986122563065 83.65816190018376
0.049734772841105904 84.11500490257265
0.04973555955964874 84.57559967537009
0.04973634627819158 85.03998752125989
0.04973713299673442 85.50821031429888
0.04973791971527726 85.98031050945514
0.0497387064338201 86.45633115233153
0.04973949315236294 86.9363158890813
0.049740279870905776 87.42030897651813
0.049741066589448615 87.90835529242673
0.049741853307991454 88.40050034607634
0.04974264002653429 88.89679028894517
0.04974342674507713 89.39727192565528
0.04974421346361997 89.9019927251295
0.04974500018216281 90.41100083196977
0.04974578690070565 90.92434507806382
0.04974657361924849 91.44207499442786
0.04974736033779133 91.96424082328622
0.049748147056334166 92.49089353039761
0.049748933774877005 93.02208481763171
0.049749720493419844 93.55786713580176
0.04975050721196268 94.09829369775935
0.04975129393050552 94.64341849175992
0.04975208064904836 95.19329629510065
0.0497528673675912 95.74798268804176
0.04975365408613404 96.307534068015
0.04975444080467688 96.8720076641277
0.04975522752321972 97.44146155196904
0.049756014241762556 98.01595466872521
0.049756800960305395 98.59554682861193
0.049757587678848234 99.1802987386306
0.04975837439739107 99.77027201465768
0.04975916111593391 100.3655291978738
0.04975994783447675 100.96613377154125
0.04976073455301959 101.57215017813934
0.04976152127156243 102.1836438368648
0.04976230799010527 102.80068116150773
0.049763094708648106 103.42332957871116
0.049763881427190945 104.05165754662352
0.049764668145733784 104.68573457395667
0.04976545486427662 105.32563123945397
0.04976624158281946 105.97141921178502
0.0497670283013623 106.6231712698725
0.04976781501990514 107.2809613236659
0.04976860173844798 107.94486443536994
0.04976938845699082 108.61495684114175
0.04977017517553366 109.2913159732683
0.049770961894076496 109.9740204828343
0.049771748612619335 110.66315026289618
0.049772535331162174 111.35878647217271
0.04977332204970501 112.06101155926547
0.04977410876824785 112.769909287426
0.04977489548679069 113.48556475987948
0.04977568220533353 114.20806444572139
0.04977646892387637 114.93749620640341
0.04977725564241921 115.67394932282099
0.049778042360962046 116.41751452302128
0.049778829079504885 117.16828401054539
0.049779615798047724 117.92635149342289
0.04978040251659056 118.69181221383604
0.0497811892351334 119.46476297847079
0.04978197595367624 120.24530218957347
0.04978276267221908 121.03352987673117
0.04978354939076192 121.82954772939667
0.04978433610930476 122.63345913017645
0.0497851228278476 123.44536918890333
0.049785909546390436 124.26538477751512
0.049786696264933275 125.09361456575999
0.049787482983476114 125.93016905775335
0.04978826970201895 126.77516062940686
0.04978905642056179 127.62870356675575
0.04978984313910463 128.49091410520884
0.04979062985764747 129.36191046974437
0.04979141657619031 130.24181291608363
0.04979220329473315 131.13074377286227
0.04979299001327599 132.02882748483313
0.049793776731818826 132.93619065712699
0.049794563450361665 133.8529621006021
0.049795350168904504 134.77927287831096
0.04979613688744734 135.71525635311923
0.04979692360599018 136.66104823650926
0.04979771032453302 137.61678663859948
0.04979849704307586 138.58261211941624
0.0497992837616187 139.558667741455
0.04980007048016154 140.54509912356787
0.049800857198704376 141.54205449621463
0.049801643917247215 142.54968475811825
0.049802430635790054 143.5681435343662
0.04980321735433289 144.59758723599907
0.04980400407287573 145.63817512113053
0.04980479079141857 146.69006935764526
0.04980557750996141 147.7534350875211
0.04980636422850425 148.8284404928213
0.04980715094704709 149.91525686341242
0.04980793766558993 151.0140586664545
0.049808724384132766 152.12502361771874
0.049809511102675605 153.24833275479
0.049810297821218444 154.38417051220938
0.04981108453976128 155.53272479861562
0.04981187125830412 156.69418707594866
0.04981265797684696 157.8687524407776
0.0498134446953898 159.05661970781966
0.04981423141393264 160.25799149571526
0.04981501813247548 161.47307431513548
0.04981580485101832 162.70207865928637
0.049816591569561156 163.9452190968958
0.049817378288103994 165.20271436775056
0.04981816500664683 166.47478748087178
0.04981895172518967 167.76166581541213
0.04981973844373251 169.06358122435495
0.04982052516227535 170.38077014111718
0.04982131188081819 171.71347368913564
0.04982209859936103 173.06193779454452
0.04982288531790387 174.4264133020397
0.049823672036446706 175.80715609403228
0.049824458754989545 177.20442721320285
0.049825245473532384 178.6184929885676
0.04982603219207522 180.04962516516832
0.04982681891061806 181.49810103751133
0.0498276056291609 182.96420358688033
0.04982839234770374 184.44822162264552
0.04982917906624658 185.9504499277174
0.04982996578478942 187.4711894082683
0.04983075250333226 189.01074724787998
0.049831539221875096 190.56943706626112
0.049831932581146515 191.35601698397534
0.049832325940417935 192.14749906441932
0.049832719299689354 192.94392438012324
0.049833112658960774 193.74533443723465
0.04983350601823219 194.5517711810586
0.04983389937750361 195.36327700167658
0.04983429273677503 196.1798947396535
0.04983468609604645 197.00166769182874
0.04983507945531787 197.8286396171959
0.04983547281458929 198.66085474287058
0.04983586617386071 199.4983577701504
0.04983625953313213 200.3411938806653
0.04983665289240355 201.18940874262296
0.04983704625167497 202.04304851714926
0.04983743961094639 202.90215986472674
0.04983783297021781 203.76678995172972
0.04983822632948923 204.6369864570628
0.049838619688760646 205.51279757890006
0.049839013048032066 206.394272041529
0.049839406407303485 207.28145910230057
0.049839799766574905 208.1744085586871
0.049840193125846324 209.07317075545018
0.049840586485117744 209.97779659192042
0.04984097984438916 210.88833752939138
0.04984137320366058 211.80484559862907
0.049841766562932 212.7273734074996
0.04984215992220342 213.65597414871718
0.04984255328147484 214.5907016077149
0.04984294664074626 215.5316101706386
0.04984334000001768 216.47875483246935
0.0498437333592891 217.43219120527453
0.04984412671856052 218.3919755265904
0.04984452007783194 219.35816466793733
0.04984491343710336 220.33081614347566
0.04984530679637478 221.30998811879442
0.0498457001556462 222.29573941984654
0.049846093514917617 223.28812954202704
0.049846486874189036 224.28721865939588
0.049846880233460455 225.2930676340535
0.049847273592731875 226.3057380256671
0.049847666952003294 227.3252921011515
0.049848060311274714 228.3517928445101
0.04984845367054613 229.38530396683575
0.04984884702981755 230.42588991647506
0.04984924038908897 231.47361588936224
0.04984963374836039 232.52854783952148
0.04985002710763181 233.59075248974307
0.04985042046690323 234.6602973424383
0.04985081382617465 235.73725069067223
0.04985120718544607 236.8216816293824
0.04985160054471749 237.91366006678447
0.04985199390398891 239.01325673596762
0.04985238726326033 240.1205432066863
0.04985278062253175 241.23559189734954
0.04985317398180317 242.35847608721178
0.04985356734107459 243.48926992877284
0.049853960700346006 244.6280484603841
0.049854354059617426 245.77488761907205
0.049854747418888845 246.92986425357992
0.049855140778160265 248.09305613763127
0.049855534137431684 249.2645419834214
0.049855927496703104 250.44440145533997
0.04985632085597452 251.63271518393128
0.04985671421524594 252.82956478009464
0.04985710757451736 254.03503284953
0.04985750093378878 255.24920300743588
0.0498578942930602 256.47215989346205
0.04985828765233162 257.7039891869231
0.04985868101160304 258.9447776222785
0.04985907437087446 260.19461300488376
0.04985946773014588 261.4535842270201
0.0498598610894173 262.7217812842043
0.04986025444868872 263.9992952917888
0.04986064780796014 265.2862185018556
0.04986104116723156 266.5826443204105
0.049861434526502976 267.88866732488395
0.049861827885774396 269.20438328194336
0.049862221245045815 270.52988916562697
0.049862614604317235 271.8652831758018
0.049863007963588654 273.2106647569551
0.049863401322860074 274.5661346173234
0.04986379468213149 275.93179474837154
0.04986418804140291 277.30774844462235
0.04986458140067433 278.69410032384883
0.04986497475994575 280.09095634763605
0.04986536811921717 281.4984238423177
0.04986576147848859 282.9166115202979
0.04986615483776001 284.34562950176735
0.04986654819703143 285.78558933681813
0.04986694155630285 287.23660402797043
0.04986733491557427 288.69878805311464
0.04986772827484569 290.1722573888851
0.04986812163411711 291.6571295344655
0.04986851499338853 293.15352353584376
0.049868908352659946 294.66156001052195
0.049869301711931366 296.1813611726899
0.049869695071202785 297.71305085887684
0.049870088430474205 299.256754554087
0.049870481789745624 300.8125994184338
0.049870875149017044 302.3807143142791
0.04987126850828846 303.9612298338925
0.04987166186755988 305.55427832764224
0.0498720552268313 307.15999393272523
0.04987244858610272 308.77851260245325
0.04987284194537414 310.4099721361026
0.04987323530464556 312.0545122093471
0.04987362866391698 313.7122744052775
0.0498740220231884 315.38340224602985
0.04987441538245982 317.06804122503263
0.04987480874173124 318.76633883988427
0.04987520210100266 320.47844462588
0.04987559546027408 322.2045101901981
0.0498759888195455 323.944689246767
0.049876382178816916 325.6991376518213
0.049876775538088336 327.4680134401664
0.049877168897359755 329.25147686216917
0.049877562256631175 331.04969042149025
0.049877955615902594 332.86281891357316
0.049878348975174014 334.6910294649101
0.04987874233444543 336.5344915731026
0.04987913569371685 338.3933771477351
0.04987952905298827 340.26786055207924
0.04987992241225969 342.1581186456498
0.04988031577153111 344.0643308276336
0.04988070913080253 345.98667908120933
0.04988110249007395 347.9253480187798
0.04988149584934537 349.8805249281421
0.04988188920861679 351.8523998196122
0.04988228256788821 353.84116547413157
0.04988267592715963 355.847017492378
0.04988306928643105 357.8701543449033
0.04988346264570247 359.9107774233262
0.04988385600497389 361.9690910926005
0.049884249364245306 364.0453027443923
0.049884642723516726 366.13962285158664
0.049885036082788145 368.2522650239555
0.049885429442059565 370.3834460650104
0.049885822801330984 372.5333860300791
0.049886216160602403 374.70230828562273
0.04988660951987382 376.8904395698389
0.04988700287914524 379.0980100545693
0.04988739623841666 381.3252534085552
0.04988778959768808 383.5724068620673
0.0498881829569595 385.83971127295024
0.04988857631623092 388.1274111941126
0.04988896967550234 390.4357549425014
0.04988936303477376 392.7649946695999
0.04988975639404518 395.11538643348615
0.0498901497533166 397.48719027249115
0.04989054311258802 399.88067028050136
0.04989093647185944 402.2960946839431
0.04989132983113086 404.73373592049893
0.049891723190402276 407.1938707195925
0.049892116549673696 409.6767801846968
0.049892509908945115 412.1827498775061
0.049892903268216535 414.7120699040263
0.049893296627487954 417.26503500263107
0.049893689986759374 419.84194463413405
0.04989408334603079 422.44310307393755
0.04989447670530221 425.0688195063051
0.04989487006457363 427.71940812081755
0.04989526342384505 430.39518821107583
0.04989565678311647 433.0964842757028
0.04989605014238789 435.82362612171096
0.04989644350165931 438.57694897030296
0.04989683686093073 441.35679356516175
0.04989723022020215 444.16350628331224
0.04989762357947357 446.9974392486091
0.04989801693874499 449.85895044793676
0.04989841029801641 452.74840385019036
0.04989880365728783 455.66616952810955
0.049899197016559246 458.6126237830597
0.049899590375830666 461.58814927282447
0.049899983735102085 464.59313514251096
0.049900377094373505 467.6279771586402
0.049900770453644924 470.6930778465256
0.049901163812916344 473.7888466310246
0.04990155717218776 476.9156999807634
0.04990195053145918 480.0740615559305
0.0499023438907306 483.26436235974893
0.04990273725000202 486.4870408937211
0.04990313060927344 489.7425433167698
0.04990352396854486 493.0313236083754
0.04990391732781628 496.35384373583315
0.0499043106870877 499.7105738257535
0.04990470404635912 503.101992339919
0.04990509740563054 506.5285862556402
0.04990549076490196 509.9908512507345
0.04990588412417338 513.4892918932658
0.0499062774834448 517.0244218361944
0.049906670842716216 520.5967640170762
0.049907064201987636 524.2068508629673
0.049907457561259055 527.8552245006931
0.049907850920530475 531.5424369726363
0.049908244279801894 535.2690504582264
0.049908637639073314 539.03563750129
0.04990903099834473 542.8427812434535
0.04990942435761615 546.691075663778
0.04990981771688757 550.5811258248239
0.04991021107615899 554.5135481253443
0.04991060443543041 558.4889705598114
0.04991099779470183 562.5080329849952
0.04991139115397325 566.5713873938142
0.04991178451324467 570.6796981966899
0.04991217787251609 574.83364251064
0.04991257123178751 579.0339104563652
0.04991296459105893 583.2812054635764
0.04991335795033035 587.5762445848362
0.04991355462996606 589.7418577452418
0.04991375130960177 591.9196810425656
0.04991394798923748 594.109808076522
0.04991414466887319 596.3123333603054
0.049914341348508896 598.527352331474
0.049914538028144606 600.7549613629834
0.049914734707780316 602.9952577743788
0.049914931387416026 605.2483398431465
0.049915128067051735 607.5143068162245
0.049915324746687445 609.7932589216776
0.049915521426323155 612.0852973805413
0.049915718105958864 614.3905244188321
0.049915914785594574 616.709043279732
0.049916111465230284 619.0409582359483
0.049916308144865994 621.3863746022475
0.0499165048245017 623.7453987481783
0.04991670150413741 626.118138110969
0.04991689818377312 628.5047012086196
0.04991709486340883 630.9051976531791
0.04991729154304454 633.3197381642204
0.04991748822268025 635.7484345825079
0.04991768490231596 638.1913998838677
0.04991788158195167 640.648748193262
0.04991807826158738 643.1205947990666
0.04991827494122309 645.6070561675633
0.0499184716208588 648.1082499576436
0.04991866830049451 650.62429503573
0.04991886498013022 653.1553114909219
0.04991906165976593 655.7014206503613
0.04991925833940164 658.2627450948324
0.04991945501903735 660.8394086745941
0.04991965169867306 663.4315365254446
0.04991984837830877 666.0392550850339
0.04992004505794448 668.6626921094178
0.04992024173758019 671.3019766898618
0.0499204384172159 673.9572392699014
0.04992063509685161 676.6286116626571
0.04992083177648732 679.3162270684179
0.04992102845612303 682.0202200924873
0.04992122513575874 684.7407267633048
0.04992142181539445 687.4778845508444
0.04992161849503016 690.2318323852942
0.049921815174665866 693.0027106760244
0.049922011854301576 695.7906613308483
0.049922208533937286 698.5958277755774
0.049922405213572996 701.418354973885
0.049922601893208705 704.2583894474739
0.049922798572844415 707.1160792965586
0.049922995252480125 709.9915742206706
0.049923191932115835 712.8850255397834
0.049923388611751544 715.7965862157753
0.049923585291387254 718.7264108742236
0.049923781971022964 721.6746558265463
0.049923978650658674 724.6414790924932
0.04992417533029438 727.6270404229906
0.04992437200993009 730.6315013233532
0.0499245686895658 733.6550250768594
0.04992476536920151 736.6977767687106
0.04992496204883722 739.7599233103674
0.04992515872847293 742.8416334642791
0.04992535540810864 745.9430778690096
0.04992555208774435 749.0644290647699
0.04992574876738006 752.2058615193625
0.04992594544701577 755.3675516545479
0.04992614212665148 758.5496778728341
0.04992633880628719 761.7524205847094
0.0499265354859229 764.9759622363179
0.04992673216555861 768.2204873375822
0.04992692884519432 771.4861824907975
0.04992712552483003 774.7732364196904
0.04992732220446574 778.081839998958
0.04992751888410145 781.4121862842951
0.04992771556373716 784.7644705429223
0.04992791224337287 788.1388902846204
0.04992810892300858 791.535645293281
0.04992830560264429 794.9549376589855
0.04992850228228 798.3969718106248
0.04992869896191571 801.8619545490617
0.04992889564155142 805.350095080858
0.04992909232118713 808.8616050525684
0.04992928900082284 812.3966985856162
0.049929485680458546 815.9555923117593
0.049929682360094256 819.538505409168
0.049929879039729966 823.1456596391099
0.049930075719365676 826.7772793832685
0.049930272399001385 830.4335916817038
0.049930469078637095 834.1148262714605
0.049930665758272805 837.8212156258521
0.049930862437908514 841.5529949944189
0.049931059117544224 845.3104024435804
0.049931255797179934 849.093678897998
0.049931452476815644 852.9030681826598
0.04993164915645135 856.7388170657023
0.04993184583608706 860.6011753019827
0.04993204251572277 864.4903956774192
0.04993223919535848 868.4067340541155
0.04993243587499419 872.3504494162844
0.0499326325546299 876.3218039169869
0.04993282923426561 880.3210629257007
0.04993302591390132 884.3484950767447
0.04993322259353703 888.4043723185648
0.04993341927317274 892.4889699639093
0.04993361595280845 896.6025667409058
0.04993381263244416 900.7454448450621
0.04993400931207987 904.9178899922115
0.04993420599171558 909.1201914724138
0.04993440267135129 913.3526422048478
0.049934599350987 917.615538793699
0.04993479603062271 921.9091815850759
0.04993499271025842 926.233874724976
0.04993518938989413 930.5899262183109
0.04993538606952984 934.9776479890354
0.04993558274916555 939.3973559413837
0.04993577942880126 943.8493700222464
0.04993597610843697 948.3340142847121
0.04993617278807268 952.8516169528032
0.04993636946770839 957.4025104874181
0.0499365661473441 961.9870316535219
0.04993676282697981 966.6055215886022
0.049936959506615516 971.2583258724278
0.049937156186251226 975.9457945981244
0.049937352865886936 980.6682824446123
0.049937549545522646 985.4261487504243
0.049937746225158355 990.2197575889438
0.049937942904794065 995.0494778450857
0.049938139584429775 999.9156832934598
0.049938336264065485 1004.8187526780487
0.049938532943701194 1009.7590697934265
0.049938729623336904 1014.7370235675678
0.049938926302972614 1019.7530081462671
0.049939122982608324 1024.8074229792185
0.04993931966224403 1029.9006729077867
0.04993951634187974 1035.033168254506
0.04993971302151545 1040.2053249143544
0.04993990970115116 1045.417564447836
0.04994010638078687 1050.6703141759222
0.04994030306042258 1055.964007276883
0.04994049974005829 1061.2990828850634
0.049940696419694 1066.6759861916469
0.04994089309932971 1072.095168547448
0.04994108977896542 1077.5570875677877
0.04994128645860113 1083.0622072394974
0.04994148313823684 1088.6109980301019
0.04994167981787255 1094.2039369992374
0.04994187649750826 1099.841507912351
0.04994207317714397 1105.5242013567383
0.04994226985677968 1111.2525148599807
0.04994246653641539 1117.0269530108317
0.0499426632160511 1122.8480275826175
0.04994285989568681 1128.7162576592118
0.04994305657532252 1134.6321697636415
0.04994325325495823 1140.5962979893961
0.04994344993459394 1146.6091841345026
0.04994364661422965 1152.6713778384317
0.04994384329386536 1158.7834367219089
0.04994403997350107 1164.945926529706
0.04994423665313678 1171.1594212764674
0.04994443333277249 1177.424503395679
0.049944630012408196 1183.7417638918275
0.049944826692043906 1190.1118024958491
0.049945023371679616 1196.5352278239397
0.049945220051315325 1203.0126575398208
0.049945416730951035 1209.544718520539
0.049945613410586745 1216.1320470258993
0.049945810090222455 1222.7752888716116
0.049946006769858164 1229.47509960626
0.049946203449493874 1236.2321446921842
0.049946400129129584 1243.0470996903734
0.049946596808765294 1249.920650449482
0.049946793488401 1256.853493299071
0.04994699016803671 1263.8463352471854
0.04994718684767242 1270.8998941823786
0.04994738352730813 1278.0148990803095
0.04994758020694384 1285.1920902150202
0.04994777688657955 1292.4322193750274
0.04994797356621526 1299.7360500843554
0.04994817024585097 1307.1043578286324
0.04994836692548668 1314.5379302864008
0.04994856360512239 1322.0375675657695
0.0499487602847581 1329.6040824465547
0.04994895696439381 1337.238300628065
0.04994915364402952 1344.9410609826712
0.04994935032366523 1352.7132158153363
0.04994954700330094 1360.5556311292457
0.04994974368293665 1368.469186897728
0.04994994036257236 1376.4547773426298
0.04995013704220807 1384.5133112193153
0.04995033372184378 1392.6457121084923
0.04995053040147949 1400.852918715044
0.0499507270811152 1409.1358851740597
0.04995092376075091 1417.4955813642807
0.04995112044038662 1425.932993229156
0.04995131712002233 1434.4491231057368
0.04995151379965804 1443.044990061618
0.04995171047929375 1451.7216302401732
0.04995190715892946 1460.4800972143103
0.049952103838565166 1469.321462348995
0.049952300518200876 1478.2468151728042
0.049952497197836586 1487.257263758753
0.049952693877472296 1496.353935114691
0.049952890557108005 1505.537975583529
0.049953087236743715 1514.8105512535915
0.049953283916379425 1524.172848379394
0.049953480596015135 1533.626073813159
0.049953677275650844 1543.1714554473845
0.049953873955286554 1552.8102426687938
0.049954070634922264 1562.5437068240233
0.049954267314557974 1572.373141697378
0.04995446399419368 1582.2998640010453
0.04995466067382939 1592.325213878132
0.0499548573534651 1602.4505554189184
0.04995505403310081 1612.6772771907376
0.04995525071273652 1623.0067927819066
0.04995544739237223 1633.4405413601203
0.04995564407200794 1643.9799882457946
0.04995584075164365 1654.6266255007972
0.04995603743127936 1665.3819725330557
0.04995623411091507 1676.2475767175495
0.04995643079055078 1687.2250140342053
0.04995662747018649 1698.3158897232245
0.0499568241498222 1709.5218389584002
0.04995702082945791 1720.8445275390181
0.04995721750909362 1732.2856526009177
0.04995741418872933 1743.846943347348
0.04995761086836504 1755.5301618002613
0.04995780754800075 1767.3371035727057
0.04995800422763646 1779.2695986630195
0.04995820090727217 1791.3295122715397
0.04995839758690788 1803.5187456405693
0.04995859426654359 1815.8392369183907
0.0499587909461793 1828.2929620481111
0.04995898762581501 1840.881935682196
0.04995918430545072 1853.6082121235354
0.04995938098508643 1866.473886293967
0.049959577664722137 1879.4810947311787
0.049959774344357846 1892.632016614961
0.049959971023993556 1905.9288748238362
0.049960167703629266 1919.3739370230965
0.049960364383264975 1932.9695167853624
0.049960561062900685 1946.7179747447792
0.049960757742536395 1960.621719786052
0.049960954422172105 1974.683210269533
0.049961151101807814 1988.9049552936576
0.049961347781443524 2003.289515996045
0.049961544461079234 2017.8395068946568
0.049961741140714944 2032.5575972704635
0.04996193782035065 2047.4465125931104
0.04996213449998636 2062.5090359911565
0.04996233117962207 2077.7480097685084
0.04996252785925778 2093.1663369687712
0.04996272453889349 2108.766982989252
0.0499629212185292 2124.552977246498
0.04996311789816491 2140.527414895273
0.04996331457780062 2156.6934586029874
0.04996351125743633 2173.0543403816737
0.04996370793707204 2189.6133634797015
0.04996390461670775 2206.373904335501
0.04996410129634346 2223.33941459568
0.04996429797597917 2240.5134232000287
0.04996449465561488 2257.899538535994
0.04996469133525059 2275.501450665348
0.0499648880148863 2293.322933625873
0.04996508469452201 2311.367847811037
0.04996528137415772 2329.6401424307414
0.04996547805379343 2348.1438580563836
0.04996557639361128 2357.483748957088
0.04996567473342913 2366.8830521668056
0.04996577307324698 2376.3422996343943
0.049965871413064834 2385.86202952898
0.049965969752882686 2395.4427863303254
0.04996606809270054 2405.085120920784
0.04996616643251839 2414.789590678861
0.04996626477233624 2424.5567595744064
0.04996636311215409 2434.3871982654955
0.04996646145197194 2444.2814841969985
0.049966559791789794 2454.2402017009144
0.049966658131607646 2464.2639420984633
0.0499667564714255 2474.3533038040105
0.04996685481124335 2484.508892430834
0.0499669531510612 2494.7313208987907
0.04996705149087905 2505.021209543909
0.0499671498306969 2515.3791862299586
0.049967248170514754 2525.8058864620316
0.049967346510332605 2536.301953502178
0.04996744485015046 2546.8680384871477
0.04996754318996831 2557.5048005482668
0.04996764152978616 2568.212906933514
0.04996773986960401 2578.9930331318274
0.04996783820942186 2589.8458629996953
0.049967936549239714 2600.7720888900885
0.049968034889057565 2611.7724117837693
0.049968133228875417 2622.8475414230343
0.04996823156869327 2633.998196447954
0.04996832990851112 2645.2251045351495
0.04996842824832897 2656.5290025391673
0.04996852658814682 2667.910636636512
0.049968624927964674 2679.3707624723834
0.049968723267782525 2690.9101453102026
0.049968821607600376 2702.529560183953
0.04996891994741823 2714.229792053435
0.04996901828723608 2726.0116359624712
0.04996911662705393 2737.8758972001438
0.04996921496687178 2749.823391465125
0.04996931330668963 2761.8549450331748
0.049969411646507485 2773.971394927872
0.049969509986325336 2786.1735890946547
0.04996960832614319 2798.4623865782432
0.04996970666596104 2810.838657703532
0.04996980500577889 2823.3032842600096
0.04996990334559674 2835.8571596898028
0.04997000168541459 2848.501189279437
0.049970100025232445 2861.236290355362
0.049970198365050296 2874.0633924833837
0.04997029670486815 2886.9834376720346
0.049970395044686 2899.997380580022
0.04997049338450385 2913.1061887278215
0.0499705917243217 2926.3108427135285
0.04997069006413955 2939.6123364330533
0.049970788403957404 2953.0116773047675
0.049970886743775256 2966.5098864987267
0.04997098508359311 2980.1079991705346
0.04997108342341096 2993.8070647000072
0.04997118176322881 3007.608146934719
0.04997128010304666 3021.5123244385613
0.04997137844286451 3035.5206907454267
0.049971476782682364 3049.6343546181542
0.049971575122500216 3063.8544403128544
0.04997167346231807 3078.182087848743
0.04997177180213592 3092.6184532836232
0.04997187014195377 3107.1647089951566
0.04997196848177162 3121.8220439680526
0.04997206682158947 3136.591664087341
0.049972165161407324 3151.474792437863
0.049972263501225175 3166.472669610135
0.04997236184104303 3181.5865540127675
0.04997246018086088 3196.8177221915544
0.04997255852067873 3212.1674691554626
0.04997265686049658 3227.637108709643
0.04997275520031443 3243.227973795667
0.049972853540132284 3258.9414168391654
0.049972951879950135 3274.7788101050546
0.04997305021976799 3290.7415460605607
0.04997314855958584 3306.83103774621
0.04997324689940369 3323.0487191550174
0.04997334523922154 3339.3960456200903
0.04997344357903939 3355.874494210824
0.049973541918857244 3372.4855641379663
0.049973640258675095 3389.2307771677433
0.049973738598492946 3406.111678045306
0.0499738369383108 3423.1298349277267
0.04997393527812865 3440.28683982681
0.0499740336179465 3457.584309061982
0.04997413195776435 3475.023883723501
0.0499742302975822 3492.6072301463
0.049974328637400055 3510.336040394721
0.049974426977217906 3528.2120327584407
0.04997452531703576 3546.236952259898
0.04997462365685361 3564.412571173524
0.04997472199667146 3582.7406895571057
0.04997482033648931 3601.2231357956043
0.04997491867630716 3619.861767157785
0.049975017016125015 3638.6584703659937
0.049975115355942866 3657.615162179464
0.04997521369576072 3676.7337899915083
0.04997531203557857 3696.0163324409964
0.04997541037539642 3715.4648000385273
0.04997550871521427 3735.0812358076764
0.04997560705503212 3754.867715941782
0.049975705394849974 3774.8263504766896
0.049975803734667826 3794.9592839798997
0.04997590207448568 3815.268696256625
0.04997600041430353 3835.75680307319
0.04997609875412138 3856.4258568983205
0.04997619709393923 3877.278147662807
0.04997629543375708 3898.3160035381034
0.049976393773574934 3919.5417917343775
0.049976492113392786 3940.9579193186255
0.04997659045321064 3962.566834053402
0.04997668879302849 3984.3710252568035
0.04997678713284634 4006.3730246843165
0.04997688547266419 4028.5754074331953
0.04997698381248204 4050.980792870025
0.049977082152299894 4073.5918455821993
0.049977180492117745 4096.411276353984
0.0499772788319356 4119.441843167972
0.04997737717175345 4142.686352232648
0.0499774755115713 4166.1476590368875
0.04997757385138915 4189.828669432232
0.049977672191207 4213.732340743757
0.049977770531024854 4237.861682910446
0.049977868870842705 4262.219759655985
0.04997796721066056 4286.809689690929
0.04997806555047841 4311.634647947212
0.04997816389029626 4336.697866846037
0.04997826223011411 4362.002637600194
0.04997836056993196 4387.552311551901
0.049978458909749814 4413.350301547308
0.049978557249567665 4439.400083348843
0.049978655589385516 4465.705197086606
0.04997875392920337 4492.2692487500935
0.04997885226902122 4519.095911721563
0.04997895060883907 4546.188928352387
0.04997904894865692 4573.5521115838255
0.04997914728847477 4601.18934661367
0.049979245628292625 4629.104592610298
0.049979343968110476 4657.301884475688
0.04997944230792833 4685.785334659081
0.04997954064774618 4714.559135022928
0.04997963898756403 4743.627558762966
0.04997973732738188 4772.994962384206
0.04997983566719973 4802.665787734753
0.049979934007017585 4832.64456409947
0.049980032346835436 4862.935910355505
0.04998013068665329 4893.544537191873
0.04998022902647114 4924.475249395274
0.04998032736628899 4955.732948204506
0.04998042570610684 4987.3226337358665
0.04998052404592469 5019.249407482044
0.049980622385742544 5051.518474887129
0.049980720725560396 5084.135148000464
0.04998081906537825 5117.104848212124
0.0499809174051961 5150.43310907303
0.04998101574501395 5184.125579202719
0.0499811140848318 5218.188025287984
0.04998121242464965 5252.626335175715
0.049981310764467504 5287.446521063411
0.049981409104285356 5322.6547227909605
0.04998150744410321 5358.257211237499
0.04998160578392106 5394.260391827232
0.04998170412373891 5430.670808148359
0.04998180246355676 5467.495145689358
0.04998190080337461 5504.7402356971
0.049981999143192464 5542.413059161443
0.049982097483010315 5580.520750931207
0.04998219582282817 5619.0706039665365
0.04998229416264602 5658.070073733043
0.04998239250246387 5697.526782743191
0.04998249084228172 5737.448525250771
0.04998258918209957 5777.843272104492
0.049982687521917424 5818.719175767006
0.049982785861735275 5860.084575506017
0.04998288420155313 5901.948002764357
0.04998298254137098 5944.3181867162975
0.04998308088118883 5987.204060017659
0.04998317922100668 6030.614764757649
0.04998327756082453 6074.559658620748
0.049983375900642384 6119.048321267324
0.049983474240460235 6164.090560942098
0.049983572580278086 6209.696421319994
0.04998367092009594 6255.876188599412
0.04998376925991379 6302.640398853382
0.04998386759973164 6349.999845649626
0.04998396593954949 6397.965587951063
0.04998406427936734 6446.548958308879
0.049984162619185195 6495.761571360874
0.049984260959003046 6545.61533264844
0.0499843592988209 6596.12244776619
0.04998445763863875 6647.295431858977
0.0499845559784566 6699.147119481791
0.04998465431827445 6751.690674838797
0.0499847526580923 6804.939602418645
0.049984850997910155 6858.907758044064
0.049984949337728006 6913.609360354665
0.04998504767754586 6969.059002742925
0.04998514601736371 7025.271665764345
0.04998524435718156 7082.262730043883
0.04998534269699941 7140.047989702006
0.04998544103681726 7198.6436663249015
0.049985539376635114 7258.066423504773
0.049985637716452966 7318.333381977524
0.04998573605627082 7379.462135386672
0.04998583439608867 7441.470766703935
0.04998593273590652 7504.377865338596
0.04998603107572437 7568.202544969625
0.04998612941554222 7632.964462136399
0.049986227755360074 7698.68383562595
0.049986326095177926 7765.3814666968465
0.04998642443499578 7833.078760182101
0.04998652277481363 7901.797746516071
0.04998662111463148 7971.5611047327975
0.04998671945444933 8042.392186486239
0.04998681779426718 8114.31504114568
0.049986916134085034 8187.354442022926
0.049987014473902885 8261.535913791286
0.04998711281372074 8336.885761159978
0.04998721115353859 8413.431098871553
0.04998730949335644 8491.19988309409
0.04998740783317429 8570.220944284441
0.04998750617299214 8650.524021603514
0.049987604512809994 8732.139798969876
0.049987702852627845 8815.0999428433
0.0499878011924457 8899.43714183593
0.04998789953226355 8985.185148255041
0.0499879978720814 9072.37882168812
0.04998809621189925 9161.054174748464
0.0499881945517171 9251.248421107191
0.049988292891534954 9343.000025946152
0.049988391231352805 9436.348758975299
0.049988489571170656 9531.335750167864
0.04998858791098851 9628.003548377277
0.04998868625080636 9726.396183011206
0.04998878459062421 9826.559228950295
0.04998888293044206 9928.539874912585
0.04998898127025991 10032.386995478826
0.049989079610077765 10138.151227009486
0.049989177949895616 10245.88504770097
0.04998927628971347 10355.642862046809
0.04998937462953132 10467.481089989129
0.04998947296934917 10581.458261067184
0.04998957130916702 10697.63511389272
0.04998966964898487 10816.074701307234
0.049989767988802725 10936.842501603245
0.049989866328620576 11060.006536221681
0.04998996466843843 11185.637494369463
0.04999006300825628 11313.80886503677
0.04999016134807413 11444.597076931681
0.04999025968789198 11578.081646891751
0.04999035802770983 11714.345337377734
0.049990456367527684 11853.474323704511
0.049990554707345536 11995.558371718922
0.04999065304716339 12140.691026693878
0.04999075138698124 12288.969814273543
0.04999084972679909 12440.4964543763
0.04999094806661694 12595.377089040745
0.04999104640643479 12753.7225252869
0.049991144746252644 12915.64849415968
0.049991243086070496 13081.275927226849
0.04999134142588835 13250.731251919051
0.0499914397657062 13424.146707227164
0.04999153810552405 13601.66068141305
0.0499916364453419 13783.418073545534
0.04999173478515975 13969.570680845964
0.049991833124977604 14160.277614018789
0.049991931464795455 14355.705742954755
0.04999202980461331 14556.030175429985
0.04999212814443116 14761.434771686352
0.04999222648424901 14972.112698070585
0.04999232482406686 15188.267023235305
0.04999242316388471 15410.111360768773
0.049992521503702564 15637.870562527158
0.049992619843520415 15871.781467398385
0.04999271818333827 16112.093710737881
0.04999281652315612 16359.070600290235
0.04999291486297397 16612.99006505642
0.04999301320279182 16874.14568429356
0.04999311154260967 17142.84780465516
0.049993209882427524 17419.424754407308
0.049993308222245375 17704.224164707117
0.049993406562063226 17997.61440912101
0.04999350490188108 18299.986173914454
0.04999360324169893 18611.75417318591
0.04999370158151678 18933.35902467571
0.04999379992133463 19265.269304088986
0.049993898261152483 19607.983798072237
0.049993996600970335 19962.033978621952
0.049994094940788186 20327.986724738817
0.04999419328060604 20706.447320637853
0.04999429162042389 21098.062763864895
0.04999438996024174 21503.525421346232
0.04999448830005959 21923.57707682627
0.04999458663987744 22359.013419463256
0.049994684979695295 22810.689030720026
0.049994783319513146 23279.522935303277
0.049994881659331 23766.504792011874
0.04999497999914885 24272.701812243005
0.0499950783389667 24799.26650793167
0.04999517667878455 25347.44538729924
0.0499952750186024 25918.588736496713
0.049995373358420254 26514.161648708254
0.049995471698238106 27135.756490350308
0.04999557003805596 27785.107027678772
0.04999566837787381 28464.104477675246
0.04999576671769166 29174.815796121537
0.04999586505750951 29919.50457530599
0.04999596339732736 30700.654996393096
0.049996061737145214 31520.999370388585
0.049996160076963066 32383.549911023354
0.04999625841678092 33291.635518147465
0.04999635675659877 34248.94451835321
0.04999645509641662 35259.57451965143
0.04999655343623447 36328.0908010838
0.04999665177605232 37459.59499201276
0.049996750115870174 38659.806220611616
0.049996848455688025 39935.157455150205
0.04999694679550588 41292.910463460175
0.04999704513532373 42741.293727955504
0.04999714347514158 44289.66884814555
0.04999724181495943 45948.73254045501
0.04999734015477728 47730.7634480781
0.049997438494595134 49649.92580311144
0.049997536834412985 51722.64582942207
0.049997586004321914 52822.45502592423
0.049997635174230844 53968.08198681238
0.04999768434413977 55162.44557505809
0.0499977335140487 56408.717945615565
0.04999778268395763 57710.35262970264
0.04999783185386656 59071.116440507256
0.04999788102377549 60495.125821041205
0.04999793019368442 61986.88837282826
0.04999797936359335 63551.35044791529
0.04999802853350228 65193.95186277406
0.049998077703411206 66920.68900927654
0.049998126873320135 68738.18790571616
0.049998176043229065 70653.78906360932
0.049998225213137994 72675.6464617446
0.04999827438304692 74812.8434412926
0.04999832355295585 77075.52899602057
0.04999837272286478 79475.07877142899
0.04999842189277371 82024.28616189232
0.04999847106268264 84737.59028136762
0.04999852023259157 87631.34938435002
0.0499985694025005 90724.17067201038
0.04999861857240943 94037.31053215655
0.049998667742318356 97595.16340962649
0.049998716912227285 101425.86308230205
0.049998766082136215 105562.02769719415
0.049998815252045144 110041.69033133793
0.04999886442195407 114909.47130935785
0.049998913591863 120218.06886961238
0.04999896276177193 126030.17381732649
0.04999901193168086 132420.95585876034
0.04999906110158979 139481.33118811002
0.04999911027149872 147322.31355290854
0.04999915944140765 156080.89245739012
0.04999920861131658 165928.1026839529
0.049999257781225506 177080.30131339992
0.049999306951134435 189815.2451864114
0.049999356121043365 204495.5349109332
0.049999405290952294 221603.6888225245
0.04999945446086122 241796.1844208792
0.04999950363077015 265989.6195956373
0.04999955280067908 295503.7148100633
0.04999960197058801 332310.30852245336
0.04999965114049694 379492.9201641713
0.04999970031040587 442158.7146068157
0.0499997494803148 529424.423187186
0.04999979865022373 659312.0535905515
0.049999847820132656 873135.5375288355
0.049999896990041585 1291090.5883026277
0.049999946159950515 2472452.179607385
0.049999995329859444 28529961.546937402
0.05000004449976837 2996895.082618717
0.0500000936696773 1425045.665675826
0.05000014283958623 935358.5138089544
0.05000019200949516 696471.3065759265
0.05000024117940409 554990.2215267732
0.05000029034931302 461428.83247691684
0.05000033951922195 394967.63884747087
0.05000038868913088 345321.964593386
0.050000437859039806 306826.85407377605
0.050000487028948735 276105.06250566954
0.050000536198857665 251018.13043078242
0.050000585368766594 230146.10517426423
0.05000063453867552 212509.15818287487
0.05000068370858445 197409.32415575496
