0 0.0
0.0004027998939328378 1.0778022193402848e-05
0.0008055997878656756 2.11800610165902e-05
0.0012083996817985135 3.118817301794863e-05
0.0016111995757313513 4.078310364530324e-05
0.0020139994696641893 4.994421878867783e-05
0.0024167993635970273 5.864943028655034e-05
0.0028195992575298654 6.687511506253685e-05
0.0032223991514627034 7.459602756787476e-05
0.0036251990453955414 8.178520505586206e-05
0.0040279989393283795 8.841386527658202e-05
0.0044307988332612175 9.445129602436708e-05
0.0048335987271940556 9.986473599221668e-05
0.005236398621126894 0.00010461924625726482
0.005639198515059732 0.000108677571721838
0.00604199840899257 0.00011199999169786423
0.006444798302925408 0.00011454415881573254
0.006847598196858246 0.00011626492526906063
0.007250398090791084 0.00011711415542237091
0.007653197984723922 0.00011704052356531491
0.008055997878656759 0.00011598929566947191
0.008458797772589597 0.0001139020936822277
0.008861597666522435 0.00011071664090467337
0.009264397560455273 0.000106366486834375
0.009667197454388111 0.00010078070951458074
0.01006999734832095 9.388359367523691e-05
0.010472797242253787 8.559428194310215e-05
0.010875597136186625 7.58263976421425e-05
0.011278397030119463 6.448763477262531e-05
0.011681196924052301 5.147931535809391e-05
0.01208399681798514 3.669590523758259e-05
0.012486796711917977 2.0024494854720132e-05
0.012889596605850815 1.3442227282389752e-06
0.013292396499783653 1.9474329568947013e-05
0.013695196393716491 4.256983679340465e-05
0.01409799628764933 6.809091619119911e-05
0.014500796181582168 9.619701872409792e-05
0.014903596075515006 0.00012705912839727773
0.015306395969447844 0.0001608610556811385
0.01570919586338068 0.00019779981066658792
0.016111995757313518 0.00023808808807723736
0.016514795651246354 0.0002819527822111034
0.01691759554517919 0.0003296420152034685
0.017320395439112027 0.00038141475180974993
0.017723195333044863 0.0004375678484480616
0.0181259952269777 0.0004983827203268731
0.018528795120910536 0.0005642491271649064
0.018931595014843372 0.0006353938467276166
0.01933439490877621 0.0007125081061278848
0.019737194802709045 0.0007952971636333572
0.02013999469664188 0.0008859216022454319
0.020542794590574717 0.0009807191005632987
0.020945594484507554 0.0010905161621943549
0.02134839437844039 0.001189921050749554
0.021751194272373226 0.001346299329606282
0.022153994166306062 0.0013856492895882866
0.0225567940602389 0.001774570750020743
0.022959593954171735 0.0012479289750100264
0.023160993901138155 0.0022851300901578497
0.023362393848104575 0.0014543472063639484
0.023563793795070995 0.00239677365492863
0.023765193742037415 0.0016393145533930564
0.023966593689003834 0.002545091398350685
0.024167993635970254 0.0018084768321378064
0.024369393582936674 0.0027283746389095143
0.024570793529903094 0.001962788789890979
0.024772193476869514 0.0029495673253725485
0.024973593423835934 0.002098511143670656
0.025174993370802354 0.003216999425863065
0.025376393317768774 0.0022056914029349173
0.025577793264735194 0.003546900972714262
0.025779193211701613 0.0022643987673767185
0.025980593158668033 0.003968908284496919
0.026081293132151243 0.0030975491451927795
0.026181993105634453 0.0032354460679595576
0.026282693079117663 0.00328492852498119
0.026383393052600873 0.0033434951353044084
0.026484093026084083 0.0034020803391756615
0.026584792999567293 0.003461588171299823
0.026685492973050503 0.0035219448484244964
0.026786192946533713 0.003583177563174722
0.026886892920016923 0.003645303100115349
0.026987592893500133 0.0037083398789983235
0.027088292866983343 0.0037723066069146327
0.027188992840466553 0.0038372224493397056
0.027289692813949763 0.003903107022400931
0.027390392787432973 0.003969980407863893
0.027491092760916182 0.004037863165855526
0.027591792734399392 0.004106776348537622
0.027692492707882602 0.004176741514255511
0.027793192681365812 0.004247780742213436
0.027893892654849022 0.004319916647706812
0.027994592628332232 0.004393172397899825
0.028095292601815442 0.004467571728135944
0.028195992575298652 0.004543138958855053
0.028296692548781862 0.004619899013073692
0.028397392522265072 0.004697877434484354
0.028498092495748282 0.004777100406182733
0.028598792469231492 0.004857594770057538
0.028699492442714702 0.004939388046828697
0.02880019241619791 0.005022508456822727
0.02890089238968112 0.005106984941446235
0.02900159236316433 0.005192847185440108
0.02910229233664754 0.005280125639898436
0.02920299231013075 0.005368851546126763
0.02930369228361396 0.005459056960340547
0.02940439225709717 0.005550774779247369
0.02950509223058038 0.005644038766562609
0.02960579220406359 0.005738883580459486
0.0297064921775468 0.005835344802063602
0.02980719215103001 0.005933458964935134
0.02990789212451322 0.006033263585674575
0.03000859209799643 0.006134797195644026
0.03010929207147964 0.006238099373861772
0.03020999204496285 0.006343210781135866
0.03031069201844606 0.006450173195471365
0.03041139199192927 0.006559029548808937
0.03051209196541248 0.006669823965170352
0.03061279193889569 0.006782601800236598
0.0307134919123789 0.006897409682457223
0.03081419188586211 0.007014295555741512
0.03091489185934532 0.00713330872379192
0.03101559183282853 0.007254499896185429
0.03111629180631174 0.00737792123621972
0.03121699177979495 0.0075036264106822514
0.03131769175327816 0.007631670641562671
0.03141839172676136 0.007762110759824914
0.03151909170024457 0.007895005261342902
0.031619791673727776 0.008030414365063798
0.03172049164721098 0.00816840007353914
0.03182119162069419 0.008309026235904682
0.031921891594177396 0.008452358613444844
0.0320225915676606 0.008598464947848328
0.03212329154114381 0.008747415032266836
0.032223991514627015 0.008899280785369612
0.03232469148811022 0.009054136328439988
0.03242539146159343 0.009212058065756423
0.032526091435076634 0.009373124768345953
0.03262679140855984 0.009537417661320546
0.03272749138204305 0.00970502051490918
0.032828191355526254 0.009876019739463615
0.03292889132900946 0.010050504484522271
0.03302959130249267 0.010228566742209289
0.03313029127597587 0.01041030145516153
0.03323099124945908 0.01059580662920645
0.033331691222942286 0.010785183451019087
0.03343239119642549 0.010978536411048623
0.0335330911699087 0.01117597343193033
0.033633791143391906 0.011377606002703544
0.03373449111687511 0.011583549319126973
0.03383519109035832 0.011793922430376469
0.033935891063841525 0.012008848392545346
0.03403659103732473 0.01222845442914533
0.03413729101080794 0.012452872099183665
0.034237990984291145 0.012682237473004676
0.03433869095777435 0.012916691316515738
0.03443939093125756 0.013156379284081865
0.034540090904740764 0.013401452120650248
0.03464079087822397 0.013652065873582586
0.03474149085170718 0.013908382114740547
0.03484219082519038 0.014170568173364373
0.03494289079867359 0.014438797380368129
0.035043590772156796 0.014713249324680433
0.03514429074564 0.01499411012233054
0.03524499071912321 0.015281572698933488
0.035345690692606416 0.015575837086464261
0.03544639066608962 0.015877110735017297
0.03554709063957283 0.016185608840476817
0.035647790613056035 0.01650155468902348
0.03574849058653924 0.016825180019516495
0.03584919056002245 0.017156725404616324
0.035949890533505655 0.01749644065209921
0.03605059050698886 0.017844585227175358
0.03615129048047207 0.018201428697446786
0.036251990453955274 0.018567251201590196
0.03635269042743848 0.018942343943464834
0.03645339040092169 0.019327009712974075
0.03655409037440489 0.019721563435590284
0.0366547903478881 0.02012633275210618
0.036755490321371306 0.020541658630731874
0.03685619029485451 0.020967896013388554
0.03695689026833772 0.0214054144986342
0.037057590241820926 0.021854599063289015
0.03715829021530413 0.022315850825625816
0.03725899018878734 0.022789587852480864
0.037359690162270545 0.023276246013562485
0.03746039013575375 0.023776279885762364
0.03756109010923696 0.024290163711119916
0.037661790082720165 0.024818392411825485
0.03776249005620337 0.02536148266640481
0.03786319002968658 0.025919974051008765
0.037963890003169784 0.02649443025070397
0.03806458997665299 0.027085440345155476
0.0381652899501362 0.02769362017461674
0.0382659899236194 0.028319613791166987
0.03836668989710261 0.02896409500217345
0.038467389870585816 0.029627769011725036
0.03856808984406902 0.03031137416821217
0.03866878981755223 0.03101568382479769
0.038769489791035436 0.03174150832234268
0.03887018976451864 0.032489697102619175
0.03897088973800185 0.03326114096339161
0.039071589711485055 0.034056774463923745
0.03917228968496826 0.03487757849562456
0.03927298965845147 0.035724583026379264
0.039373689631934675 0.03659887003827045
0.03947438960541788 0.0375015766654645
0.03957508957890109 0.03843389856039181
0.039675789552384294 0.03939709348949627
0.0397764895258675 0.040392485202074724
0.03987718949935071 0.04142146755836329
0.039977889472833913 0.04248550899269965
0.04007858944631712 0.043586157257752944
0.040179289419800326 0.04472504460035687
0.04027998939328353 0.04590389320749644
0.04038068936676674 0.047124521262286834
0.040481389340249946 0.04838884915064767
0.04058208931373315 0.049698906676855614
0.04068278928721636 0.0510568399631417
0.040783489260699565 0.0524649204151153
0.04088418923418277 0.053925551767147084
0.04098488920766598 0.055441282384077084
0.041085589181149185 0.057014810136172045
0.04118628915463239 0.058649003151915124
0.0412869891281156 0.06034689346922484
0.041387689101598804 0.062111724869073015
0.04148838907508201 0.06394689923228825
0.04158908904856522 0.06585612554747122
0.041689789022048424 0.06784316788376366
0.04179048899553163 0.06991241285292205
0.041891188969014836 0.0720677463698749
0.04199188894249804 0.07431499581073453
0.04209258891598125 0.07665673588084587
0.042193288889464456 0.07910376384395335
0.04229398886294766 0.08164954925218026
0.04239468883643087 0.08432844914806381
0.042495388809914075 0.0870809626636202
0.04259608878339728 0.0900717360664558
0.04269678875688049 0.09292552642319762
0.042797488730363695 0.09659768210779163
0.0428478387171053 0.09760306991282164
0.0428981887038469 0.09976929776387422
0.042948538690588504 0.10105810344467159
0.04299888867733011 0.10314080439787787
0.04304923866407171 0.10462914316524774
0.043099588650813314 0.10669838848599511
0.04314993863755492 0.10834213821192051
0.04320028862429652 0.11044011878263404
0.043250638611038124 0.11221592812947634
0.04330098859777973 0.11437038650877795
0.04335133858452133 0.11626616174343951
0.043401688571262934 0.1184973227271584
0.04345203855800454 0.12050721585975666
0.04350238854474614 0.12283159723406811
0.04355273853148774 0.12495316904062648
0.043603088518229347 0.1273859005293545
0.04365343850497095 0.12961829587763773
0.04370378849171255 0.13217480487448086
0.043754138478454156 0.13451727739220587
0.04380448846519576 0.13721489251826213
0.04385483845193736 0.139665178223094
0.043905188438678966 0.14252516029434403
0.04395553842542057 0.14507712675539253
0.04400588841216217 0.14812783547027664
0.044056238398903776 0.15076747963534487
0.04410658838564538 0.15404994676472938
0.04415693837238698 0.1567479555857325
0.044207288359128585 0.16032643102712996
0.04425763834587019 0.16302356908595073
0.04430798833261179 0.16700655402365783
0.044358338319353395 0.16958365665480457
0.044408688306095 0.17416782241703999
0.0444590382928366 0.17638151230165278
0.04448421328620741 0.17914294698981337
0.04450938827957821 0.1808433732116299
0.04453456327294902 0.18275645491752002
0.04455973826631982 0.18466317136878985
0.04458491325969063 0.18660306442853525
0.04461008825306143 0.1885695021667324
0.04463526324643224 0.190564367213085
0.04466043823980304 0.19258794295553017
0.04468561323317385 0.1946408403710045
0.04471078822654465 0.1967236207159324
0.04473596321991546 0.19883687208999845
0.04476113821328626 0.20098119404398318
0.04478631320665707 0.2031572013636378
0.04481148820002787 0.20536552376466943
0.04483666319339868 0.20760680650509045
0.04486183818676948 0.20988171080916374
0.04488701318014029 0.21219091435458282
0.04491218817351109 0.21453511176513373
0.0449373631668819 0.21691501512339073
0.0449625381602527 0.21933135450068875
0.04498771315362351 0.22178487850613848
0.04501288814699431 0.22427635485499664
0.04503806314036512 0.22680657095745005
0.045063238133735924 0.2293763345284674
0.04508841312710673 0.23198647421973462
0.045113588120477534 0.23463784027446266
0.04513876311384834 0.23733130520616896
0.045163938107219144 0.24006776450227463
0.04518911310058995 0.2428481373536826
0.045214288093960754 0.24567336741142398
0.04523946308733156 0.2485444235714951
0.045264638080702364 0.25146230078903997
0.04528981307407317 0.2544280209232994
0.045314988067443975 0.2574426336145237
0.04534016306081478 0.2605072171942666
0.045365338054185585 0.26362287963055664
0.04539051304755639 0.2667907595094192
0.045415688040927195 0.2700120270545021
0.045440863034298 0.27328788518624947
0.045466038027668805 0.27661957062265685
0.04549121302103961 0.280008355023309
0.045516388014410415 0.2834555461786614
0.04554156300778122 0.2869624892467968
0.045566738001152025 0.29053056803957134
0.04559191299452283 0.29416120636054544
0.045617087987893636 0.2978558693972495
0.04564226298126444 0.3016160651699664
0.045667437974635246 0.305443346039997
0.04569261296800605 0.30933931028001993
0.045717787961376856 0.31330560370952654
0.04574296295474766 0.31734392139851053
0.045768137948118466 0.32145600944253516
0.04579331294148927 0.3256436668127485
0.045818487934860076 0.3299087472843638
0.04584366292823088 0.3342531614475561
0.045868837921601686 0.33867887880469993
0.04589401291497249 0.34318792995823344
0.0459191879083433 0.347782408893778
0.0459443629017141 0.3524644753630213
0.04596953789508491 0.35723635737161175
0.04599471288845571 0.3621003537772651
0.04601988788182652 0.3670588370036967
0.04604506287519732 0.37211425587626223
0.04607023786856813 0.37726913858578115
0.04609541286193893 0.3825260957869645
0.04612058785530974 0.3878878238384331
0.04614576284868054 0.3933571081922338
0.04617093784205135 0.398936826939952
0.04619611283542215 0.40462995452470096
0.04622128782879296 0.4104395656269162
0.04624646282216376 0.4163688392342735
0.04627163781553457 0.42242106290492387
0.04629681280890537 0.42859963723502403
0.04632198780227618 0.43490808054193053
0.04634716279564698 0.4413500337745333
0.04637233778901779 0.4479292656639231
0.04639751278238859 0.4546496781274598
0.0464226877757594 0.4615153119410138
0.0464478627691302 0.46853035269416665
0.04647303776250101 0.4756991370450834
0.046498212755871814 0.4830261592920735
0.04652338774924262 0.4905160782803577
0.046548562742613424 0.49817372466372944
0.04657373773598423 0.5060041085420366
0.046598912729355034 0.5140124274969509
0.04662408772272584 0.5222040750495438
0.046649262716096644 0.5305846495657605
0.04667443770946745 0.539159963636358
0.046699612702838254 0.547936053960953
0.04672478769620906 0.556919191766923
0.046749962689579865 0.5661158937968054
0.04677513768295067 0.5755329338993747
0.046800312676321475 0.5851773552632409
0.04682548766969228 0.5950564833332024
0.046850662663063085 0.6051779394536752
0.04687583765643389 0.6155496552862161
0.046901012649804695 0.6261798880514107
0.0469261876431755 0.6370772366495245
0.046951362636546305 0.6482506587185242
0.04697653762991711 0.6597094886913197
0.047001712623287915 0.6714634569208116
0.04702688761665872 0.6835227099440502
0.047052062610029526 0.6958978319649418
0.04707723760340033 0.7085998676385543
0.047102412596771136 0.721640346249039
0.04712758759014194 0.7350313073780654
0.047152762583512746 0.7487853281707615
0.04717793757688355 0.7629155523124425
0.047203112570254356 0.7774357208410265
0.04722828756362516 0.7923602049274194
0.047253462556995966 0.8077040407708225
0.04727863755036677 0.8234829667629882
0.047303812543737576 0.8397134630959329
0.04732898753710838 0.8564127939915096
0.04735416253047919 0.8735990527621169
0.04737933752384999 0.8912912099085446
0.0474045125172208 0.9095091645079023
0.0474296875105916 0.9282737991275738
0.04745486250396241 0.9476070385770399
0.04748003749733321 0.9675319127587443
0.04750521249070402 0.9880726240186704
0.04753038748407482 1.0092546192614336
0.04755556247744563 1.031104667380255
0.04758073747081643 1.053650942203845
0.04760591246418724 1.0769231118039926
0.04763108745755804 1.1009524341030712
0.04765626245092885 1.1257718603010574
0.04768143744429965 1.1514161451931244
0.04770661243767046 1.1779219676815345
0.04773178743104126 1.2053280577943752
0.04775696242441207 1.2336753387537627
0.04778213741778287 1.2630070714517174
0.04780731241115368 1.2933690266426865
0.04783248740452448 1.3248096417511022
0.047845074901209886 1.3409021569245283
0.04785766239789529 1.3572787913653883
0.04787024989458069 1.3739462928669255
0.04788283739126609 1.3909115983376026
0.047895424887951496 1.4081818565102822
0.0479080123846369 1.4257644278115933
0.0479205998813223 1.4436668959096295
0.047933187378007704 1.4618970739103574
0.047945774874693106 1.4804630137877837
0.04795836237137851 1.499373014681261
0.04797094986806391 1.5186356323600734
0.047983537364749314 1.5382596886649509
0.047996124861434716 1.5582542815985363
0.04800871235812012 1.5786287957287044
0.04802129985480552 1.5993929131256124
0.048033887351490924 1.620556624744225
0.048046474848176327 1.6421302423412385
0.04805906234486173 1.6641244109153632
0.04807164984154713 1.6865501217219077
0.048084237338232534 1.709418725876219
0.04809682483491794 1.732741948587318
0.04810941233160334 1.7565319040486003
0.04812199982828874 1.780801111024445
0.048134587324974144 1.8055625091681264
0.04814717482165955 1.8308294761113473
0.04815976231834495 1.8566158453673154
0.04817234981503035 1.8829359250916724
0.048184937311715755 1.9098045177489666
0.04819752480840116 1.9372369407346213
0.04821011230508656 1.9652490480059583
0.04822269980177196 1.9938572527792218
0.048235287298457365 2.0230785513527962
0.04824787479514277 2.0529305481211253
0.04826046229182817 2.0834314818477964
0.04827304978851357 2.114600253270609
0.048285637285198975 2.1464564541163327
0.04829822478188438 2.1790203976083546
0.04831081227856978 2.212313150555005
0.04832339977525518 2.246356567113338
0.048335987271940585 2.2811733243289183
0.04834857476862599 2.3167869595586694
0.04836116226531139 2.353221909892781
0.04837374976199679 2.3905035536967176
0.048386337258682195 2.428658254406969
0.0483989247553676 2.4677134067188007
0.048411512252053 2.507697485318616
0.0484240997487384 2.5486400963201277
0.048436687245423805 2.5905720315797964
0.04844927474210921 2.633525326073766
0.04846186223879461 2.6775333185382095
0.04847444973548001 2.7226307155845006
0.048487037232165416 2.7688536595197633
0.04849962472885082 2.8162398001184528
0.04851221222553622 2.8648283706117326
0.04852479972222162 2.9146602681776557
0.048537387218907026 2.965778139241479
0.04854997471559243 3.018226469916229
0.04856256221227783 3.0720516819400956
0.04857514970896323 3.127302234496341
0.048587737205648636 3.1840287323307166
0.04860032470233404 3.2422840406153597
0.04861291219901944 3.3021234070444336
0.048625499695704844 3.3636045916862827
0.048638087192390246 3.426788005159281
0.048644380940732944 3.4589935372087695
0.04865067468907564 3.49164481473224
0.04865696843741834 3.5247501111254564
0.04866326218576104 3.558317891896465
0.048669555934103735 3.5923568200547322
0.04867584968244643 3.6268757616765157
0.04868214343078913 3.6618837916537075
0.04868843717913183 3.6973901996325225
0.048694730927474526 3.7334044961495323
0.048701024675817224 3.7699364189727618
0.04870731842415992 3.806995939655252
0.04871361217250262 3.8445932703100993
0.04871990592084532 3.882738870614574
0.048726199669188015 3.921443455053108
0.04873249341753071 3.960718000408008
0.04873878716587341 4.000573753508149
0.04874508091421611 4.041022239245038
0.048751374662558807 4.082075268867797
0.048757668410901504 4.123744948567563
0.0487639621592442 4.166043688363288
0.0487702559075869 4.2089842113009865
0.0487765496559296 4.252579562978951
0.048782843404272296 4.296843121412579
0.04878913715261499 4.341788607252511
0.04879543090095769 4.387430094370615
0.04880172464930039 4.433782020829099
0.04880801839764309 4.48085920024873
0.048814312145985785 4.528676833592755
0.04882060589432848 4.577250521384087
0.04882689964267118 4.6265962763737605
0.04883319339101388 4.676730536680552
0.048839487139356576 4.727670179420997
0.048845780887699274 4.7794325348514235
0.04885207463604197 4.8320354010438535
0.04885836838438467 4.885497059119231
0.04886466213272737 4.939836289061816
0.048870955881070065 4.995072386140677
0.04887724962941276 5.051225177964739
0.04888354337775546 5.10831504219999
0.04888983712609816 5.166362924977378
0.048896130874440856 5.225390360023596
0.048902424622783554 5.285419488546566
0.04890871837112625 5.346473079909828
0.04891501211946895 5.408574553132425
0.04892130586781165 5.471747999251377
0.048927599616154345 5.536018204587322
0.04893389336449704 5.601410674954323
0.04894018711283974 5.667951660858918
0.04894648086118244 5.735668183733935
0.048952774609525136 5.804588063256574
0.048959068357867834 5.874739945802091
0.04896536210621053 5.946153334086858
0.04897165585455323 6.0188586180589425
0.04897794960289593 6.092887107095663
0.048984243351238625 6.168271063572021
0.04899053709958132 6.2450437378673485
0.04899683084792402 6.323239404880468
0.04900312459626672 6.402893402128797
0.049009418344609416 6.484042169509706
0.049015712092952114 6.566723290808284
0.04902200584129481 6.6509755370383346
0.04902829958963751 6.736838911712084
0.04903459333798021 6.824354698134613
0.049040887086322905 6.913565508829009
0.0490471808346656 7.004515337201951
0.0490534745830083 7.097249611566724
0.049059768331351 7.191815251647057
0.0490660620796937 7.288260727693256
0.049072355828036394 7.386636122349302
0.04907864957637909 7.4869931954180515
0.04908494332472179 7.589385451681494
0.04909123707306449 7.693868211940355
0.049097530821407186 7.80049868745067
0.04910382456974988 7.909336057942426
0.04911011831809258 8.020441553420625
0.04911641206643528 8.133878539957493
0.04912270581477798 8.249712609701731
0.049128999563120675 8.368011675342785
0.04913529331146337 8.488846069283397
0.04914158705980607 8.612288647791331
0.04914788080814877 8.738414900417297
0.049154174556491466 8.867303064986203
0.049160468304834164 8.999034248488215
0.04916361517900551 9.065949919496632
0.04916676205317686 9.133605205918798
0.04916990892734821 9.202011055020051
0.04917305580151956 9.27117861702601
0.04917620267569091 9.341119249660153
0.04917934954986226 9.411844522799782
0.049182496424033606 9.483366223254137
0.049185643298204955 9.555696359668616
0.049188790172376304 9.628847167558064
0.04919193704654765 9.702831114474321
0.049195083920719 9.77766090531128
0.04919823079489035 9.853349487751245
0.0492013776690617 9.929910057858251
0.04920452454323305 10.00735606582171
0.0492076714174044 10.085701221855857
0.049210818291575746 10.164959502258966
0.049213965165747095 10.245145155638227
0.049217112039918444 10.326272709304874
0.04922025891408979 10.408356975845066
0.04922340578826114 10.49141305987223
0.04922655266243249 10.575456364966499
0.04922969953660384 10.66050260080695
0.04923284641077519 10.74656779050349
0.04923599328494654 10.833668278133842
0.049239140159117886 10.921820736493316
0.049242287033289235 11.011042175062954
0.049245433907460584 11.101349948204728
0.04924858078163193 11.192761763589516
0.04925172765580328 11.285295690866661
0.04925487452997463 11.378970170582846
0.04925802140414598 11.473804023357815
0.04926116827831733 11.56981645932649
0.04926431515248868 11.667027087855644
0.049267462026660026 11.765455927544224
0.049270608900831375 11.865123416517548
0.049273755775002724 11.966050423024626
0.04927690264917407 12.068258256348969
0.04928004952334542 12.171768678043463
0.04928319639751677 12.27660391350139
0.04928634327168812 12.382786663873276
0.04928949014585947 12.490340118342857
0.04929263702003082 12.599287966774284
0.049295783894202166 12.709654412743078
0.049298930768373515 12.821464186964619
0.049302077642544864 12.934742561134243
0.04930522451671621 13.049515362192295
0.04930837139088756 13.165808987031028
0.04931151826505891 13.283650417657128
0.04931466513923026 13.40306723682744
0.04931781201340161 13.524087644174188
0.04932095888757296 13.646740472837621
0.04932410576174431 13.771055206623686
0.049327252635915655 13.897061997707283
0.049330399510087004 14.024791684899384
0.04933354638425835 14.154275812499492
0.0493366932584297 14.285546649754906
0.04933984013260105 14.41863721094876
0.0493429870067724 14.553581276141443
0.04934613388094375 14.690413412587986
0.0493492807551151 14.829168996858044
0.04935242762928645 14.969884237684653
0.049355574503457796 15.11259619956897
0.049358721377629144 15.257342827170305
0.04936186825180049 15.40416297051081
0.04936501512597184 15.553096411026814
0.04936816200014319 15.70418388849862
0.04937130887431454 15.857467128893745
0.04937445574848589 16.012988873158207
0.04937760262265724 16.170792906994137
0.04938074949682859 16.330924091660734
0.049383896370999936 16.493428395841505
0.049387043245171285 16.658352928617404
0.049390190119342633 16.825745973592205
0.04939333699351398 16.995657024215234
0.04939648386768533 17.168136820350156
0.04939963074185668 17.34323738613969
0.04940277761602803 17.521012069219978
0.04940592449019938 17.701515581339322
0.04940907136437073 17.88480404043912
0.049412218238542076 18.07093501425763
0.049415365112713425 18.259967565519702
0.049418511986884774 18.451962298778597
0.04942165886105612 18.646981408980423
0.04942480573522747 18.845088731822557
0.04942795260939882 19.04634979598299
0.04943109948357017 19.250831877300158
0.04943424635774152 19.458604054987774
0.04943739323191287 19.66973726997088
0.049440540106084216 19.884304385437503
0.049443686980255565 20.102380249700275
0.049446833854426914 20.324041761470767
0.04944998072859826 20.549367937652562
0.04945312760276961 20.778439983765168
0.04945627447694096 21.01134136711542
0.04945942135111231 21.248157892839913
0.04946256822528366 21.48897778294912
0.04946571509945501 21.733891758507042
0.049468861973626356 21.98299312509215
0.049472008847797705 22.236377861688055
0.049475155721969054 22.49414471316365
0.0494783025961404 22.75639528650879
0.04948144947031175 23.023234151000707
0.0494845963444831 23.294768942486797
0.04948774321865445 23.571110471976965
0.0494908900928258 23.85237283875182
0.04949403696699715 24.13867354820121
0.049495610404082825 24.28370927514834
0.0494971838411685 24.43004790350858
0.04949875727825418 24.57770509913081
0.04950033071533986 24.726696763994198
0.04950190415242554 24.877039040497635
0.049503477589511215 25.028748315839266
0.04950505102659689 25.181841226489894
0.04950662446368257 25.336334662762255
0.04950819790076825 25.492245773477578
0.049509771337853926 25.64959197073327
0.049511344774939604 25.808390934773286
0.04951291821202528 25.968660618963867
0.04951449164911096 26.130419254877438
0.04951606508619664 26.29368535748688
0.049517638523282316 26.45847773047433
0.049519211960367994 26.62481547165504
0.04952078539745367 26.792717978521893
0.04952235883453935 26.96220495391117
0.04952393227162503 27.133296411794305
0.049525505708710706 27.306012683198077
0.049527079145796384 27.48037442225683
0.04952865258288206 27.656402612399972
0.04953022601996774 27.834118572677937
0.04953179945705342 28.013543964230678
0.049533372894139095 28.19470079690217
0.04953494633122477 28.377611436004827
0.04953651976831045 28.562298609236905
0.04953809320539613 28.74878541375824
0.04953966664248181 28.93709532342791
0.049541240079567485 29.127252196207053
0.04954281351665316 29.3192802817328
0.04954438695373884 29.513204229067412
0.04954596039082452 29.709049094625755
0.049547533827910197 29.90684035028835
0.049549107264995874 30.106603891703173
0.04955068070208155 30.30836604678143
0.04955225413916723 30.51215358439339
0.04955382757625291 30.717993723269274
0.049555401013338586 30.92591414110933
0.049556974450424264 31.135942983911946
0.04955854788750994 31.3481088755222
0.04956012132459562 31.562440927409682
0.0495616947616813 31.778968748679688
0.049563268198766976 31.997722456326073
0.049564841635852654 32.218732685731084
0.04956641507293833 32.4420306014199
0.04956798851002401 32.66764790807599
0.04956956194710969 32.89561686182594
0.049571135384195365 33.12597028179988
0.04957270882128104 33.35874156197616
0.04957428225836672 33.59396468331789
0.0495758556954524 33.831674226209884
0.04957742913253808 34.07190538320441
0.049579002569623755 34.314693972084115
0.04958057600670943 34.560076449252506
0.04958214944379511 34.80808992345936
0.04958372288088079 35.058772169872896
0.04958529631796647 35.31216164450706
0.049586869755052145 35.56829749901442
0.04958844319213782 35.8272195958578
0.0495900166292235 36.08896852386698
0.04959159006630918 36.35358561419622
0.049593163503394856 36.62111295669246
0.049594736940480534 36.89159341668619
0.04959631037756621 37.165070652217935
0.04959788381465189 37.441589131713386
0.04959945725173757 37.721194152120916
0.049601030688823246 38.00393185752404
0.049602604125908924 38.289849258244885
0.0496041775629946 38.578994250452354
0.04960575100008028 38.87141563629035
0.04960732443716596 39.167163144543
0.049608897874251635 39.466287451851485
0.04961047131133731 39.76884020450086
0.04961204474842299 40.074874040794214
0.04961361818550867 40.384442614032196
0.04961519162259435 40.69760061611606
0.049616765059680025 41.01440380179503
0.0496183384967657 41.33490901357686
0.04961991193385138 41.65917420732325
0.04962148537093706 41.98725847855161
0.04962305880802274 42.31922208946537
0.049624632245108415 42.65512649673559
0.04962620568219409 42.995034380059565
0.04962777911927977 43.33900967151948
0.04962935255636545 43.687117585766316
0.049630925993451126 44.039424651060074
0.049632499430536804 44.39599874118824
0.04963407286762248 44.75690910829462
0.04963564630470816 45.12222641664857
0.04963721974179384 45.49202277738408
0.049638793178879516 45.86637178424053
0.049640366615965194 46.24534855034011
0.04964194005305087 46.62902974603543
0.04964351349013655 47.01749363786223
0.04964508692722223 47.410820128635976
0.049646660364307905 47.80909079872964
0.04964823380139358 48.21238894857345
0.04964980723847926 48.62079964241781
0.04965138067556494 49.03440975340192
0.04965295411265062 49.453308009974705
0.049654527549736295 49.877585043712884
0.04965610098682197 50.30733343858509
0.04965767442390765 50.74264778171266
0.04965924786099333 51.18362471567883
0.04966082129807901 51.63036299244129
0.049662394735164685 52.08296352890352
0.04966396817225036 52.54152946420578
0.04966554160933604 53.006166218793
0.04966711504642172 53.47698155532777
0.049668688483507396 53.954085641510574
0.049670261920593074 54.43759111487901
0.04967183535767875 54.92761314965469
0.04967340879476443 55.42426952571583
0.04967498223185011 55.927680699769496
0.049676555668935786 56.43796987880711
0.049678129106021464 56.955263095925716
0.04967970254310714 57.47968928860348
0.04968127598019282 58.01138037952097
0.0496828494172785 58.55047136002156
0.049684422854364176 59.09710037631362
0.04968599629144985 59.65140881851414
0.04968756972853553 60.2135414126447
0.04968914316562121 60.78364631569042
0.04969071660270689 61.361875213839596
0.049692290039792565 61.948383424028236
0.04969386347687824 62.54332999891369
0.04969543691396392 63.1468778354149
0.0496970103510496 63.75919378695511
0.04969858378813528 64.3804487795548
0.049700157225220955 65.01081793192543
0.049700943943763794 65.32943572721393
0.04970173066230663 65.65039784805606
0.04970251738084947 65.97372739729303
0.04970330409939231 66.29944776353773
0.04970409081793515 66.62758262543605
0.04970487753647799 66.95815595600345
0.04970566425502083 67.29119202703748
0.049706450973563666 67.6267154136068
0.049707237692106505 67.96475099862022
0.049708024410649344 68.30532397747584
0.04970881112919218 68.64845986279317
0.04970959784773502 68.99418448922842
0.04971038456627786 69.34252401837557
0.0497111712848207 69.69350494375516
0.04971195800336354 70.04715409589238
0.04971274472190638 70.40349864748572
0.04971353144044922 70.76256611866904
0.049714318158992056 71.12438438236762
0.049715104877534895 71.48898166975249
0.049715891596077734 71.85638657579187
0.04971667831462057 72.2266280649045
0.04971746503316341 72.59973547671603
0.04971825175170625 72.97573853191966
0.04971903847024909 73.35466733824501
0.04971982518879193 73.73655239653573
0.04972061190733477 74.12142460693997
0.04972139862587761 74.50931527521419
0.049722185344420446 74.90025611914416
0.049722972062963285 75.29427927508482
0.049723758781506124 75.69141730462206
0.04972454550004896 76.09170320135894
0.0497253322185918 76.49517039782819
0.04972611893713464 76.90185277253534
0.04972690565567748 77.31178465713327
0.04972769237422032 77.72500084373348
0.04972847909276316 78.14153659235353
0.049729265811305996 78.56142763850886
0.049730052529848835 78.98471020094524
0.049730839248391674 79.41142098952196
0.04973162596693451 79.84159721324414
0.04973241268547735 80.27527658844906
0.04973319940402019 80.71249734715065
0.04973398612256303 81.15329824554465
0.04973477284110587 81.59771857267748
0.04973555955964871 82.04579815928486
0.04973634627819155 82.49757738680091
0.049737132996734386 82.95309719654341
0.049737919715277225 83.41239909907898
0.049738706433820064 83.87552518377186
0.0497394931523629 84.34251812852028
0.04974027987090574 84.81342120968532
0.04974106658944858 85.28827831221633
0.04974185330799142 85.76713393997619
0.04974264002653426 86.25003322627373
0.0497434267450771 86.73702194460492
0.049744213463619937 87.2281465196101
0.049745000182162775 87.72345403825028
0.049745786900705614 88.22299226120941
0.04974657361924845 88.72680963452638
0.04974736033779129 89.23495530146232
0.04974814705633413 89.74747911460992
0.04974893377487697 90.2644316482482
0.04974972049341981 90.78586421095122
0.04975050721196265 91.31182885845391
0.04975129393050549 91.84237840678321
0.049752080649048326 92.3775664456594
0.049752867367591165 92.91744735217537
0.049753654086134004 93.46207630475885
0.04975444080467684 94.01150929742568
0.04975522752321968 94.56580315432967
0.04975601424176252 95.12501554461926
0.04975680096030536 95.68920499760304
0.0497575876788482 96.25843091823748
0.04975837439739104 96.83275360293993
0.04975916111593388 97.41223425573821
0.049759947834476716 97.9969350047628
0.049760734553019555 98.58691891909007
0.049761521271562394 99.18225002594767
0.04976230799010523 99.7829933282876
0.04976309470864807 100.38921482273764
0.04976388142719091 101.0009815179418
0.04976466814573375 101.61836145329602
0.04976545486427659 102.24142371809319
0.04976624158281943 102.87023847108384
0.049767028301362266 103.50487696046565
0.049767815019905105 104.14541154431146
0.049768601738447944 104.79191571144588
0.04976938845699078 105.44446410278476
0.04977017517553362 106.1031325331466
0.04977096189407646 106.76799801354713
0.0497717486126193 107.4391387739941
0.04977253533116214 108.11663428678997
0.04977332204970498 108.80056529035812
0.04977410876824782 109.49101381360526
0.049774895486790656 110.18806320083581
0.049775682205333495 110.89179813722876
0.049776468923876334 111.60230467489606
0.04977725564241917 112.31967025953486
0.04977804236096201 113.04398375768909
0.04977882907950485 113.77533548463941
0.04977961579804769 114.51381723293468
0.04978040251659053 115.25952230158344
0.04978118923513337 116.01254552592331
0.04978197595367621 116.7729833081857
0.049782762672219046 117.54093364877502
0.049783549390761885 118.31649617828111
0.049784336109304723 119.09977219024569
0.04978512282784756 119.8908646747006
0.0497859095463904 120.689878352503
0.04978669626493324 121.49691971048475
0.04978748298347608 122.31209703744298
0.04978826970201892 123.13552046098886
0.04978905642056176 123.96730198528553
0.049789843139104596 124.80755552969327
0.049790629857647435 125.65639696835092
0.049791416576190274 126.51394417071833
0.04979220329473311 127.38031704310708
0.04979299001327595 128.2556375712271
0.04979377673181879 129.1400298637766
0.04979456345036163 130.03362019710744
0.04979535016890447 130.93653706099394
0.04979613688744731 131.84891120553766
0.04979692360599015 132.77087568924014
0.049797710324532986 133.702565928279
0.049798497043075825 134.6441197470175
0.049799283761618664 135.5956774297889
0.0498000704801615 136.55738177398837
0.04980085719870434 137.52937814451207
0.04980164391724718 138.51181452958315
0.04980243063579002 139.5048415980043
0.04980321735433286 140.50861275787918
0.0498040040728757 141.52328421684683
0.049804790791418536 142.54901504387408
0.049805577509961375 143.58596723264998
0.049806364228504214 144.63430576663313
0.04980715094704705 145.69419868580076
0.04980793766558989 146.7658171551475
0.04980872438413273 147.84933553499343
0.04980951110267557 148.94493145315016
0.04981029782121841 150.0527858790042
0.04981108453976125 151.17308319957704
0.04981187125830409 152.30601129761897
0.049812657976846926 153.4517616318069
0.049813444695389765 154.61052931910035
0.049814231413932604 155.78251321933408
0.04981501813247544 156.96791602210976
0.04981580485101828 158.16694433606153
0.04981659156956112 159.37980878056715
0.04981737828810396 160.60672407999039
0.0498181650066468 161.84790916052236
0.04981895172518964 163.10358724971547
0.04981973844373248 164.37398597879167
0.049820525162275316 165.65933748781254
0.049821311880818155 166.95987853380893
0.049822098599360994 168.27585060195918
0.04982288531790383 169.60750001991994
0.04982367203644667 170.95507807541424
0.04982445875498951 172.3188411371749
0.04982524547353235 173.69905077936426
0.04982603219207519 175.09597390958027
0.04982681891061803 176.5098829005675
0.049827605629160866 177.9410557257578
0.049828392347703705 179.38977609877122
0.049829179066246544 180.85633361700548
0.049829572425517964 181.59635439893236
0.04982996578478938 182.3409443802409
0.0498303591440608 183.09014146842048
0.04983075250333222 183.8439839670349
0.04983114586260364 184.60251058072754
0.04983153922187506 185.3657604202989
0.04983193258114648 186.1337730078601
0.0498323259404179 186.90658828206426
0.04983271929968932 187.68424660341452
0.04983311265896074 188.466788759653
0.04983350601823216 189.25425597122967
0.04983389937750358 190.0466898968532
0.049834292736775 190.84413263912768
0.04983468609604642 191.64662675027103
0.049835079455317836 192.4542152379239
0.049835472814589256 193.26694157104362
0.049835866173860675 194.08484968588914
0.049836259533132095 194.90798399209825
0.049836652892403514 195.73638937885494
0.049837046251674934 196.57011122115455
0.04983743961094635 197.40919538616276
0.04983783297021777 198.253688239673
0.04983822632948919 199.10363665266448
0.04983861968876061 199.95908800795962
0.04983901304803203 200.82009020698706
0.04983940640730345 201.68669167664814
0.04983979976657487 202.55894137629036
0.04984019312584629 203.43688880479
0.04984058648511771 204.320584007746
0.04984097984438913 205.21007758478584
0.04984137320366055 206.10542069698636
0.04984176656293197 207.0066650744119
0.04984215992220339 207.9138630237711
0.049842553281474807 208.82706743619553
0.049842946640746226 209.74633179514024
0.049843340000017645 210.6717101844115
0.049843733359289065 211.60325729632177
0.049844126718560484 212.5410284399752
0.049844520077831904 213.48507954968534
0.04984491343710332 214.43546719352935
0.04984530679637474 215.39224858203772
0.04984570015564616 216.35548157702647
0.04984609351491758 217.32522470056983
0.049846486874189 218.30153714412074
0.04984688023346042 219.2844787777775
0.04984727359273184 220.27411015970347
0.04984766695200326 221.27049254569795
0.04984806031127468 222.27368789892626
0.0498484536705461 223.28375889980782
0.04984884702981752 224.3007689560676
0.04984924038908894 225.3247822129531
0.04984963374836036 226.3558635636207
0.04985002710763178 227.39407865969292
0.049850420466903196 228.4394939219925
0.049850813826174616 229.49217655145458
0.049851207185446035 230.55219454022006
0.049851600544717455 231.6196166829177
0.049851993903988874 232.69451258813103
0.049852387263260294 233.776952690063
0.04985278062253171 234.8670082603934
0.04985317398180313 235.96475142033808
0.04985356734107455 237.07025515291411
0.04985396070034597 238.18359331541183
0.04985435405961739 239.30484065207872
0.04985474741888881 240.43407280702093
0.04985514077816023 241.57136633732705
0.04985553413743165 242.71679872641369
0.04985592749670307 243.87044839760426
0.04985632085597449 245.03239472794075
0.04985671421524591 246.20271806223286
0.04985710757451733 247.3814997273547
0.04985750093378875 248.56882204678573
0.049857894293060166 249.76476835540814
0.049858287652331586 250.96942301456272
0.049858681011603005 252.1828714273671
0.049859074370874425 253.4052000543045
0.049859467730145844 254.63649642908786
0.049859861089417264 255.87684917480146
0.04986025444868868 257.1263480203322
0.0498606478079601 258.38508381708914
0.04986104116723152 259.65314855602446
0.04986143452650294 260.9306353849554
0.04986182788577436 262.2176386261974
0.04986222124504578 263.51425379451507
0.0498626146043172 264.820577615394
0.04986300796358862 266.1367080436445
0.04986340132286004 267.4627442823405
0.04986379468213146 268.7987868021047
0.04986418804140288 270.14493736074076
0.0498645814006743 271.5012990232284
0.04986497475994572 272.86797618207993
0.049865368119217136 274.2450745780742
0.049865761478488556 275.6327013213704
0.049866154837759975 277.0309649130104
0.049866548197031395 278.439975266822
0.049866941556302814 279.8598437317255
0.049867334915574234 281.29068311445724
0.04986772827484565 282.73260770271656
0.04986812163411707 284.18573328874675
0.04986851499338849 285.65017719335776
0.04986890835265991 287.1260582903998
0.04986930171193133 288.61349703170345
0.04986969507120275 290.11261547248534
0.04987008843047417 291.6235372972418
0.04987048178974559 293.14638784613214
0.04987087514901701 294.6812941418673
0.04987126850828843 296.2283849171125
0.04987166186755985 297.7877906424153
0.04987205522683127 299.3596435546749
0.04987244858610269 300.94407768615724
0.049872841945374106 302.5412288940745
0.049873235304645526 304.1512348907394
0.049873628663916945 305.7742352743054
0.049874022023188365 307.41037156010964
0.049874415382459784 309.0597872126293
0.049874808741731204 310.72262767806706
0.04987520210100262 312.39904041757643
0.04987559546027404 314.0891749411486
0.04987598881954546 315.79318284216845
0.04987638217881688 317.5112178326574
0.0498767755380883 319.24343577922366
0.04987716889735972 320.989994739728
0.04987756225663114 322.75105500068764
0.04987795561590256 324.5267791154338
0.04987834897517398 326.31733194303854
0.0498787423344454 328.1228806880322
0.04987913569371682 329.9435949409278
0.04987952905298824 331.7796467195707
0.04987992241225966 333.6312105113351
0.04988031577153108 335.49846331618505
0.049880709130802496 337.3815846906249
0.049881102490073916 339.28075679255255
0.049881495849345335 341.1961644270451
0.049881889208616755 343.1279950930942
0.049882282567888174 345.0764390313168
0.049882675927159593 347.04168927266085
0.04988306928643101 349.02394168813714
0.04988346264570243 351.02339503959286
0.04988385600497385 353.0402510315595
0.04988424936424527 355.0747143641986
0.04988464272351669 357.1269927873734
0.04988503608278811 359.1972971558698
0.04988542944205953 361.2858414858017
0.04988582280133095 363.39284301222585
0.04988621616060237 365.5185222479947
0.04988660951987379 367.663103043884
0.04988700287914521 369.8268126500203
0.04988739623841663 372.00988177864394
0.04988778959768805 374.21254466824337
0.049888182956959466 376.43503914909206
0.049888576316230886 378.67760671022234
0.049888969675502305 380.94049256787923
0.049889363034773725 383.22394573548274
0.049889756394045144 385.5282190951467
0.049890149753316564 387.85356947078617
0.04989054311258798 390.2002577028594
0.0498909364718594 392.56854872478357
0.04989132983113082 394.9587116410695
0.04989172319040224 397.3710198072215
0.04989211654967366 399.80575091144226
0.04989250990894508 402.2631870581977
0.0498929032682165 404.74361485368627
0.04989329662748792 407.24732549326404
0.04989368998675934 409.774614850877
0.04989408334603076 412.32578357055434
0.04989447670530218 414.90113716001724
0.0498948700645736 417.50098608646204
0.04989526342384502 420.125645874571
0.049895656783116436 422.7754372068167
0.049896050142387856 425.45068602611934
0.049896443501659275 428.15172364091757
0.049896836860930695 430.8788868327284
0.049897230220202114 433.6325179662507
0.049897623579473534 436.4129651020959
0.04989801693874495 439.22058211220644
0.04989841029801637 442.05572879804504
0.04989880365728779 444.9187710116279
0.04989919701655921 447.81008077947934
0.04989959037583063 450.73003642959645
0.04989998373510205 453.679022721498
0.04990037709437347 456.65743097945517
0.04990077045364489 459.665659228986
0.04990116381291631 462.7041123367119
0.04990155717218773 465.7732021536682
0.04990195053145915 468.87334766216827
0.04990234389073057 472.00497512632876
0.04990273725000199 475.1685182463508
0.049903130609273406 478.3644183166781
0.049903523968544826 481.5931243881339
0.049903917327816245 484.8550934341624
0.049904310687087665 488.150790521285
0.049904704046359084 491.48068898390954
0.049905097405630504 494.8452706036005
0.04990549076490192 498.245025792966
0.04990588412417334 501.6804537842801
0.04990627748344476 505.15206282299164
0.04990667084271618 508.6603703662679
0.0499070642019876 512.2059032867127
0.04990745756125902 515.789198081432
0.04990785092053044 519.4108010865995
0.04990824427980186 523.0712686976891
0.04990863763907328 526.7711675955558
0.0499090309983447 530.5110749785364
0.04990942435761612 534.2915788007615
0.04990981771688754 538.113278016872
0.04991021107615896 541.976782833334
0.04991040775579467 543.9243688610469
0.04991060443543038 545.8826392616833
0.049910801115066086 547.8516735836495
0.049910997794701796 549.8315521281811
0.049911194474337506 551.8223559580308
0.049911391153973216 553.8241669062677
0.049911587833608925 555.8370675852044
0.049911784513244635 557.8611413954429
0.049911981192880345 559.8964725350444
0.049912177872516054 561.9431460088268
0.049912374552151764 564.001247637791
0.049912571231787474 566.0708640686744
0.049912767911423184 568.152082783641
0.04991296459105889 570.2449921101033
0.0499131612706946 572.3496812306813
0.04991335795033031 574.4662401933026
0.04991355462996602 576.5947599214403
0.04991375130960173 578.7353322244977
0.04991394798923744 580.8880498083354
0.04991414466887315 583.0530062859499
0.04991434134850886 585.2302961883016
0.04991453802814457 587.420014975294
0.04991473470778028 589.6222590469121
0.04991493138741599 591.8371257545158
0.0499151280670517 594.0647134122954
0.04991532474668741 596.3051213088901
0.04991552142632312 598.5584497191733
0.04991571810595883 600.8247999162068
0.04991591478559454 603.1042741833637
0.04991611146523025 605.396975826631
0.04991630814486596 607.7030091870856
0.04991650482450167 610.0224796535502
0.04991670150413738 612.3554936754376
0.04991689818377309 614.702158775776
0.0499170948634088 617.0625835644253
0.04991729154304451 619.4368777514902
0.04991748822268022 621.8251521609226
0.04991768490231593 624.2275187443286
0.04991788158195164 626.6440905949767
0.04991807826158735 629.0749819620128
0.049918274941223056 631.520308264882
0.049918471620858766 633.9801861079695
0.049918668300494476 636.4547332954521
0.049918864980130186 638.9440688463748
0.049919061659765895 641.4483130099511
0.049919258339401605 643.9675872810908
0.049919455019037315 646.5020144161599
0.049919651698673025 649.0517184489784
0.049919848378308734 651.6168247070582
0.049920045057944444 654.1974598280844
0.049920241737580154 656.7937517766475
0.049920438417215864 659.4058298612274
0.04992063509685157 662.0338247514366
0.04992083177648728 664.6778684955239
0.04992102845612299 667.3380945381472
0.0499212251357587 670.0146377384164
0.04992142181539441 672.7076343882135
0.04992161849503012 675.4172222307943
0.04992181517466583 678.1435404796769
0.04992201185430154 680.8867298378186
0.04992220853393725 683.6469325170965
0.04992240521357296 686.4242922580797
0.04992260189320867 689.218954350122
0.04992279857284438 692.0310656517565
0.04992299525248009 694.8607746114142
0.0499231919321158 697.708231288469
0.04992338861175151 700.5735873746048
0.04992358529138722 703.4569962155306
0.04992378197102293 706.3586128330303
0.04992397865065864 709.2785939473615
0.04992417533029435 712.2170980000142
0.04992437200993006 715.1742851768283
0.04992456868956577 718.1503174314785
0.04992476536920148 721.1453585093366
0.04992496204883719 724.1595739717175
0.0499251587284729 727.1931312205102
0.04992535540810861 730.2461995232079
0.04992555208774432 733.3189500383446
0.04992574876738003 736.4115558413394
0.049925945447015736 739.5241919507607
0.049926142126651446 742.6570353550196
0.049926338806287156 745.8102650394987
0.049926535485922865 748.9840620141229
0.049926732165558575 752.1786093413832
0.049926928845194285 755.394092164818
0.049927125524829995 758.6306977379702
0.049927322204465704 761.8886154538193
0.049927518884101414 765.1680368746984
0.049927715563737124 768.4691557627114
0.049927912243372834 771.7921681106566
0.04992810892300854 775.1372721734663
0.04992830560264425 778.5046685001716
0.04992850228227996 781.8945599664055
0.04992869896191567 785.3071518074516
0.04992889564155138 788.7426516518517
0.04992909232118709 792.2012695555813
0.0499292890008228 795.6832180368051
0.04992948568045851 799.1887121112245
0.04992968236009422 802.7179693280273
0.04992987903972993 806.2712098064515
0.04993007571936564 809.8486562729786
0.04993027239900135 813.4505340991657
0.04993046907863706 817.0770713401266
0.04993066575827277 820.7284987736848
0.04993086243790848 824.4050499401994
0.04993105911754419 828.1069611830878
0.0499312557971799 831.8344716900524
0.04993145247681561 835.5878235350272
0.04993164915645132 839.3672617208656
0.04993184583608703 843.1730342227706
0.04993204251572274 847.0053920324976
0.04993223919535845 850.8645892033346
0.04993243587499416 854.7508828958817
0.04993263255462987 858.6645334246459
0.04993282923426558 862.6058043054634
0.04993302591390129 866.5749623037711
0.049933222593537 870.5722774837466
0.049933419273172706 874.5980232583295
0.049933615952808416 878.6524764401433
0.049933812632444126 882.7359172933418
0.049934009312079836 886.848629586394
0.049934205991715545 890.9909006458313
0.049934402671351255 895.1630214109721
0.049934599350986965 899.3652864896496
0.049934796030622675 903.5979942149659
0.049934992710258384 907.8614467030818
0.049935189389894094 912.1559499120849
0.049935386069529804 916.4818137019377
0.049935582749165514 920.8393518955445
0.04993577942880122 925.228882340954
0.04993597610843693 929.6507269747256
0.04993617278807264 934.1052118864807
0.04993636946770835 938.5926673846668
0.04993656614734406 943.1134280635649
0.04993676282697977 947.6678328715604
0.04993695950661548 952.2562251807096
0.04993715618625119 956.8789528576301
0.0499373528658869 961.5363683357443
0.04993754954552261 966.2288286889029
0.04993774622515832 970.9566957064244
0.04993794290479403 975.7203359695791
0.04993813958442974 980.5201209295485
0.04993833626406545 985.3564269868996
0.04993853294370116 990.2296355725998
0.04993872962333687 995.1401332306104
0.04993892630297258 1000.0883117021017
0.04993912298260829 1005.0745680113134
0.049939319662244 1010.0993045531088
0.04993951634187971 1015.1629291822569
0.04993971302151542 1020.2658553044832
0.04993990970115113 1025.4085019693266
0.04994010638078684 1030.5912939648529
0.04994030306042255 1035.8146619142565
0.04994049974005826 1041.079042374405
0.04994069641969397 1046.384877936362
0.049940893099329677 1051.7326173279434
0.049941089778965386 1057.122715518352
0.049941286458601096 1062.5556338249337
0.049941483138236806 1068.031840022117
0.049941679817872515 1073.5518084525722
0.049941876497508225 1079.116020140664
0.049942073177143935 1084.7249629082287
0.049942269856779645 1090.37913149275
0.049942466536415354 1096.0790276679838
0.049942663216051064 1101.8251603670913
0.049942859895686774 1107.6180458083402
0.049943056575322484 1113.4582076234392
0.04994325325495819 1119.34617698857
0.0499434499345939 1125.282492758181
0.04994364661422961 1131.267701601608
0.04994384329386532 1137.3023581426014
0.04994403997350103 1143.3870251018166
0.04994423665313674 1149.5222734423576
0.04994443333277245 1155.7086825184383
0.04994463001240816 1161.9468402272396
0.04994482669204387 1168.2373431640526
0.04994502337167958 1174.5807967807816
0.04994522005131529 1180.9778155478884
0.049945416730951 1187.4290231198786
0.04994561341058671 1193.9350525044092
0.04994581009022242 1200.4965462351083
0.04994600676985813 1207.1141565482155
0.04994620344949384 1213.788545563124
0.04994640012912955 1220.5203854669383
0.04994659680876526 1227.3103587031428
0.04994679348840097 1234.159158164498
0.04994699016803668 1241.0674873902597
0.04994718684767239 1248.0360607678504
0.0499473835273081 1255.0656037390895
0.04994758020694381 1262.1568530111072
0.04994777688657952 1269.3105567720627
0.04994797356621523 1276.5274749117978
0.04994817024585094 1283.8083792475556
0.04994836692548665 1291.1540537549
0.049948563605122356 1298.565294803976
0.049948760284758066 1306.0429114012554
0.049948956964393776 1313.5877254369186
0.049949153644029486 1321.200571938017
0.049949350323665195 1328.8822993275849
0.049949547003300905 1336.6337696898572
0.049949743682936615 1344.4558590417626
0.049949940362572325 1352.349457610867
0.049950137042208034 1360.315470119939
0.049950333721843744 1368.3548160783341
0.049950530401479454 1376.4684300803751
0.049950727081115164 1384.657262110936
0.04995092376075087 1392.9222778584199
0.04995112044038658 1401.264459035356
0.04995131712002229 1409.684803706812
0.049951513799658 1418.184326626867
0.04995171047929371 1426.7640595833532
0.04995190715892942 1435.4250517511234
0.04995210383856513 1444.1683700540755
0.04995230051820084 1452.995099536193
0.04995249719783655 1461.9063437418724
0.04995269387747226 1470.903225105789
0.04995289055710797 1479.9868853525988
0.04995308723674368 1489.1584859067598
0.04995328391637939 1498.419208312763
0.0499534805960151 1507.7702546661053
0.04995367727565081 1517.2128480552963
0.04995387395528652 1526.748233015245
0.04995407063492223 1536.3776759923733
0.04995426731455794 1546.1024658217952
0.04995446399419365 1555.9239142169379
0.04995466067382936 1565.8433562719822
0.04995485735346507 1575.8621509775162
0.04995505403310078 1585.9816817497954
0.04995525071273649 1596.20335697405
0.0499554473923722 1606.5286105622545
0.04995564407200791 1616.9589025258263
0.04995584075164362 1627.4957195637041
0.049956037431279326 1638.1405756663016
0.049956234110915036 1648.8950127358341
0.049956430790550746 1659.7606012235276
0.049956627470186456 1670.7389407842638
0.049956824149822165 1681.8316609492035
0.049957020829457875 1693.040421816974
0.049957217509093585 1704.3669147640162
0.049957414188729295 1715.8128631747124
0.049957610868365004 1727.380023191939
0.049957807548000714 1739.070184488713
0.049958004227636424 1750.8851710616268
0.049958200907272134 1762.8268420467816
0.04995839758690784 1774.8970925589767
0.04995859426654355 1787.097854554927
0.04995879094617926 1799.4310977213036
0.04995898762581497 1811.8988303884469
0.04995918430545068 1824.5031004706113
0.04995938098508639 1837.2459964336392
0.0499595776647221 1850.1296482910109
0.04995977434435781 1863.1562286292353
0.04995997102399352 1876.3279536635923
0.04996016770362923 1889.6470843252873
0.04996036438326494 1903.1159273810922
0.04996056106290065 1916.736836586632
0.04996075774253636 1930.5122138744823
0.04996095442217207 1944.4445105783118
0.04996115110180778 1958.5362286943537
0.04996134778144349 1972.7899221815308
0.0499615444610792 1987.2081983016274
0.04996174114071491 2001.7937190009445
0.04996193782035062 2016.5492023349502
0.04996213449998633 2031.4774239374754
0.04996233117962204 2046.581218536103
0.04996252785925775 2061.8634815154437
0.04996272453889346 2077.3271705300585
0.04996292121852917 2092.9753071688956
0.04996301955834702 2100.8694682397077
0.04996311789816487 2108.810903287584
0.04996321623798272 2116.8000087616074
0.04996331457780057 2124.837185438876
0.049963412917618424 2132.9228384831003
0.049963511257436276 2141.057377504145
0.04996360959725413 2149.241216618547
0.04996370793707198 2157.47477451101
0.04996380627688983 2165.758474496918
0.04996390461670768 2174.0927445858606
0.04996400295652553 2182.4780175462115
0.049964101296343384 2190.9147309707637
0.049964199636161236 2199.4033273434616
0.04996429797597909 2207.944254107223
0.04996439631579694 2216.537963732904
0.04996449465561479 2225.1849137894014
0.04996459299543264 2233.8855670149346
0.04996469133525049 2242.6403913895147
0.049964789675068344 2251.449860208639
0.049964888014886195 2260.3144521582212
0.04996498635470405 2269.2346513907905
0.0499650846945219 2278.21094760298
0.04996518303433975 2287.243836114335
0.0499652813741576 2296.3338179474613
0.04996537971397545 2305.4813999095404
0.049965478053793304 2314.6870946752542
0.049965576393611155 2323.9514208711116
0.04996567473342901 2333.2749031612548
0.04996577307324686 2342.6580723347292
0.04996587141306471 2352.101465394272
0.04996596975288256 2361.6056256466463
0.04996606809270041 2371.171102794549
0.049966166432518264 2380.798453030121
0.049966264772336115 2390.488239130102
0.049966363112153966 2400.241030552658
0.04996646145197182 2410.0574035359105
0.04996655979178967 2419.9379411982163
0.04996665813160752 2429.8832336402193
0.04996675647142537 2439.8938780487224
0.04996685481124322 2449.970478802412
0.049966953151061075 2460.113647579468
0.049967051490878926 2470.324003467116
0.04996714983069678 2480.6021730731427
0.04996724817051463 2490.948790639428
0.04996734651033248 2501.3644981575335
0.04996744485015033 2511.849945486388
0.04996754318996818 2522.405790472121
0.049967641529786035 2533.0326990700823
0.049967739869603886 2543.7313454690966
0.04996783820942174 2554.5024122180084
0.04996793654923959 2565.3465903545557
0.04996803488905744 2576.2645795366234
0.04996813322887529 2587.2570881759475
0.04996823156869314 2598.324833574284
0.049968329908510994 2609.468542062138
0.049968428248328846 2620.688949140089
0.0499685265881467 2631.9867996227576
0.04996862492796455 2643.362847785498
0.0499687232677824 2654.817857513862
0.04996882160760025 2666.352602455884
0.0499689199474181 2677.9678661772796
0.049969018287235954 2689.664442319595
0.049969116627053806 2701.4431347613827
0.04996921496687166 2713.3047577824777
0.04996931330668951 2725.250136231435
0.04996941164650736 2737.280105696198
0.04996950998632521 2749.395512678083
0.04996960832614306 2761.5972147691455
0.049969706665960914 2773.886080833001
0.049969805005778765 2786.262991189189
0.04996990334559662 2798.7288378011617
0.04997000168541447 2811.284524467971
0.04997010002523232 2823.93096701974
0.04997019836505017 2836.669093517024
0.04997029670486802 2849.4998444541225
0.049970395044685874 2862.4241729664636
0.049970493384503725 2875.443045042128
0.04997059172432158 2888.557439737639
0.04997069006413943 2901.7683493980867
0.04997078840395728 2915.076779881716
0.04997088674377513 2928.4837507890734
0.04997098508359298 2941.990295696807
0.049971083423410834 2955.5974623962657
0.049971181763228685 2969.306313136971
0.049971280103046536 2983.117924875105
0.04997137844286439 2997.0333895271333
0.04997147678268224 3011.053814228672
0.04997157512250009 3025.180321598743
0.04997167346231794 3039.4140500095355
0.04997177180213579 3053.75615386182
0.049971870141953645 3068.2078038661402
0.049971968481771496 3082.770187329933
0.04997206682158935 3097.444508450723
0.0499721651614072 3112.23198861554
0.04997226350122505 3127.133866706715
0.0499723618410429 3142.1513994142015
0.04997246018086075 3157.2858615546174
0.049972558520678605 3172.5385463971343
0.049972656860496456 3187.9107659964143
0.04997275520031431 3203.4038515327775
0.04997285354013216 3219.0191536597495
0.04997295187995001 3234.758042859218
0.04997305021976786 3250.6219098043634
0.04997314855958571 3266.6121657305775
0.049973246899403564 3282.7302428145713
0.049973345239221416 3298.977594561882
0.04997344357903927 3315.3556962030007
0.04997354191885712 3331.86604509834
0.04997364025867497 3348.5101611522878
0.04997373859849282 3365.28958723655
0.04997383693831067 3382.2058896230756
0.049973935278128524 3399.2606584267764
0.049974033617946376 3416.4555080583186
0.04997413195776423 3433.792077687258
0.04997423029758208 3451.272031715785
0.04997432863739993 3468.897060263368
0.04997442697721778 3486.668879662592
0.04997452531703563 3504.5892329664885
0.049974623656853484 3522.659890467677
0.049974721996671335 3540.8826502296297
0.04997482033648919 3559.2593386304025
0.04997491867630704 3577.791810919161
0.04997501701612489 3596.481951785867
0.04997511535594274 3615.331675944485
0.04997521369576059 3634.342928730075
0.049975312035578444 3653.5176867101763
0.049975410375396295 3672.857958310872
0.04997550871521415 3692.365784457942
0.049975607055032 3712.0432392335474
0.04997570539484985 3731.892430548864
0.0499758037346677 3751.915500833141
0.04997590207448555 3772.1146277396365
0.049976000414303404 3792.4920248689273
0.049976098754121255 3813.0499425100843
0.049976197093939106 3833.790668400232
0.04997629543375696 3854.716528503027
0.04997639377357481 3875.8298878066225
0.04997649211339266 3897.1331511416493
0.04997659045321051 3918.628764019846
0.049976688793028363 3940.319213493934
0.049976787132846215 3962.207029039342
0.049976885472664066 3984.294783458474
0.04997698381248192 4006.5850938081644
0.04997708215229977 4029.0806223510212
0.04997718049211762 4051.784077531394
0.04997727883193547 4074.6982149766945
0.04997737717175332 4097.825838524847
0.049977475511571175 4121.169801278671
0.049977573851389026 4144.733006688027
0.04997767219120688 4168.518409660561
0.04997777053102473 4192.529017701969
0.04997786887084258 4216.767892086646
0.04997796721066043 4241.23814905974
0.04997806555047828 4265.942961071532
0.049978163890296134 4290.885558045195
0.049978262230113986 4316.069228678978
0.04997836056993184 4341.49732178393
0.04997845890974969 4367.173247658255
0.04997855724956754 4393.100479499535
0.04997865558938539 4419.282554855985
0.04997875392920324 4445.723077118047
0.049978852269021094 4472.425717051609
0.049978950608838946 4499.394214374224
0.0499790489486568 4526.632379375747
0.04997914728847465 4554.1440945848335
0.0499792456282925 4581.933316482849
0.04997934396811035 4610.004077266747
0.0499794423079282 4638.360486662576
0.049979540647746054 4667.0067337912915
0.049979638987563905 4695.947089088679
0.04997973732738176 4725.18590628119
0.04997983566719961 4754.727624419611
0.04997993400701746 4784.576769972583
0.04998003234683531 4814.737958981968
0.04998013068665316 4845.215899282277
0.049980229026471014 4876.015392786334
0.049980327366288865 4907.141337839529
0.04998042570610672 4938.598731645056
0.04998052404592457 4970.392672762655
0.04998062238574242 5002.528363683451
0.04998072072556027 5035.011113483636
0.04998081906537812 5067.846340559799
0.049980917405195974 5101.039575448855
0.049981015745013825 5134.596463735661
0.049981114084831677 5168.522769051473
0.04998121242464953 5202.824376166627
0.04998131076446738 5237.507294180861
0.04998140910428523 5272.57765981494
0.04998150744410308 5308.041740807317
0.049981605783920934 5343.905939419794
0.049981704123738785 5380.176796056249
0.049981802463556636 5416.860992998756
0.04998190080337449 5453.9653582654955
0.04998199914319234 5491.496869595185
0.04998209748301019 5529.462658562838
0.04998219582282804 5567.870014831969
0.04998229416264589 5606.726390548516
0.049982392502463745 5646.039404882052
0.049982490842281596 5685.816848720057
0.04998258918209945 5726.06668952131
0.0499826875219173 5766.797076334715
0.04998278586173515 5808.016344990214
0.049982884201553 5849.733023468654
0.04998298254137085 5891.955837457904
0.049983080881188705 5934.693716102735
0.049983179221006556 5977.95579795648
0.04998327756082441 6021.751437142681
0.04998337590064226 6066.0902097355065
0.04998347424046011 6110.981920367993
0.04998357258027796 6156.436609077683
0.04998367092009581 6202.464558399679
0.049983769259913664 6249.0763007175665
0.049983867599731516 6296.282625883265
0.04998396593954937 6344.0945891172905
0.04998406427936722 6392.523519201616
0.04998416261918507 6441.581026977774
0.04998426095900292 6491.2790141636
0.04998435929882077 6541.629682502632
0.049984457638638624 6592.645543260897
0.049984555978456476 6644.3394270865565
0.04998465431827433 6696.724494248696
0.04998475265809218 6749.814245272416
0.04998485099791003 6803.622531988148
0.04998494933772788 6858.1635690142275
0.04998504767754573 6913.451945692618
0.049985146017363584 6969.502638498808
0.049985244357181435 7026.331023947998
0.04998534269699929 7083.952892020882
0.04998544103681714 7142.3844601335995
0.04998553937663499 7201.642387677768
0.04998563771645284 7261.743791157885
0.04998573605627069 7322.706259954993
0.049985834396088544 7384.547872746961
0.049985932735906395 7447.2872146176105
0.04998603107572425 7510.9433948885235
0.0499861294155421 7575.5360657094925
0.04998622775535995 7641.085441445486
0.0499863260951778 7707.612318900229
0.04998642443499565 7775.138098418843
0.049986522774813504 7843.684805914418
0.049986621114631355 7913.275115866087
0.049986719454449206 7983.932375338933
0.04998681779426706 8055.680629079103
0.04998691613408491 8128.544645740702
0.04998701447390276 8202.549945304454
0.04998711281372061 8277.722827751802
0.04998721115353846 8354.090403062006
0.049987309493356315 8431.68062260403
0.049987407833174166 8510.52231199944
0.04998750617299202 8590.6452055374
0.04998760451280987 8672.079982227893
0.04998770285262772 8754.858303584975
0.04998780119244557 8839.012853237586
0.04998789953226342 8924.57737847196
0.049987997872081275 9011.58673381639
0.049988096211899126 9100.076926786438
0.04998819455171698 9190.085165916616
0.04998829289153483 9281.64991121295
0.04998839123135268 9374.810927169972
0.04998848957117053 9469.609338505532
0.04998858791098838 9566.087688777357
0.049988686250806234 9664.290002056734
0.049988784590624086 9764.261847846836
0.04998888293044194 9866.050409446794
0.04998898127025979 9969.70455597661
0.04998907961007764 10075.27491829379
0.04998917794989549 10182.81396904915
0.04998927628971334 10292.376107147635
0.049989374629531194 10404.017746899357
0.049989472969349046 10517.797412167754
0.0499895713091669 10633.775835844524
0.04998966964898475 10752.01606500647
0.0499897679888026 10872.583572136358
0.04998986632862045 10995.546372819888
0.0499899646684383 11120.975150362834
0.049990063008256154 11248.943387807885
0.049990161348074005 11379.527507868856
0.04999025968789186 11512.807021341803
0.04999035802770971 11648.864684598315
0.04999045636752756 11787.786666815984
0.04999055470734541 11929.662727655787
0.04999065304716326 12074.586406155717
0.049990751386981114 12222.655221675532
0.049990849726798965 12373.970887799194
0.04999094806661682 12528.639540180455
0.04999104640643467 12686.771979403522
0.04999114474625252 12848.483930026072
0.04999124308607037 13013.896317076713
0.04999134142588822 13183.13556139449
0.049991439765706074 13356.333895325773
0.049991538105523925 13533.629700434456
0.049991636445341776 13715.16786903745
0.04999173478515963 13901.100191549695
0.04999183312497748 14091.585771814238
0.04999193146479533 14286.791472804873
0.04999202980461318 14486.892395324681
0.04999212814443103 14692.07239258587
0.049992226484248885 14902.52462384832
0.049992324824066736 15118.45215062005
0.04999242316388459 15340.068579286435
0.04999252150370244 15567.598754441844
0.04999261984352029 15801.279507652967
0.04999271818333814 16041.360466893948
0.04999281652315599 16288.104932467453
0.049992914862973845 16541.790825871292
0.049993013202791696 16802.711718797596
0.04999311154260955 17071.177950272413
0.0499932098824274 17347.51784087131
0.04999330822224525 17632.079013997176
0.0499934065620631 17925.22983539787
0.04999350490188095 18227.360983455314
0.049993603241698804 18538.887164318814
0.049993701581516656 18860.248987713254
0.04999379992133451 19191.91502126137
0.04999389826115236 19534.384043459646
0.04999399660097021 19888.187518086263
0.04999409494078806 20253.892315854602
0.04999419328060591 20632.1037126227
0.049994291620423764 21023.46869750901
0.049994389960241616 21428.67962894134
0.04999448830005947 21848.478282093794
0.04999458663987732 22283.66033748178
0.04999468497969517 22735.08036785195
0.04999478331951302 23203.65738912084
0.04999488165933087 23690.381051222306
0.049994979999148724 24196.31855661299
0.049995078338966575 24722.62240821099
0.04999517667878443 25270.539105143685
0.04999527501860228 25841.418924390113
0.04999537335842013 26436.726949883803
0.04999547169823798 27058.055538710993
0.04999557003805583 27707.13844771704
0.049995668377873684 28385.866884391788
0.049995766717691535 29096.30779494327
0.04999586505750939 29840.72476200314
0.04999596339732724 30621.601956995477
0.04999601256723617 31026.55641767626
0.049996061737145096 31441.671606025688
0.049996110907054025 31867.333040263187
0.049996160076962955 32303.94598519832
0.049996209246871884 32751.93673289928
0.04999625841678081 33211.753984340656
0.04999630758668974 33683.87034144319
0.04999635675659867 34168.78391993464
0.0499964059265076 34667.02009460245
0.04999645509641653 35179.13338979232
0.04999650426632546 35705.70952945399
0.04999655343623439 36247.367662667115
0.04999660260614332 36804.762782424994
0.049996651776052246 37378.588357542925
0.049996700945961176 37969.57919992602
0.049996750115870105 38578.51459212326
0.049996799285779034 39206.22170315768
0.04999684845568796 39853.579324115955
0.04999689762559689 40521.52195897304
0.04999694679550582 41211.04431069745
0.04999699596541475 41923.20620792682
0.04999704513532368 42659.13802353243
0.04999709430523261 43420.04664333852
0.04999714347514154 44207.22205128588
0.04999719264505047 45022.04460661742
0.049997241814959396 45865.99309944206
0.049997290984868326 46740.6536835725
0.049997340154777255 47647.72980015774
0.049997389324686184 48589.05322273615
0.04999743849459511 49566.596374394154
0.04999748766450404 50582.48609130879
0.04999753683441297 51639.019034783974
0.0499975860043219 52738.67898682383
0.04999763517423083 53884.15630338323
0.04999768434413976 55078.3698460038
0.04999773351404869 56324.491768203334
0.04999778268395762 57625.975599756865
0.049997831853866546 58986.58815240302
0.049997881023775476 60410.44586769778
0.049997930193684405 61902.05634570257
0.049997979363593334 63466.365936995266
0.04999802853350226 65108.81445657212
0.04999807770341119 66835.39829482282
0.04999812687332012 68652.74346855191
0.04999817604322905 70568.1904877801
0.04999822521313798 72589.89332979347
0.04999827438304691 74726.93533425339
0.04999832355295584 76989.46549341097
0.04999837272286477 79388.85945124358
0.049998421892773696 81937.91060059573
0.049998471062682626 84651.05805388742
0.049998520232591555 87544.66006406967
0.049998569402500484 90637.32383076228
0.04999861857240941 93950.30574021452
0.04999866774231834 97508.00023569891
0.04999871691222727 101338.54109352431
0.0499987660821362 105474.54645912131
0.04999881525204513 109954.04940793724
0.04999886442195406 114821.67026300107
0.04999891359186299 120130.10726106814
0.04999896276177192 125942.05120575218
0.049999011931680847 132332.6718016941
0.049999061101589776 139392.88524146218
0.049999110271498705 147233.70527095284
0.049999159441407634 155992.12139275417
0.04999920861131656 165839.1683876081
0.04999925778122549 176991.20333465008
0.04999930695113442 189725.98307287967
0.04999935612104335 204406.10820854641
0.04999940529095228 221514.09707549342
0.04999945446086121 241706.42717167165
0.04999950363077014 265899.6963849399
0.04999955280067907 295413.6251767211
0.049999601970588 332220.0520033693
0.049999651140496926 379402.4962941215
0.049999700310405855 442068.1229180768
0.049999749480314784 529333.6632086963
0.04999979865022371 659221.1248457184
0.04999984782013264 873044.4395285023
0.04999989699004157 1290999.3205137867
0.0499999461599505 2472360.741186208
0.04999999532985943 28529869.853722136
0.05000004449976836 2996986.863103992
0.05000009366967729 1425137.6170411091
0.05000014283958622 935450.6371389223
0.05000019200949515 696563.6024337573
0.050000241179404076 555082.6904199157
0.050000290349313005 461521.47490104416
0.050000339519221934 395060.4552955377
0.05000038868913086 345414.95555831544
0.05000043785903979 306920.02004945447
0.05000048702894872 276198.4039873781
0.05000053619885765 251111.64791540688
0.05000058536876658 230239.79916040858
0.05000063453867551 212603.02917092788
