0 0.0
0.0004027998939328378 1.0778023086910338e-05
0.0008055997878656756 2.118006283780005e-05
0.0012083996817985135 3.118817580283206e-05
0.0016111995757313513 4.0783107431607846e-05
0.0020139994696641893 4.994422361459527e-05
0.0024167993635970273 5.8649436191160476e-05
0.0028195992575298654 6.687512209069268e-05
0.0032223991514627034 7.459603576176477e-05
0.0036251990453955414 8.178521446167153e-05
0.0040279989393283795 8.841387594404893e-05
0.0044307988332612175 9.445130800278534e-05
0.0048335987271940556 9.986474933487699e-05
0.005236398621126894 0.00010461926101790198
0.005639198515059732 0.00010867758795995996
0.00604199840899257 0.0001120000094707585
0.006444798302925408 0.00011454417819134477
0.006847598196858246 0.00011626494630645468
0.007250398090791084 0.0001171141781992624
0.007653197984723922 0.00011704054814165588
0.008055997878656759 0.00011598932213896518
0.008458797772589597 0.00011390212209949624
0.008861597666522435 0.00011071667138784491
0.009264397560455273 0.00010636651942030895
0.009667197454388111 0.00010078074436936646
0.01006999734832095 9.38836307828872e-05
0.010472797242253787 8.559432157806413e-05
0.010875597136186625 7.582643963699454e-05
0.011278397030119463 6.448767968025848e-05
0.011681196924052301 5.147936257143826e-05
0.01208399681798514 3.6695956089793924e-05
0.012486796711917977 2.0024547420671723e-05
0.012889596605850815 1.3442806952035369e-06
0.013292396499783653 1.9474272300978868e-05
0.013695196393716491 4.2569768896161264e-05
0.01409799628764933 6.809085785919322e-05
0.014500796181582168 9.61969320689704e-05
0.014903596075515006 0.0001270590843724939
0.015306395969447844 0.0001608609175791642
0.01570919586338068 0.000197799844950719
0.016111995757313518 0.0002380877644005963
0.016514795651246354 0.00028195317308510326
0.01691759554517919 0.00032964091087350766
0.017320395439112027 0.0003814167847071559
0.017723195333044863 0.00043756312988918467
0.0181259952269777 0.000498392738903064
0.018528795120910536 0.0005642263351619548
0.018931595014843372 0.0006354453720556208
0.01933439490877621 0.0007123881472201887
0.019737194802709045 0.0007955801131718232
0.02013999469664188 0.0008852402873005261
0.020542794590574717 0.0009823884393576066
0.020945594484507554 0.0010863476154305829
0.02134839437844039 0.00120052446359864
0.021751194272373226 0.001318814222948106
0.022153994166306062 0.0014582509514413644
0.0225567940602389 0.0015791036426477945
0.022959593954171735 0.0017843716172665225
0.02336239384810457 0.001811801966559834
0.02356379379507099 0.0020757015715417992
0.02376519374203741 0.001997225226777033
0.02396659368900383 0.0022224113938609236
0.02416799363597025 0.00218259748473848
0.02436939358293667 0.0023870019452472135
0.02457079352990309 0.002372439077626076
0.02477219347686951 0.0025675922510384197
0.02497359342383593 0.0025695606046207686
0.02517499337080235 0.002763712648545358
0.02537639331776877 0.0027758268110229523
0.02557779326473519 0.002975797725857099
0.02577919321170161 0.0029924974246551272
0.02598059315866803 0.0032050011471973505
0.02618199310563445 0.0032203164472610624
0.02638339305260087 0.0034532318540207996
0.02658479299956729 0.003459389696150339
0.02678619294653371 0.003723423833714712
0.02698759289350013 0.003708783925552517
0.02718899284046655 0.004020170908789922
0.02739039278743297 0.003965630221972383
0.02759179273439939 0.004351065418416233
0.02779319268136581 0.004223212460876091
0.02799459262833223 0.004729530739943755
0.02819599257529865 0.004466828817135671
0.02829669254878186 0.004820926880028331
0.02839739252226507 0.004866401778532925
0.02849809249574828 0.004956901682882986
0.02859879246923149 0.005042281950977667
0.0286994924427147 0.005130008510507267
0.028800192416197908 0.005218960643831316
0.028900892389681118 0.00530935542925004
0.029001592363164328 0.005401192850449377
0.029102292336647538 0.005494510721768542
0.029202992310130748 0.005589340998612968
0.029303692283613958 0.0056857176898788
0.029404392257097168 0.0057836754087325914
0.029505092230580378 0.005883249701941651
0.029605792204063588 0.0059844770218031584
0.029706492177546798 0.006087394772531951
0.029807192151030008 0.0061920413402809515
0.029907892124513218 0.006298456127458607
0.030008592097996428 0.006406679586858921
0.030109292071479637 0.006516753256923913
0.030209992044962847 0.006628719798021265
0.030310692018446057 0.00674262302986417
0.030411391991929267 0.0068585079702288
0.030512091965412477 0.006976420875005829
0.030612791938895687 0.007096409279705895
0.030713491912378897 0.0072185220424776375
0.030814191885862107 0.007342809388714677
0.030914891859345317 0.007469322957377678
0.031015591832828527 0.007598115849052789
0.031116291806311737 0.0077292426758743815
0.031216991779794947 0.007862759613360915
0.03131769175327816 0.007998724454327366
0.03141839172676136 0.008137196664855573
0.03151909170024457 0.008278237442544523
0.031619791673727776 0.008421909777044156
0.03172049164721098 0.008568278513031657
0.03182119162069419 0.00871741041574925
0.031921891594177396 0.008869374239178107
0.0320225915676606 0.009024240797026017
0.03212329154114381 0.009182083036629152
0.032223991514627015 0.009342976115904733
0.03232469148811022 0.00950699748351358
0.03242539146159343 0.009674226962388843
0.032526091435076634 0.00984474683677039
0.03262679140855984 0.010018641942953543
0.03272749138204305 0.010195999763859653
0.032828191355526254 0.010376910527720717
0.03292889132900946 0.01056146731098373
0.03302959130249267 0.010749766145692341
0.03313029127597587 0.01094190613156254
0.03323099124945908 0.011137989552981509
0.033331691222942286 0.011338122001165019
0.03343239119642549 0.011542412501777122
0.0335330911699087 0.011750973648211982
0.033633791143391906 0.01196392174092864
0.03373449111687511 0.012181376933064314
0.03383519109035832 0.012403463382671731
0.033935891063841525 0.012630309411990837
0.03403659103732473 0.012862047674017774
0.03413729101080794 0.013098815326827662
0.034237990984291145 0.013340754216054407
0.03433869095777435 0.013588011065943206
0.03443939093125756 0.013840737679444715
0.034540090904740764 0.014099091147844689
0.03464079087822397 0.014363234070453146
0.03474149085170718 0.014633334784878826
0.03484219082519038 0.014909567608512475
0.03494289079867359 0.015192113091826442
0.035043590772156796 0.015481158284105234
0.03514429074564 0.015776897012367286
0.03524499071912321 0.016079530174238243
0.035345690692606416 0.016389266045489848
0.03544639066608962 0.01670632060315924
0.03554709063957283 0.017030917865126227
0.035647790613056035 0.01736329024708816
0.03574849058653924 0.01770367893800895
0.03584919056002245 0.0180523342950476
0.035949890533505655 0.018409516259218606
0.03605059050698886 0.018775494792945935
0.03615129048047207 0.019150550340887307
0.036251990453955274 0.0195349743154285
0.03635269042743848 0.019929069608306094
0.03645339040092169 0.020333151130087046
0.03655409037440489 0.020747546379091375
0.0366547903478881 0.021172596041736824
0.036755490321371306 0.021608654626181334
0.03685619029485451 0.022056091131446465
0.03695689026833772 0.022515289754254653
0.037057590241820926 0.022986650636036998
0.03715829021530413 0.023470590652722834
0.03725899018878734 0.023967544250080408
0.037359690162270545 0.02447796432771021
0.03746039013575375 0.02500232317475337
0.03756109010923696 0.025541113461036602
0.037661790082720165 0.026094849287137123
0.03776249005620337 0.02666406729763615
0.03786319002968658 0.02724932786165546
0.037963890003169784 0.027851216325631256
0.03806458997665299 0.028470344343054066
0.0381652899501362 0.029107351286928207
0.0382659899236194 0.029762905750532198
0.03836668989710261 0.030437707143077475
0.038467389870585816 0.031132487386923202
0.03856808984406902 0.03184801272391091
0.03866878981755223 0.03258508563873086
0.038769489791035436 0.03334454690815747
0.03887018976451864 0.034127277785378496
0.03897088973800185 0.03493420232994282
0.039071589711485055 0.03576628989404185
0.03917228968496826 0.03662455777765494
0.03927298965845147 0.03751007406505735
0.039373689631934675 0.0384239606578447
0.03947438960541788 0.03936739651863874
0.03957508957890109 0.04034162114441031
0.039675789552384294 0.041347938284992836
0.0397764895258675 0.0423877199310585
0.03987718949935071 0.04346241058738087
0.039977889472833913 0.0445735318648488
0.04007858944631712 0.045722687402975026
0.040179289419800326 0.04691156817444053
0.04027998939328353 0.04814195816726041
0.04038068936676674 0.049415740537058994
0.040481389340249946 0.050734904172950124
0.04058208931373315 0.0521015508758822
0.04068278928721636 0.05351790293025083
0.040783489260699565 0.054986311574360514
0.04088418923418277 0.05650926563273373
0.04098488920766598 0.058089401775948346
0.041085589181149185 0.05972951394857162
0.04118628915463239 0.061432566666209
0.0412869891281156 0.06320170365689393
0.041387689101598804 0.06504026822913467
0.04148838907508201 0.0669518041169539
0.04158908904856522 0.0689400982923889
0.041689789022048424 0.07100914364258415
0.04179048899553163 0.07316326930219219
0.041891188969014836 0.07540692824780848
0.04199188894249804 0.07774521343178264
0.04209258891598125 0.08018281565319896
0.042193288889464456 0.082726393852532
0.04229398886294766 0.0853793609705562
0.04239468883643087 0.08815385783498542
0.042495388809914075 0.09104309413307377
0.04259608878339728 0.0940867885320209
0.04269678875688049 0.09721390687812104
0.042797488730363695 0.10062809909332415
0.0428981887038469 0.10384584879912495
0.04299888867733011 0.10814273411475384
0.04304923866407171 0.10911863859429616
0.043099588650813314 0.11177942473361568
0.04314993863755492 0.11306162595495195
0.04320028862429652 0.1156396034514664
0.043250638611038124 0.11714718948849168
0.04330098859777973 0.11971551943746306
0.04335133858452133 0.12140066137138916
0.043401688571262934 0.12400899608285698
0.04345203855800454 0.12584182903276542
0.04350238854474614 0.12852768859677255
0.04355273853148774 0.13048768192691185
0.043603088518229347 0.1332833573350598
0.04365343850497095 0.13535370833120197
0.04370378849171255 0.13829125532647524
0.043754138478454156 0.14045431927597107
0.04380448846519576 0.14357029604208904
0.04385483845193736 0.14580254580897645
0.043905188438678966 0.14914402823364625
0.04395553842542057 0.1514088125448083
0.04400588841216217 0.15504282151389148
0.044056238398903776 0.15727812469757296
0.04410658838564538 0.16130829482403897
0.04415693837238698 0.1634041128264485
0.044207288359128585 0.16800233298715384
0.04425763834587019 0.16975641050414936
0.044282813339240994 0.17247213354907487
0.0443079883326118 0.17407381306963288
0.044333163325982604 0.17584707898383556
0.04435833831935341 0.17762419556961007
0.044383513312724214 0.17942844847309658
0.04440868830609502 0.18125706841771816
0.044433863299465824 0.1831109849326502
0.04445903829283663 0.1849905972687722
0.044484213286207434 0.18689639757946708
0.04450938827957824 0.18882887625951383
0.044534563272949045 0.19078853723034328
0.04455973826631985 0.19277589582183907
0.044584913259690655 0.19479147951527764
0.04461008825306146 0.19683582821538792
0.044635263246432265 0.19890949461788665
0.04466043823980307 0.2010130445736138
0.044685613233173875 0.2031470574677492
0.04471078822654468 0.2053121266111475
0.044735963219915485 0.2075088596450172
0.04476113821328629 0.20973787895918505
0.044786313206657095 0.21199982212463198
0.0448114882000279 0.21429534234084713
0.044836663193398706 0.2166251088983806
0.04486183818676951 0.21898980765756804
0.044887013180140316 0.22139014154365455
0.04491218817351112 0.2238268310592879
0.044937363166881926 0.2263006148149529
0.04496253816025273 0.22881225007801476
0.044987713153623536 0.2313625133411783
0.04501288814699434 0.23395220091131108
0.045038063140365146 0.23658212951908908
0.04506323813373595 0.23925313695070827
0.045088413127106756 0.24196608270237618
0.04511358812047756 0.24472184865849655
0.04513876311384837 0.24752133979467317
0.04516393810721917 0.25036548490643185
0.04518911310058998 0.25325523736489686
0.04521428809396078 0.256191575900381
0.04523946308733159 0.25917550541529266
0.04526463808070239 0.2622080578273476
0.0452898130740732 0.26529029294472295
0.045314988067444 0.26842329937416665
0.04534016306081481 0.27160819546381987
0.04536533805418561 0.27484613028204663
0.04539051304755642 0.2781382846340179
0.04541568804092722 0.2814858721175213
0.04544086303429803 0.28489014021996795
0.04546603802766883 0.2883523714583198
0.04549121302103964 0.2918738845637634
0.04551638801441044 0.2954560357133822
0.04554156300778125 0.29910021981078216
0.04556673800115205 0.30280787181798274
0.04559191299452286 0.3065804681409112
0.04561708798789366 0.3104195280709412
0.04564226298126447 0.3143266152852213
0.045667437974635273 0.3183033394082919
0.04569261296800608 0.3223513576381407
0.045717787961376884 0.3264723764395683
0.04574296295474769 0.33066815330812105
0.045768137948118494 0.3349404986079705
0.0457933129414893 0.33929127748726273
0.045818487934860104 0.3437224118748077
0.04584366292823091 0.34823588256188387
0.045868837921601714 0.3528337313734724
0.04589401291497252 0.3575180634332824
0.045919187908343324 0.36229104952725777
0.04594436290171413 0.36715492857032217
0.045969537895084935 0.3721120101818798
0.04599471288845574 0.3771646773751911
0.046019887881826545 0.3823153893665676
0.04604506287519735 0.38756668451079435
0.046070237868568155 0.3929211833685855
0.04609541286193896 0.3983815919138536
0.046120587855309765 0.4039507048871087
0.04614576284868057 0.40963140930353603
0.046170937842051375 0.4154266881232971
0.04619611283542218 0.4213396240929512
0.046221287828792985 0.4273734037672057
0.04624646282216379 0.43353132172051545
0.046271637815534596 0.439816784959163
0.0462968128089054 0.446233317544241
0.046321987802276206 0.45278456543790213
0.04634716279564701 0.45947430158434344
0.046372337789017816 0.46630643123940985
0.04639751278238862 0.4732849975623452
0.046422687775759426 0.48041418748452
0.04644786276913023 0.48769833787124384
0.046473037762501036 0.4951419419929479
0.04649821275587184 0.5027496563241698
0.046523387749242646 0.5105263076888633
0.04654856274261345 0.5184769007729173
0.04657373773598426 0.5266066260249147
0.04659891272935506 0.5349208679688289
0.04662408772272587 0.5434252139529292
0.04664926271609667 0.5521254633612784
0.04667443770946748 0.561027637316144
0.04669961270283828 0.5701379889012799
0.04672478769620909 0.5794630139380814
0.04674996268957989 0.5890094623494235
0.0467751376829507 0.5987843501473904
0.0468003126763215 0.6087949720851071
0.04682548766969231 0.6190489150142113
0.04685066266306311 0.6295540719938373
0.04687583765643392 0.6403186571992237
0.04690101264980472 0.6513512216827948
0.04692618764317553 0.66266067004279
0.04695136263654633 0.6742562780607599
0.04697653762991714 0.6861477113716319
0.04700171262328794 0.6983450452367066
0.04702688761665875 0.7108587854941035
0.04705206261002955 0.7236998907676693
0.04707723760340036 0.7368797960208795
0.047102412596771163 0.750410437550407
0.04712758759014197 0.7643042795194432
0.047152762583512774 0.7785743421411837
0.04717793757688358 0.7932342316295404
0.047203112570254384 0.8082981720458235
0.04722828756362519 0.8237810391782929
0.047253462556995994 0.8396983966056979
0.0472786375503668 0.8560665341046985
0.047303812543737604 0.8729025085795357
0.04732898753710841 0.8902241877013211
0.047354162530479214 0.908050296467799
0.04737933752385002 0.9264004669031607
0.047404512517220825 0.9452952911499821
0.04742968751059163 0.9647563782081932
0.047454862503962435 0.9848064146275988
0.04748003749733324 1.0054692294447847
0.047505212490704045 1.0267698637466367
0.04753038748407485 1.0487346451800121
0.047555562477445655 1.0713912679053976
0.04758073747081646 1.0947688783098144
0.047605912464187265 1.1188981671832394
0.04763108745755807 1.1438114685589724
0.047656262450928875 1.1695428663605014
0.04768143744429968 1.1961283085944103
0.047706612437670486 1.2236057313306148
0.04773178743104129 1.252015190649054
0.047756962424412096 1.2813990079351356
0.0477821374177829 1.3118019215143377
0.047807312411153706 1.3432712599433216
0.04781989990783911 1.359375028332984
0.04783248740452451 1.375759637958808
0.047845074901209914 1.3924316668370125
0.047857662397895316 1.4093978885268896
0.04787024989458072 1.4266652744006478
0.04788283739126612 1.4442410028882477
0.047895424887951524 1.46213246584702
0.047908012384636926 1.480347276767624
0.04792059988132233 1.4988932785552365
0.04793318737800773 1.517778552023934
0.047945774874693134 1.537011424557754
0.047958362371378536 1.5566004792438548
0.04797094986806394 1.576554564346253
0.04798353736474934 1.5968828032194438
0.047996124861434744 1.617594604639109
0.04800871235812015 1.6386996735960935
0.04802129985480555 1.6602080225625855
0.04803388735149095 1.682129983262925
0.048046474848176354 1.7044762189705978
0.04805906234486176 1.7272577373603468
0.04807164984154716 1.7504859039436838
0.04808423733823256 1.774172456118535
0.048096824834917964 1.7983295178652554
0.04810941233160337 1.822969615123185
0.04812199982828877 1.848105691884058
0.04813458732497417 1.8737511270407765
0.048147174821659575 1.89991975203219
0.04815976231834498 1.9266258693275518
0.04817234981503038 1.95388427179617
0.04818493731171578 1.981710263011209
0.048197524808401185 2.0101196785395388
0.04821011230508659 2.039128908272815
0.04822269980177199 2.06875491985798
0.04823528729845739 2.099015283290271
0.048247874795142795 2.1299281967338715
0.0482604622918282 2.1615125136419664
0.0482730497885136 2.193787771250882
0.048285637285199 2.2267742205282275
0.048298224781884405 2.260492857660708
0.04831081227856981 2.29496545717285
0.04832339977525521 2.330214606773353
0.04833598727194061 2.366263744033276
0.048348574768626015 2.4031371950066927
0.04836116226531142 2.440860214911922
0.04837374976199682 2.4794590310006157
0.04838633725868222 2.518960887749415
0.048398924755367626 2.5593940945191633
0.04841151225205303 2.6007880758374284
0.04842409974873843 2.6431734244694383
0.04843668724542383 2.6865819574564114
0.048449274742109236 2.7310467753121515
0.04846186223879464 2.7766023245821145
0.04847444973548004 2.8232844639860843
0.04848703723216544 2.871130534379688
0.048499624728850846 2.920179432789567
0.04851221222553625 2.9704716907949518
0.04852479972222165 3.0220495575492805
0.048537387218907053 3.0749570877592163
0.048549974715592456 3.129240234960932
0.04856256221227786 3.184946950461736
0.04857514970896326 3.2421272883435392
0.048587737205648664 3.3008335169558904
0.048600324702334066 3.36112023736041
0.04861291219901947 3.4230445092271253
0.04862549969570487 3.4866659847214976
0.048638087192390274 3.552047050968625
0.048650674689075676 3.619252981725637
0.04866326218576108 3.688352098951171
0.04866955593410378 3.723587277186084
0.048675849682446475 3.7593188387528755
0.04868214343078917 3.795556161313968
0.04868843717913187 3.8323088442322586
0.04869473092747457 3.86958671490315
0.048701024675817266 3.9073998352973973
0.048707318424159964 3.9457585087234577
0.04871361217250266 3.984673286817369
0.04871990592084536 4.024154976769438
0.04872619966918806 4.0642146487965505
0.048732493417530755 4.10486364387026
0.04873878716587345 4.14611358171004
0.04874508091421615 4.187976369052819
0.04875137466255885 4.230464208209554
0.048757668410901546 4.273589605920009
0.048763962159244244 4.31736538251846
0.04877025590758694 4.361804681421916
0.04877654965592964 4.406920978954673
0.04878284340427234 4.45272809452274
0.048789137152615035 4.499240201151963
0.04879543090095773 4.546471836405814
0.04880172464930043 4.594437913697391
0.04880801839764313 4.643153734012969
0.048814312145985826 4.6926349980635536
0.048820605894328524 4.742897818883193
0.04882689964267122 4.7939587348922
0.04883319339101392 4.845834723445364
0.04883948713935662 4.8985432148858195
0.048845780887699315 4.952102107126194
0.04885207463604201 5.006529780779971
0.04885836838438471 5.061845114866529
0.04886466213272741 5.118067503115327
0.048870955881070106 5.175216870895042
0.048877249629412804 5.233313692795733
0.0488835433777555 5.292379010892333
0.0488898371260982 5.352434453720491
0.0488961308744409 5.413502255996107
0.048902424622783595 5.475605279112571
0.04890871837112629 5.538767032450352
0.04891501211946899 5.603011695536679
0.04892130586781169 5.66836414109369
0.04892759961615439 5.734849959016259
0.048933893364497084 5.802495481322566
0.04894018711283978 5.8713278081227855
0.04894648086118248 5.941374834653544
0.04895277460952518 6.012665279428759
0.048959068357867876 6.08522871355926
0.04896536210621057 6.1590955912976
0.04897165585455327 6.234297281866247
0.04897794960289597 6.310866102632417
0.04898424335123867 6.38883535369294
0.048990537099581365 6.468239353940504
0.04899683084792406 6.549113478682017
0.04900312459626676 6.631494198887623
0.04900941834460946 6.715419122150735
0.049015712092952156 6.800927035444687
0.049022005841294854 6.888057949767784
0.04902829958963755 6.976853146770566
0.04903459333798025 7.067355227469619
0.04904088708632295 7.159608163151461
0.049047180834665645 7.253657348583516
0.04905347458300834 7.349549657649703
0.04905976833135104 7.447333501539077
0.04906606207969374 7.547058889621752
0.049072355828036436 7.648777493155308
0.049078649576379134 7.752542711972495
0.04908494332472183 7.858409744311359
0.04909123707306453 7.966435659957597
0.04909753082140723 8.076679476880372
0.049103824569749925 8.18920224155292
0.04911011831809262 8.304067113162944
0.04911641206643532 8.421339451928304
0.04912270581477802 8.541086911748977
0.049128999563120716 8.66337953744042
0.049135293311463414 8.788289866808384
0.04914158705980611 8.915893037843375
0.04914788080814881 9.046266901330569
0.04915417455649151 9.179492139188255
0.049160468304834205 9.315652388872905
0.0491667620531769 9.454834374206541
0.0491730558015196 9.597128043010116
0.04917620267569095 9.669426934604076
0.0491793495498623 9.742535946707989
0.04918249642403365 9.81646723602816
0.049185643298205 9.891233187808922
0.049188790172376345 9.966846421013884
0.049191937046547694 10.043319793643974
0.04919508392071904 10.120666408197337
0.04919823079489039 10.198899617275288
0.04920137766906174 10.278033029338104
0.04920452454323309 10.358080514616091
0.04920767141740444 10.439056211180258
0.04921081829157579 10.520974531177927
0.04921396516574714 10.60385016723805
0.049217112039918486 10.687698099051744
0.049220258914089834 10.772533600133329
0.04922340578826118 10.858372244768105
0.04922655266243253 10.945229915152254
0.04922969953660388 11.03312280873078
0.04923284641077523 11.12206744574101
0.04923599328494658 11.21208067696648
0.04923914015911793 11.303179691709573
0.04924228703328928 11.39538202598888
0.049245433907460626 11.488705570969273
0.049248580781631975 11.583168581631725
0.04925172765580332 11.678789685691441
0.04925487452997467 11.775587892771313
0.04925802140414602 11.873582603840418
0.04926116827831737 11.972793620925358
0.04926431515248872 12.073241157103865
0.04926746202666007 12.174945846790308
0.04927060890083142 12.277928756322439
0.049273755775002766 12.38221139485998
0.049276902649174115 12.487815725604861
0.049280049523345464 12.594764177355245
0.04928319639751681 12.70307965640339
0.04928634327168816 12.81278555878987
0.04928949014585951 12.923905782926397
0.04929263702003086 13.036464742599833
0.04929578389420221 13.150487380370322
0.04929893076837356 13.265999181377822
0.049302077642544906 13.383026187570948
0.049305224516716255 13.501595012373116
0.049308371390887604 13.621732855801298
0.04931151826505895 13.743467520053485
0.0493146651392303 13.866827425581874
0.04931781201340165 13.991841627668208
0.049320958887573 14.118539833520515
0.04932410576174435 14.246952419909633
0.0493272526359157 14.37711045136382
0.049330399510087046 14.509045698944306
0.049333546384258395 14.642790659620943
0.049336693258429744 14.77837857627037
0.04933984013260109 14.915843458320694
0.04934298700677244 15.055220103065636
0.04934613388094379 15.196544117673284
0.04934928075511514 15.339851941915924
0.04935242762928649 15.485180871647401
0.04935557450345784 15.632569083056978
0.049358721377629186 15.78205565772845
0.049361868251800535 15.933680608536037
0.049365015125971884 16.087484906408037
0.04936816200014323 16.243510507993363
0.04937130887431458 16.401800384263566
0.04937445574848593 16.562398550089483
0.04937760262265728 16.72535009482783
0.04938074949682863 16.890701213960057
0.04938389637099998 17.058499241822517
0.049387043245171326 17.228792685473337
0.049390190119342675 17.4016312597403
0.049393336993514024 17.577065923496463
0.04939648386768537 17.755148917214825
0.04939963074185672 17.935933801851718
0.04940277761602807 18.1194754991146
0.04940592449019942 18.305830333169922
0.04940907136437077 18.495056073850577
0.04941221823854212 18.687211981425207
0.049415365112713466 18.88235885299332
0.049418511986884815 19.08055907057519
0.049421658861056164 19.281876650967178
0.04942480573522751 19.486377297436746
0.04942795260939886 19.694128453335708
0.04943109948357021 19.905199357712775
0.04943424635774156 20.11966110301242
0.04943739323191291 20.33758669494847
0.04944054010608426 20.559051114647474
0.049443686980255606 20.78413138316128
0.049446833854426955 21.012906628451447
0.049449980728598304 21.245458154955145
0.04945312760276965 21.481869515847137
0.049456274476941 21.72222658811728
0.04945942135111235 21.966617650590337
0.0494625682252837 22.215133465019846
0.04946571509945505 22.467867360397264
0.0494688619736264 22.724915320619573
0.04947200884779775 22.986376075673434
0.049475155721969095 23.252351196494146
0.049478302596140444 23.52294519367277
0.04948144947031179 23.798265620189255
0.04948459634448314 24.078423178361106
0.04948774321865449 24.363531831205904
0.04949089009282584 24.65370891842892
0.04949403696699719 24.949075277254195
0.04949561040408287 25.09870194791634
0.049497183841168545 25.24967057689986
0.04949875727825422 25.401997274259145
0.0495003307153399 25.555698392513307
0.04950190415242558 25.710790531043102
0.049503477589511256 25.867290540582104
0.049505051026596934 26.025215527802857
0.04950662446368261 26.18458286000123
0.04950819790076829 26.34541016988149
0.04950977133785397 26.507715360442887
0.049511344774939646 26.67151660997348
0.049512918212025324 26.836832377150273
0.049514491649111 27.003681406250905
0.04951606508619668 27.172082732478458
0.04951763852328236 27.342055687402222
0.049519211960368036 27.513619904518407
0.049520785397453713 27.686795324931722
0.04952235883453939 27.861602203163528
0.04952393227162507 28.038061113087423
0.04952550570871075 28.21619295399671
0.049527079145796425 28.396018956807012
0.0495286525828821 28.57756069039715
0.04953022601996778 28.76084006809208
0.04953179945705346 28.945879354291463
0.04953337289413914 29.13270117124739
0.049534946331224815 29.32132850599612
0.04953651976831049 29.511784717445323
0.04953809320539617 29.704093543625277
0.04953966664248185 29.898279109102816
0.049541240079567526 30.094365932567257
0.049542813516653204 30.292378934589806
0.04954438695373888 30.49234344556129
0.04954596039082456 30.694285213814794
0.04954753382791024 30.898230413936233
0.049549107264995916 31.10420565526846
0.049550680702081594 31.31223799061428
0.04955225413916727 31.52235492514336
0.04955382757625295 31.734584425508956
0.04955540101333863 31.94895492917965
0.049556974450424306 32.16549535399247
0.049558547887509984 32.38423510793291
0.04956012132459566 32.605204099148125
0.04956169476168134 32.82843274619961
0.04956326819876702 33.05395198856314
0.049564841635852695 33.281793297380545
0.04956641507293837 33.51198868647219
0.04956798851002405 33.74457072361673
0.04956956194710973 33.97957254210485
0.04957113538419541 34.21702785257702
0.049572708821281085 34.45697095514953
0.04957428225836676 34.69943675184055
0.04957585569545244 34.94446075930267
0.04957742913253812 35.19207912187079
0.0495790025696238 35.44232862493516
0.049580576006709474 35.69524670864786
0.04958214944379515 35.9508714819728
0.04958372288088083 36.20924173708943
0.04958529631796651 36.47039696415993
0.049586869755052186 36.73437736646969
0.049588443192137864 37.001223875954565
0.04959001662922354 37.270978169122145
0.04959159006630922 37.54368268338277
0.0495931635033949 37.81938063379869
0.049594736940480576 38.09811603026725
0.049596310377566254 38.37993369514743
0.04959788381465193 38.66487928134609
0.04959945725173761 38.95299929087463
0.04960103068882329 39.244341093893524
0.049602604125908965 39.53895294825594
0.04960417756299464 39.836884019568174
0.04960575100008032 40.13818440178164
0.049607324437166 40.44290513833187
0.04960889787425168 40.75109824384208
0.049610471311337355 41.062816726409096
0.04961204474842303 41.378114610488296
0.04961361818550871 41.69704696039605
0.04961519162259439 42.01966990445129
0.04961676505968007 42.34604065977294
0.049618338496765745 42.67621755775457
0.04961991193385142 43.0102600702395
0.0496214853709371 43.34822883641658
0.04962305880802278 43.690185690458634
0.049624632245108456 44.03619368992969
0.049626205682194134 44.386317144984105
0.04962777911927981 44.74062164838239
0.04962935255636549 45.09917410635097
0.04963092599345117 45.462042770313246
0.049632499430536846 45.82929726951903
0.049634072867622524 46.201008644603235
0.0496356463047082 46.577249382102764
0.04963721974179388 46.958093449963314
0.04963879317887956 47.34361633407053
0.049640366615965235 47.73389507583619
0.04964194005305091 48.129008310877225
0.04964351349013659 48.52903630882287
0.04964508692722227 48.93406101428866
0.04964666036430795 49.34416608905417
0.049648233801393625 49.75943695548909
0.0496498072384793 50.17996084126611
0.04965138067556498 50.60582682540729
0.04965295411265066 51.03712588570835
0.04965452754973634 51.473950947588605
0.049656100986822015 51.91639693441488
0.04965767442390769 52.36456081935302
0.04965924786099337 52.818541678796805
0.04966082129807905 53.27844074743297
0.049662394735164726 53.744361474997106
0.049663968172250404 54.216409584782014
0.04966554160933608 54.69469313395916
0.04966711504642176 55.179322575780134
0.04966868848350744 55.67041082372225
0.049670261920593116 56.16807331765176
0.049671835357678794 56.6724280920742
0.04967340879476447 57.1835958465511
0.04967498223185015 57.70170001835805
0.04967655566893583 58.226866857470156
0.049678129106021506 58.759225503958874
0.04967970254310718 59.298908067887965
0.04968127598019286 59.846049711804824
0.04968284941727854 60.400788735919946
0.04968442285436422 60.96326666608047
0.049685996291449895 61.533628344636725
0.04968756972853557 62.11202202431849
0.04968914316562125 62.69859946522911
0.04969071660270693 63.29351603508093
0.04969229003979261 63.896930812795176
0.049693863476878285 64.50900669559536
0.04969543691396396 65.12991050973199
0.04969701035104964 65.75981312497771
0.04969858378813532 66.39888957304288
0.049700157225220996 67.04731917006427
0.049701730662306674 67.70528564332932
0.04970251738084951 68.03786349412081
0.04970330409939235 68.37289468722122
0.04970409081793519 68.71040346619253
0.04970487753647803 69.05041437535937
0.04970566425502087 69.3929522643075
0.04970645097356371 69.73804229246241
0.04970723769210655 70.08570993374792
0.049708024410649386 70.43598098132628
0.049708811129192225 70.78888155242322
0.049709597847735064 71.1444380932374
0.0497103845662779 71.50267738393734
0.04971117128482074 71.86362654374756
0.04971195800336358 72.22731303612483
0.04971274472190642 72.59376467402814
0.04971353144044926 72.96300962528233
0.0497143181589921 73.33507641803845
0.04971510487753494 73.7099939463323
0.049715891596077776 74.08779147574472
0.049716678314620615 74.4684986491626
0.049717465033163454 74.85214549264617
0.04971825175170629 75.23876242140261
0.04971903847024913 75.62838024586893
0.04971982518879197 76.02103017790608
0.04972061190733481 76.41674383710745
0.04972139862587765 76.81555325722275
0.04972218534442049 77.21749089270162
0.049722972062963326 77.62258962535736
0.049723758781506165 78.03088277115535
0.049724545500049004 78.44240408712722
0.04972533221859184 78.85718777841413
0.04972611893713468 79.27526850544297
0.04972690565567752 79.69668139123547
0.04972769237422036 80.12146202885708
0.0497284790927632 80.54964648900477
0.04972926581130604 80.98127132773851
0.04973005252984888 81.41637359436135
0.049730839248391716 81.85499083944734
0.049731625966934555 82.29716112302395
0.049732412685477394 82.74292302291099
0.04973319940402023 83.19231564321854
0.04973398612256307 83.64537862301029
0.04973477284110591 84.10215214513255
0.04973555955964875 84.56267694521546
0.04973634627819159 85.02699432084717
0.04973713299673443 85.49514614092851
0.049737919715277266 85.96717485520986
0.049738706433820105 86.44312350401344
0.049739493152362944 86.92303572814785
0.04974027987090578 87.40695577901818
0.04974106658944862 87.89492852893386
0.04974185330799146 88.38699948162292
0.0497426400265343 88.88321478295353
0.04974342674507714 89.38362123186994
0.04974421346361998 89.88826629154642
0.04974500018216282 90.39719810076502
0.049745786900705656 90.91046548552214
0.049746573619248495 91.42811797086847
0.049747360337791334 91.95020579298864
0.04974814705633417 92.47677991152608
0.04974893377487701 93.00789202215776
0.04974972049341985 93.5435945694258
0.04975050721196269 94.08394075983273
0.04975129393050553 94.6289845752022
0.04975208064904837 95.17878078631895
0.04975286736759121 95.73338496684676
0.049753654086134046 96.29285350753628
0.049754440804676885 96.85724363072842
0.049755227523219724 97.4266134051573
0.04975601424176256 98.00102176106657
0.0497568009603054 98.58052850563791
0.04975758767884824 99.16519433874743
0.04975837439739108 99.7550808690529
0.04975916111593392 100.35025063042139
0.04975994783447676 100.9507670987058
0.049760734553019596 101.5566947088775
0.049761521271562435 102.16809887252612
0.049762307990105274 102.78504599573324
0.04976309470864811 103.40760349733057
0.04976388142719095 104.03583982755094
0.04976466814573379 104.66982448708399
0.04976545486427663 105.30962804654297
0.04976624158281947 105.95532216635723
0.04976702830136231 106.60697961709843
0.04976781501990515 107.26467430025019
0.049768601738447986 107.9284812694371
0.049769388456990825 108.59847675211785
0.049770175175533664 109.27473817176207
0.0497709618940765 109.95734417051568
0.04977174861261934 110.64637463237284
0.04977253533116218 111.34191070686433
0.04977332204970502 112.04403483327644
0.04977410876824786 112.75283076541547
0.0497748954867907 113.46838359692907
0.04977568220533354 114.19077978720117
0.049776468923876376 114.92010718783456
0.049777255642419214 115.65645506973777
0.04977804236096205 116.39991415082898
0.04977882907950489 117.15057662437664
0.04977961579804773 117.90853618799144
0.04978040251659057 118.67388807328763
0.04978118923513341 119.44672907623197
0.04978197595367625 120.22715758819703
0.04978276267221909 121.01527362773976
0.049783549390761926 121.81117887312263
0.049784336109304765 122.61497669559992
0.049785122827847604 123.42677219348656
0.04978590954639044 124.24667222703431
0.04978669626493328 125.0747854541346
0.04978748298347612 125.9112223668709
0.04978826970201896 126.75609532894612
0.0497890564205618 127.60951861400633
0.04978984313910464 128.47160844488633
0.04979062985764748 129.3424830338048
0.049791416576190316 130.22226262353126
0.049792203294733155 131.11106952955691
0.049792990013275994 132.00902818329183
0.04979377673181883 132.91626517632346
0.04979456345036167 133.83290930576118
0.04979535016890451 134.75909162070036
0.04979613688744735 135.69494546983788
0.04979692360599019 136.6406065502697
0.04979771032453303 137.59621295750833
0.049798497043075866 138.5619052367498
0.049799283761618705 139.53782643543047
0.049800070480161544 140.52412215711
0.04980085719870438 141.52094061671937
0.04980164391724722 142.52843269721018
0.04980243063579006 143.5467520076529
0.0498032173543329 144.57605494282018
0.04980400407287574 145.61650074430088
0.04980479079141858 146.66825156319635
0.04980557750996142 147.73147252443357
0.049806364228504256 148.80633179275583
0.049807150947047095 149.89300064043334
0.049807937665589934 150.99165351674856
0.04980872438413277 152.10246811930858
0.04980951110267561 153.22562546724225
0.04981029782121845 154.36130997633654
0.04981108453976129 155.50970953617275
0.04981187125830413 156.67101558932382
0.04981265797684697 157.84542321267634
0.04981344469538981 159.0331312009423
0.049814231413932646 160.23434215242992
0.049815018132475485 161.44926255714256
0.049815804851018324 162.67810288727821
0.04981659156956116 163.92107769020663
0.049817378288104 165.17840568400243
0.04981816500664684 166.45030985561323
0.04981895172518968 167.7370175617466
0.04981973844373252 169.03876063256598
0.04982052516227536 170.3557754782811
0.049821311880818196 171.6883031987312
0.049822098599361035 173.0365896960517
0.049822885317903874 174.40088579052986
0.04982367203644671 175.78144733975228
0.04982445875498955 177.17853536114933
0.04982524547353239 178.59241615805138
0.04982603219207523 180.023361449371
0.04982681891061807 181.47164850303284
0.04982760562916091 182.93756027327595
0.04982839234770375 184.42138554195526
0.049829179066246586 185.92341906398212
0.049829965784789425 187.44396171703875
0.049830752503332264 188.98332065571344
0.0498315392218751 190.54180947020814
0.04983232594041794 192.11974834977332
0.04983271929968936 192.91607373808176
0.04983311265896078 193.71738332958455
0.0498335060182322 194.52371906577673
0.04983389937750362 195.33512333289593
0.04983429273677504 196.1516389676275
0.04983468609604646 196.97330926289635
0.04983507945531788 197.80017797374524
0.0498354728145893 198.63228932330378
0.04983586617386072 199.46968800884576
0.049836259533132136 200.3124192079414
0.049836652892403556 201.1605285847005
0.049837046251674975 202.01406229611382
0.049837439610946395 202.87306699849012
0.049837832970217814 203.7375898539924
0.049838226329489234 204.60767853727327
0.04983861968876065 205.48338124221732
0.04983901304803207 206.36474668878134
0.04983940640730349 207.25182412994593
0.04983979976657491 208.1446633587724
0.04984019312584633 209.0433147155701
0.04984058648511775 209.94782909517573
0.04984097984438917 210.85825795434698
0.04984137320366059 211.7746533192718
0.04984176656293201 212.69706779319426
0.04984215992220343 213.625554564165
0.04984255328147485 214.5601674129075
0.04984294664074627 215.50096072081521
0.04984334000001769 216.44798947807078
0.04984373335928911 217.40130929189854
0.049844126718560526 218.36097639494585
0.049844520077831946 219.32704765379765
0.049844913437103365 220.29958057763156
0.049845306796374785 221.27863332700656
0.049845700155646204 222.2642647227982
0.04984609351491762 223.25653425527446
0.04984648687418904 224.2555020933204
0.04984688023346046 225.26122909381115
0.04984727359273188 226.27377681113876
0.0498476669520033 227.29320750689203
0.04984806031127472 228.31958415969723
0.04984845367054614 229.3529704752175
0.04984884702981756 230.3934308963186
0.04984924038908898 231.44103061339968
0.0498496337483604 232.49583557489598
0.04985002710763182 233.5579124979555
0.04985042046690324 234.6273288792911
0.04985081382617466 235.70415300621505
0.04985120718544608 236.7884539678554
0.049851600544717496 237.88030166656074
0.049851993903988916 238.97976682949684
0.049852387263260335 240.0869210204354
0.049852780622531755 241.20183665174397
0.049853173981803174 242.32458699657707
0.049853567341074594 243.4552462012732
0.04985396070034601 244.5938892979617
0.04985435405961743 245.74059221738537
0.04985474741888885 246.89543180194107
0.04985514077816027 248.05848581894327
0.04985553413743169 249.22983297411326
0.04985592749670311 250.4095529253035
0.04985632085597453 251.59772629645465
0.04985671421524595 252.79443469179625
0.04985710757451737 253.99976071029153
0.04985750093378879 255.21378796033434
0.04985789429306021 256.43660107470146
0.04985828765233163 257.66828572576435
0.04985868101160305 258.90892864096986
0.049859074370874466 260.15861761859003
0.049859467730145886 261.41744154374885
0.049859861089417305 262.6854904047341
0.049860254448688725 263.9628553095954
0.049860647807960144 265.24962850303734
0.049861041167231564 266.5459033836123
0.04986143452650298 267.85177452122116
0.0498618278857744 269.16733767492406
0.04986222124504582 270.4926898110739
0.04986261460431724 271.82792912177274
0.04986300796358866 273.1731550436617
0.04986340132286008 274.5284682770516
0.0498637946821315 275.89397080539743
0.04986418804140292 277.26976591513005
0.04986458140067434 278.65595821584543
0.04986497475994576 280.0526536608663
0.04986536811921718 281.45995956817706
0.0498657614784886 282.87798464174523
0.04986615483776002 284.30683899323617
0.049866548197031436 285.7466341641275
0.049866941556302856 287.1974831482323
0.049867334915574275 288.6595004146433
0.049867728274845695 290.13280193110234
0.049868121634117114 291.61750518780764
0.049868514993388534 293.11372922166504
0.04986890835265995 294.62159464099784
0.04986930171193137 296.14122365071887
0.04986969507120279 297.6727400779813
0.04987008843047421 299.2162693983122
0.04987048178974563 300.771938762246
0.04987087514901705 302.339877022461
0.04987126850828847 303.92021476144146
0.04987166186755989 305.51308431966174
0.04987205522683131 307.1186198243189
0.04987244858610273 308.73695721861486
0.04987284194537415 310.3682342916077
0.04987323530464557 312.01259070863864
0.04987362866391699 313.67016804235516
0.04987402202318841 315.34110980433536
0.049874415382459826 317.0255614773323
0.049874808741731246 318.7236705481521
0.049875202101002665 320.43558654117817
0.049875595460274084 322.16146105255734
0.049875988819545504 323.9014477850628
0.04987638217881692 325.6557025836504
0.04987677553808834 327.4243834717213
0.04987716889735976 329.20765068811136
0.04987756225663118 331.00566672482023
0.0498779556159026 332.8185963655002
0.04987834897517402 334.64660672471985
0.04987874233444544 336.4898672880222
0.04987913569371686 338.3485499527975
0.04987952905298828 340.2228290699851
0.0498799224122597 342.1128814866279
0.04988031577153112 344.018886589299
0.04988070913080254 345.9410263484191
0.04988110249007396 347.87948536348847
0.04988149584934538 349.83445090925295
0.049881889208616796 351.80611298282895
0.049882282567888216 353.79466435180507
0.049882675927159635 355.80030060335355
0.049883069286431055 357.82322019436424
0.049883462645702474 359.8636245026353
0.049883856004973894 361.92171787914094
0.04988424936424531 363.9977077014047
0.04988464272351673 366.09180442800414
0.04988503608278815 368.2042216542353
0.04988542944205957 370.33517616896654
0.04988582280133099 372.48488801270844
0.04988621616060241 374.6535805369334
0.04988660951987383 376.841480464671
0.04988700287914525 379.0488179524167
0.04988739623841667 381.27582665338434
0.04988778959768809 383.5227437821321
0.04988818295695951 385.7898101806053
0.04988857631623093 388.0772703856228
0.04988896967550235 390.38537269785047
0.049889363034773766 392.7143692522957
0.049889756394045186 395.0645160903614
0.049890149753316605 397.4360732335033
0.049890543112588025 399.82930475852913
0.049890936471859444 402.2444788745795
0.049891329831130864 404.6818680018414
0.04989172319040228 407.14174885203045
0.0498921165496737 409.62440251069575
0.04989250990894512 412.1301145213878
0.04989290326821654 414.6591749717488
0.04989329662748796 417.21187858156054
0.04989368998675938 419.7885247928175
0.0498940833460308 422.38941786187024
0.04989447670530222 425.0148669536943
0.04989487006457364 427.66518623834565
0.04989526342384506 430.34069498965493
0.04989565678311648 433.0417176862288
0.0498960501423879 435.76858411481555
0.04989644350165932 438.5216294760968
0.049896836860930736 441.3011944929798
0.049897230220202156 444.10762552145025
0.049897623579473575 446.9412746640588
0.049898016938744995 449.8024998861173
0.049898410298016414 452.6916651346719
0.049898803657287834 455.6091404603392
0.04989919701655925 458.5553021420768
0.04989959037583067 461.53053281497614
0.04989998373510209 464.5352216011594
0.04990037709437351 467.56976424386903
0.04990077045364493 470.63456324483957
0.04990116381291635 473.73002800504526
0.04990155717218777 476.85657496891974
0.04990195053145919 480.0146277721457
0.04990234389073061 483.20461739312066
0.04990273725000203 486.42698230819815
0.04990313060927345 489.682168650823
0.04990352396854487 492.97063037466285
0.04990391732781629 496.29282942086365
0.049904310687087707 499.649235889538
0.049904704046359126 503.04032821562373
0.049905097405630545 506.4665933492288
0.049905490764901965 509.92852694060696
0.049905884124173384 513.4266335298919
0.049906277483444804 516.9614267417403
0.04990667084271622 520.5334294850257
0.04990706420198764 524.1431741577369
0.04990745756125906 527.7912028572388
0.04990785092053048 531.4780675960583
0.0499082442798019 535.2043305233631
0.04990863763907332 538.9705641523084
0.04990903099834474 542.7773515934309
0.04990942435761616 546.6252867942791
0.04990981771688758 550.5149747854675
0.049910211076159 554.447031933366
0.04991060443543042 558.422086199618
0.04991099779470184 562.4407774077116
0.04991139115397326 566.5037575168233
0.04991178451324468 570.6116909031638
0.049912177872516096 574.7652546490647
0.049912571231787516 578.9651388400558
0.049912964591058935 583.2120468701856
0.049913357950330355 587.5066957558538
0.049913751309601774 591.8498164584298
0.049914144668873194 596.2421542159445
0.04991453802814461 600.6844688841479
0.04991473470778032 602.9245697521624
0.04991493138741603 605.177455433407
0.04991512806705174 607.4432251701007
0.04991532474668745 609.7219791855546
0.04991552142632316 612.0138186960155
0.04991571810595887 614.3188459226762
0.04991591478559458 616.6371641038614
0.04991611146523029 618.9688775073828
0.049916308144866 621.3140914430792
0.04991650482450171 623.6729122755319
0.04991670150413742 626.0454474369683
0.04991689818377313 628.4318054403494
0.04991709486340884 630.8320958926485
0.04991729154304455 633.2464295083254
0.04991748822268026 635.674918122994
0.04991768490231597 638.1176747072926
0.04991788158195168 640.5748133809564
0.04991807826158739 643.0464494270963
0.0499182749412231 645.5326993066898
0.04991847162085881 648.0336806732855
0.04991866830049452 650.5495123879234
0.04991886498013023 653.0803145342799
0.04991906165976594 655.6262084340342
0.04991925833940165 658.1873166624678
0.049919455019037356 660.7637630642942
0.049919651698673066 663.3556727697271
0.049919848378308776 665.9631722107888
0.049920045057944486 668.5863891378664
0.049920241737580195 671.2254526365136
0.049920438417215905 673.8804931445118
0.049920635096851615 676.5516424691843
0.049920831776487325 679.2390338049794
0.049921028456123034 681.9428017513158
0.049921225135758744 684.6630823307042
0.049921421815394454 687.4000130071457
0.049921618495030164 690.1537327048098
0.04992181517466587 692.9243818270031
0.04992201185430158 695.7121022754282
0.04992220853393729 698.5170374697416
0.049922405213573 701.3393323674148
0.04992260189320871 704.1791334838998
0.04992279857284442 707.036588913116
0.04992299525248013 709.9118483482479
0.04992319193211584 712.8050631028777
0.04992338861175155 715.7163861324406
0.04992358529138726 718.6459720560233
0.04992378197102297 721.5939771785045
0.04992397865065868 724.5605595130414
0.04992417533029439 727.5458788039198
0.0499243720099301 730.550096549762
0.04992456868956581 733.5733760271041
0.04992476536920152 736.6158823143514
0.04992496204883723 739.6777823161165
0.04992515872847294 742.7592447879474
0.04992535540810865 745.8604403614545
0.04992555208774436 748.981541569841
0.04992574876738007 752.1227228738492
0.04992594544701578 755.2841606881195
0.04992614212665149 758.4660334079892
0.0499263388062872 761.6685214367196
0.04992653548592291 764.8918072131678
0.04992673216555862 768.136075239918
0.04992692884519433 771.4015121118659
0.049927125524830036 774.6883065452819
0.049927322204465746 777.9966494073478
0.049927518884101456 781.3267337461843
0.049927715563737166 784.6787548213795
0.049927912243372875 788.05291013502
0.049928108923008585 791.4493994632435
0.049928305602644295 794.8684248883173
0.049928502282280005 798.3101908312537
0.049928698961915714 801.7749040849774
0.049928895641551424 805.2627738480469
0.049929092321187134 808.774011758951
0.049929289000822843 812.3088319309825
0.04992948568045855 815.8674509877062
0.04992968236009426 819.4500880990308
0.04992987903972997 823.0569650178977
0.04993007571936568 826.688306117599
0.04993027239900139 830.3443384297334
0.0499304690786371 834.0252916828188
0.04993066575827281 837.7313983415715
0.04993086243790852 841.4628936468657
0.04993105911754423 845.2200156563867
0.04993125579717994 849.0030052859897
0.04993145247681565 852.8121063517863
0.04993164915645136 856.6475656129628
0.04993184583608707 860.5096328153554
0.04993204251572278 864.3985607357872
0.04993223919535849 868.3146052271941
0.0499324358749942 872.2580252645439
0.04993263255462991 876.2290829915787
0.04993282923426562 880.2280437683835
0.04993302591390133 884.2551762198025
0.04993322259353704 888.3107522847326
0.04993341927317275 892.3950472662948
0.04993361595280846 896.5083398829081
0.04993381263244417 900.6509123202948
0.04993400931207988 904.8230502844187
0.04993420599171559 909.0250430553908
0.0499344026713513 913.2571835423585
0.049934599350987006 917.5197683393917
0.049934796030622716 921.8130977824005
0.049934992710258426 926.1374760070973
0.049935189389894136 930.493211008026
0.049935386069529845 934.8806146986844
0.049935582749165555 939.3000029727627
0.049935779428801265 943.7516957665202
0.049935976108436975 948.2360171223261
0.049936172788072684 952.7532952533913
0.049936369467708394 957.3038626097127
0.049936566147344104 961.8880559452607
0.049936762826979814 966.5062163864386
0.04993695950661552 971.1586895018347
0.04993715618625123 975.845825373299
0.04993735286588694 980.5679786683825
0.04993754954552265 985.3255087141515
0.04993774622515836 990.118779572425
0.04993794290479407 994.9481601164539
0.04993813958442978 999.814024109088
0.04993833626406549 1004.7167502824445
0.0499385329437012 1009.656722419134
0.04993872962333691 1014.6343294350634
0.04993892630297262 1019.6499654638567
0.04993912298260833 1024.7040299429323
0.04993931966224404 1029.7969277012733
0.04993951634187975 1034.9290690489258
0.04993971302151546 1040.1008698682708
0.04993990970115117 1045.3127517071075
0.04994010638078688 1050.5651418735904
0.04994030306042259 1055.8584735330628
0.0499404997400583 1061.1931858068294
0.04994069641969401 1066.569723872921
0.04994089309932972 1071.9885390688826
0.04994108977896543 1077.45008899665
0.04994128645860114 1082.9548376295527
0.04994148313823685 1088.5032554214959
0.04994167981787256 1094.0958194183734
0.04994187649750827 1099.73301337177
0.04994207317714398 1105.415327854999
0.049942269856779686 1111.1432603815329
0.049942466536415396 1116.9173155258923
0.049942663216051106 1122.7380050470442
0.049942859895686816 1128.6058480143754
0.049943056575322525 1134.5213709362965
0.049943253254958235 1140.4851078915513
0.049943449934593945 1146.497600663287
0.049943646614229655 1152.5593988759645
0.049943843293865364 1158.6710601351626
0.049944039973501074 1164.83315017037
0.049944236653136784 1171.0462429808122
0.049944433332772493 1177.3109209844158
0.0499446300124082 1183.6277751699677
0.04994482669204391 1189.997405252563
0.04994502337167962 1196.4204198324123
0.04994522005131533 1202.8974365571066
0.04994541673095104 1209.4290822874157
0.04994561341058675 1216.0159932667175
0.04994581009022246 1222.6588152941483
0.04994600676985817 1229.3582039015646
0.04994620344949388 1236.1148245344252
0.04994640012912959 1242.9293527366835
0.0499465968087653 1249.8024743398018
0.04994679348840101 1256.7348856559906
0.04994699016803672 1263.7272936757843
0.04994718684767243 1270.7804162700634
0.04994738352730814 1277.8949823966498
0.04994758020694385 1285.0717323115841
0.04994777688657956 1292.311417785213
0.04994797356621527 1299.6148023232224
0.04994817024585098 1306.9826613927307
0.04994836692548669 1314.4157826535961
0.0499485636051224 1321.91496619507
0.04994876028475811 1329.481024777933
0.04994895696439382 1337.11478408228
0.04994915364402953 1344.8170829610872
0.04994935032366524 1352.5887736997372
0.04994954700330095 1360.4307222816542
0.049949743682936656 1368.3438086602164
0.049949940362572366 1376.3289270371279
0.049950137042208076 1384.3869861474227
0.049950333721843786 1392.518909551283
0.049950530401479495 1400.725635932871
0.049950727081115205 1409.0081194063569
0.049950923760750915 1417.367329829361
0.049951120440386625 1425.8042531240117
0.049951317120022334 1434.3198916058298
0.049951513799658044 1442.9152643206762
0.049951710479293754 1451.5914073899785
0.049951907158929464 1460.3493743644883
0.04995210383856517 1469.1902365867995
0.04995230051820088 1478.1150835628964
0.04995249719783659 1487.1250233429882
0.0499526938774723 1496.221182911892
0.04995289055710801 1505.404708589261
0.04995308723674372 1514.6767664399345
0.04995328391637943 1524.0385426947153
0.04995348059601514 1533.4912441818774
0.04995367727565085 1543.0360987697354
0.04995387395528656 1552.6743558205917
0.04995407063492227 1562.4072866564175
0.04995426731455798 1572.2361850366115
0.04995446399419369 1582.1623676482054
0.0499546606738294 1592.187174608901
0.04995485735346511 1602.311969983322
0.04995505403310082 1612.5381423128872
0.04995525071273653 1622.8671051597385
0.04995544739237224 1633.3002976651371
0.04995564407200795 1643.8391851227989
0.04995584075164366 1654.48525956762
0.04995603743127937 1665.2400403802858
0.04995623411091508 1676.1050749082615
0.04995643079055079 1687.0819391036782
0.0499566274701865 1698.172238178657
0.04995682414982221 1709.3776072786325
0.04995702082945792 1720.6997121742352
0.04995721750909363 1732.1402499723633
0.049957414188729336 1743.7009498470256
0.049957610868365046 1755.3835737906343
0.049957807548000756 1767.1899173863953
0.049958004227636466 1779.1218106024974
0.049958200907272175 1791.1811186088166
0.049958397586907885 1803.369742616882
0.049958594266543595 1815.6896207438801
0.049958790946179304 1828.1427289015044
0.049958987625815014 1840.7310817104742
0.049959184305450724 1853.4567334416079
0.049959380985086434 1866.3217789843354
0.04995957766472214 1879.3283548435952
0.04995977434435785 1892.4786401660892
0.04995997102399356 1905.7748577968998
0.04996016770362927 1919.2192753675317
0.04996036438326498 1932.814206416456
0.04996056106290069 1946.562011543312
0.0499607577425364 1960.4650995979314
0.04996095442217211 1974.5259289054243
0.04996115110180782 1988.7470085286063
0.04996134778144353 2003.1308995690983
0.04996154446107924 2017.6802165084814
0.04996174114071495 2032.3976285909541
0.04996193782035066 2047.2858612489956
0.04996213449998637 2062.3476975735966
0.04996233117962208 2077.585979830697
0.04996252785925779 2093.003611025517
0.0499627245388935 2108.6035565165707
0.04996292121852921 2124.3888456811874
0.04996311789816492 2140.3625736344875
0.04996331457780063 2156.5279030038064
0.04996351125743634 2172.888065760666
0.04996370793707205 2189.4463651124806
0.04996390461670776 2206.2061774562744
0.04996410129634347 2223.1709543967986
0.04996429797597918 2240.3442248315205
0.04996449465561489 2257.7295971051017
0.0499646913352506 2275.330761236053
0.04996478967506845 2284.213404190814
0.0499648880148863 2293.151416182719
0.04996498635470415 2302.1452824674907
0.049965084694522 2311.195493851147
0.049965183034339854 2320.302546768853
0.049965281374157705 2329.4669433651097
0.049965379713975556 2338.6891915753163
0.04996547805379341 2347.969805208727
0.04996557639361126 2357.309304032835
0.04996567473342911 2366.7082138592123
0.04996577307324696 2376.1670666308264
0.049965871413064813 2385.6864005108723
0.049965969752882665 2395.266759973154
0.049966068092700516 2404.9086958940297
0.04996616643251837 2414.6127656459794
0.04996626477233622 2424.379533192792
0.04996636311215407 2434.2095691864497
0.04996646145197192 2444.1034510656955
0.04996655979178977 2454.0617631563637
0.049966658131607625 2464.0850967734814
0.049966756471425476 2474.174050325178
0.04996685481124333 2484.3292294184685
0.04996695315106118 2494.551246966905
0.04996705149087903 2504.840723300181
0.04996714983069688 2515.1982862756927
0.04996724817051473 2525.6245713921235
0.049967346510332585 2536.1202219050774
0.049967444850150436 2546.6858889448226
0.04996754318996829 2557.3222316361685
0.04996764152978614 2568.0299172205378
0.04996773986960399 2578.809621180275
0.04996783820942184 2589.662027365241
0.04996793654923969 2600.5878281217374
0.049968034889057544 2611.587724423819
0.049968133228875396 2622.6624260070407
0.04996823156869325 2633.8126515046906
0.0499683299085111 2645.039128586569
0.04996842824832895 2656.3425941003616
0.0499685265881468 2667.7237942156708
0.04996862492796465 2679.18348457076
0.049968723267782504 2690.7224304220695
0.049968821607600356 2702.341406796564
0.04996891994741821 2714.0411986469835
0.04996901828723606 2725.8226010100498
0.04996911662705391 2737.6864191677028
0.04996921496687176 2749.633468811434
0.04996931330668961 2761.6645762097774
0.049969411646507464 2773.780578379043
0.049969509986325315 2785.9823232573626
0.04996960832614317 2798.2706698821057
0.04996970666596102 2810.646488570772
0.04996980500577887 2823.1106611054097
0.04996990334559672 2835.6640809206706
0.04997000168541457 2848.3076532955492
0.049970100025232424 2861.042295548934
0.049970198365050275 2873.8689372390118
0.049970296704868127 2886.78852036666
0.04997039504468598 2899.801999582884
0.04997049338450383 2912.9103424004106
0.04997059172432168 2926.114529409543
0.04997069006413953 2939.4155544983496
0.049970788403957384 2952.8144250773194
0.049970886743775235 2966.3121623085726
0.049970985083593086 2979.909801339735
0.04997108342341094 2993.608391542598
0.04997118176322879 3007.408996756659
0.04997128010304664 3021.3126955376874
0.04997137844286449 3035.3205814114053
0.04997147678268234 3049.4337631324324
0.049971575122500195 3063.653364948612
0.049971673462318046 3077.9805268708415
0.0499717718021359 3092.416404948558
0.04997187014195375 3106.962171551003
0.0499719684817716 3121.619015654419
0.04997206682158945 3136.3881431353175
0.0499721651614073 3151.270777069969
0.049972263501225155 3166.2681580402705
0.049972361841043006 3181.3815444461543
0.04997246018086086 3196.6122128246925
0.04997255852067871 3211.9614581760725
0.04997265686049656 3227.430594296613
0.04997275520031441 3243.020954118999
0.04997285354013226 3258.7338900599225
0.049972951879950114 3274.5707743753082
0.049973050219767966 3290.5329995233333
0.04997314855958582 3306.6219785354197
0.04997324689940367 3322.8391453954273
0.04997334523922152 3339.185955427244
0.04997344357903937 3355.6638856909967
0.04997354191885722 3372.2744353881053
0.049973640258675074 3389.0191262754133
0.049973738598492926 3405.8995030886267
0.04997383693831078 3422.9171339753175
0.04997393527812863 3440.073610937735
0.04997403361794648 3457.370550285683
0.04997413195776433 3474.8095930997456
0.04997423029758218 3492.392405705118
0.049974328637400034 3510.120680156347
0.049974426977217885 3527.99613473325
0.04997452531703574 3546.020514448347
0.04997462365685359 3564.195591566091
0.04997472199667144 3582.5231661342264
0.04997482033648929 3601.00506652761
0.04997491867630714 3619.6431500048375
0.049975017016124994 3638.439303278027
0.049975115355942845 3657.395443096114
0.0499752136957607 3676.513516842054
0.04997531203557855 3695.7955031442916
0.0499754103753964 3715.243412502935
0.04997550871521425 3734.859287931007
0.0499756070550321 3754.6452056112253
0.049975705394849954 3774.6032755687415
0.049975803734667805 3794.7356423603055
0.049975902074485656 3815.0444857803036
0.04997600041430351 3835.5320215841675
0.04997609875412136 3856.2005022296626
0.04997619709393921 3877.052217636552
0.04997629543375706 3898.089495965185
0.04997639377357491 3919.3147044145617
0.049976492113392765 3940.730250040433
0.049976590453210616 3962.338580594041
0.04997668879302847 3984.142185382096
0.04997678713284632 4006.143596148629
0.04997688547266417 4028.3453879793587
0.04997698381248202 4050.7501802292677
0.04997708215229987 4073.360637474067
0.049977180492117725 4096.179470486271
0.049977278831935576 4119.209437236639
0.04997737717175343 4142.4533439217485
0.04997747551157128 4165.914046018496
0.04997757385138913 4189.59444936636
0.04997767219120698 4213.497511278277
0.04997777053102483 4237.626241681012
0.049977868870842684 4261.983704285958
0.049977967210660536 4286.573017791293
0.04997806555047839 4311.397357116493
0.04997816389029624 4336.459954670226
0.04997826223011409 4361.76410165266
0.04997836056993194 4387.313149393314
0.04997845890974979 4413.110510725555
0.049978557249567644 4439.159661398941
0.049978655589385496 4465.46414153062
0.04997875392920335 4492.027557097052
0.0499788522690212 4518.853581467372
0.04997895060883905 4545.945956979744
0.0499790489486569 4573.308496562129
0.04997914728847475 4600.94508539894
0.049979245628292604 4628.859682645079
0.049979343968110455 4657.056323188971
0.04997944230792831 4685.539119466195
0.04997954064774616 4714.31226332547
0.04997963898756401 4743.380027948698
0.04997973732738186 4772.746769826966
0.04997983566719971 4802.416930794361
0.049979934007017564 4832.395040121637
0.049980032346835415 4862.68571667174
0.04998013068665327 4893.293671119383
0.04998022902647112 4924.223708236873
0.04998032736628897 4955.480729248517
0.04998042570610682 4987.0697342560225
0.04998052404592467 5018.995824737391
0.049980622385742524 5051.264206121932
0.049980720725560375 5083.880190444101
0.049980819065378226 5116.849199078988
0.04998091740519608 5150.176765562427
0.04998101574501393 5183.868538498766
0.04998111408483178 5217.930284559508
0.04998121242464963 5252.367891576153
0.04998131076446748 5287.187371730693
0.049981409104285335 5322.394864847416
0.049981507444103186 5357.996641789744
0.04998160578392104 5393.999107966065
0.04998170412373889 5430.408806948655
0.04998180246355674 5467.232424209956
0.04998190080337459 5504.476790980689
0.04998199914319244 5542.148888234466
0.049982097483010295 5580.255850803731
0.049982195822828146 5618.804971632155
0.049982294162646 5657.803706168752
0.04998239250246385 5697.259676909282
0.0499824908422817 5737.180678090714
0.04998258918209955 5777.5746805448125
0.0499826875219174 5818.449836717177
0.049982785861735254 5859.814485858336
0.049982884201553106 5901.677159393828
0.04998298254137096 5944.04658648051
0.04998308088118881 5986.931699756666
0.04998317922100666 6030.341641293847
0.04998327756082451 6074.285768758752
0.04998337590064236 6118.773661793846
0.049983474240460214 6163.815128625814
0.049983572580278066 6209.420212911429
0.04998367092009592 6255.599200830804
0.04998376925991377 6302.362628438555
0.04998386759973162 6349.721289283862
0.04998396593954947 6397.686242310969
0.04998406427936732 6446.268820052258
0.049984162619185174 6495.4806371265895
0.049984260959003025 6545.333599056286
0.04998435929882088 6595.839911416751
0.04998445763863873 6647.012089333493
0.04998455597845658 6698.862967342023
0.04998465431827443 6751.405709626879
0.04998475265809228 6804.653820656957
0.049984850997910134 6858.62115623508
0.049984949337727985 6913.321934980817
0.04998504767754584 6968.770750266461
0.04998514601736369 7024.9825826271735
0.04998524435718154 7081.97281266744
0.04998534269699939 7139.757234487097
0.04998544103681724 7198.3520696515625
0.049985539376635094 7257.7739817321135
0.049985637716452945 7318.040091443578
0.049985736056270796 7379.1679924082455
0.04998583439608865 7441.17576757645
0.0499859327359065 7504.082006335942
0.04998603107572435 7567.905822343998
0.0499861294155422 7632.666872118141
0.04998622775536005 7698.385374423393
0.049986326095177905 7765.082130496149
0.049986424434995756 7832.7785451470945
0.04998652277481361 7901.496648788081
0.04998662111463146 7971.259120430495
0.04998671945444931 8042.089311705466
0.04998681779426716 8114.01127195928
0.04998691613408501 8187.049774480575
0.049987014473902865 8261.230343919327
0.049987112813720716 8336.579284961248
0.04998721115353857 8413.123712325196
0.04998730949335642 8490.891582155404
0.04998740783317427 8569.91172488468
0.04998750617299212 8650.213879649724
0.04998760451280997 8731.828730344707
0.049987702852627824 8814.78794340482
0.049987801192445676 8899.124207417459
0.04998789953226353 8984.871274664947
0.04998799787208138 9072.064004709644
0.04998809621189923 9160.738410139524
0.04998819455171708 9250.931704600196
0.04998829289153493 9342.68235324781
0.049988391231352784 9436.030125766427
0.049988489571170636 9531.01615210318
0.04998858791098849 9627.682981085218
0.04998868625080634 9726.074642093721
0.04998878459062419 9826.236709982646
0.04998888293044204 9928.216373443143
0.04998898127025989 10032.062507028872
0.049989079610077744 10137.825747072991
0.049989177949895595 10245.55857174441
0.04998927628971345 10355.31538550893
0.0499893746295313 10467.15260828075
0.04998947296934915 10581.128769570982
0.049989571309167 10697.304607963015
0.04998966964898485 10815.74317626975
0.049989767988802704 10936.509952754928
0.049989866328620555 11059.672958830448
0.04998996466843841 11185.302883673985
0.04999006300825626 11313.473216246253
0.04999016134807411 11444.260385225629
0.04999025968789196 11577.743907419743
0.04999035802770981 11714.006545259183
0.049990456367527664 11853.134474028433
0.049990554707345515 11995.217459543705
0.049990653047163366 12140.349047047033
0.04999075138698122 12288.626762151474
0.04999084972679907 12440.152324744047
0.04999094806661692 12595.031876831756
0.04999104640643477 12753.376225402762
0.04999114474625262 12915.301101469884
0.049991243086070475 13080.927436568529
0.049991341425888326 13250.381658096732
0.04999143976570618 13423.796005012506
0.04999153810552403 13601.308865544583
0.04999163644534188 13783.065138728398
0.04999173478515973 13969.216621751646
0.04999183312497758 14159.922425284845
0.049991931464795435 14355.349419184566
0.049992029804613286 14555.672711192447
0.04999212814443114 14761.076161515628
0.04999222648424899 14971.752936465815
0.04999232482406684 15187.906104660326
0.04999242316388469 15409.749279651847
0.04999252150370254 15637.50731326067
0.049992619843520394 15871.417044338563
0.049992718183338246 16111.728108204496
0.0499928165231561 16358.703812566322
0.04999291486297395 16612.622086387957
0.0499930132027918 16873.776508889194
0.04999311154260965 17142.47742668588
0.0499932098824275 17419.053168006158
0.049993308222245354 17703.851363968868
0.049993406562063206 17997.240388101865
0.04999350490188106 18299.610926631707
0.04999360324169891 18611.377693617673
0.04999370158151676 18932.981306760536
0.04999379992133461 19264.89034172559
0.04999389826115246 19607.603585119126
0.049993996600970314 19961.65250889714
0.049994094940788165 20327.603992019453
0.04999419328060602 20706.06331865989
0.04999429162042387 21097.677486322766
0.04999438996024172 21503.138861892483
0.04999448830005957 21923.189229071213
0.04999458663987742 22358.624276974646
0.049994684979695274 22810.29858702266
0.049994783319513125 23279.131183878668
0.04999488165933098 23766.11172629788
0.04999497999914883 24272.307425633448
0.04999507833896668 24798.870793775975
0.04999517667878453 25347.048338902077
0.04999527501860238 25918.190347117583
0.049995373358420234 26513.76191156113
0.049995471698238085 27135.355398603242
0.049995570038055936 27784.70457445351
0.04999566837787379 28463.700656046803
0.04999576671769164 29174.410599117837
0.04999586505750949 29919.097995907436
0.04999596339732734 30700.247027532183
0.049996061737145193 31520.59000494944
0.049996160076963045 32383.139141841355
0.049996258416780896 33291.2233380088
0.04999635675659875 34248.530919994475
0.0499964550964166 35259.159495759144
0.04999655343623445 36327.674344293984
0.0499966517760523 37459.177094910505
0.04999675011587015 38659.38687573058
0.049996848455688005 39934.73665497219
0.049996946795505856 41292.48820041465
0.04999704513532371 42740.86999441908
0.04999714347514156 44289.243636441526
0.04999724181495941 45948.305842852846
0.04999734015477726 47730.33525679288
0.04999743849459511 49649.496110303386
0.049997536834412964 51722.21462719587
0.049997635174230816 53967.64934080448
0.04999773351404867 56408.283850518805
0.04999783185386652 59070.68089097671
0.04999793019368437 61986.451363479246
0.04999802853350222 65193.51338817945
0.04999812687332007 68737.74796040315
0.049998176043229 70653.34834325267
0.04999822521313793 72675.20496426306
0.04999827438304686 74812.40116459648
0.04999832355295579 77075.08593801127
0.04999837272286472 79474.63492999887
0.04999842189277365 82023.84153492443
0.04999847106268258 84737.14486673528
0.049998520232591506 87630.90317991642
0.049998569402500435 90723.72367562818
0.049998618572409365 94036.86274166708
0.049998667742318294 97594.71482285927
0.04999871691222722 101425.41369707375
0.04999876608213615 105561.5775113075
0.04999881525204508 110041.23934258049
0.04999886442195401 114909.01951550016
0.04999891359186294 120217.61626840594
0.04999896276177187 126029.72040650078
0.0499990119316808 132420.5016360193
0.04999906110158973 139480.87615112725
0.049999110271498656 147321.8576993209
0.049999159441407585 156080.43578478898
0.049999208611316515 165927.64518987198
0.049999257781225444 177079.84299529847
0.04999930695113437 189814.78604164967
0.0499993561210433 204495.07493673643
0.04999940529095223 221603.22801592824
0.04999945446086116 241795.72277864383
0.04999950363077009 265989.15711410984
0.04999955280067902 295503.2514849422
0.04999960197058795 332309.8443483707
0.04999965114049688 379492.4551338962
0.049999700310405806 442158.24870961613
0.049999749480314735 529423.9564050866
0.049999798650223665 659311.5858885047
0.049999847820132594 873135.0688231094
0.04999989699004152 1291090.1183200465
0.04999994615995045 2472451.706684016
0.04999999532985938 28529960.694486596
0.05000004449976831 2996895.5585893285
0.05000009366967724 1425046.1392539614
0.05000014283958617 935358.9877102886
0.0500001920094951 696471.7811612817
0.05000024117940403 554990.6968980373
0.050000290349312956 461429.30867479846
0.050000339519221886 394968.11589221744
0.050000388689130815 345322.4424968346
0.050000437859039744 306827.33284379414
0.05000048702894867 276105.54214805487
0.0500005361988576 251018.6109501701
0.05000058536876653 230146.58657459688
0.05000063453867546 212509.6404676634
0.05000068370858439 197409.8073282314
0.05000073287849332 184336.4319820295
0.05000078204840225 172907.28541839164
