0 0.0
0.0004027998939328378 0.0002165185164790806
0.0008055997878656756 0.0004416183145576902
0.0012083996817985135 0.0006756656551338835
0.0016111995757313513 0.0009190446186657653
0.0020139994696641893 0.0011721581136034942
0.0024167993635970273 0.0014354289496432138
0.0028195992575298654 0.001709300980548889
0.0032223991514627034 0.00199424032167439
0.0036251990453955414 0.0022907366477586955
0.0040279989393283795 0.0025993045769916456
0.0044307988332612175 0.002920485147902774
0.0048335987271940556 0.003254847396096938
0.005236398621126894 0.003602990038561682
0.005639198515059732 0.003965543273847683
0.00604199840899257 0.004343170707174604
0.006444798302925408 0.004736571410324686
0.006847598196858246 0.0051464821270181815
0.007250398090791084 0.005573679635446194
0.007653197984723922 0.006018983280683621
0.008055997878656759 0.006483257690823141
0.008458797772589597 0.00696741569199677
0.008861597666522435 0.007472421438804222
0.009264397560455273 0.007999293778220284
0.009667197454388111 0.008549109866773374
0.01006999734832095 0.00912300906264818
0.010472797242253787 0.009722197116444065
0.010875597136186625 0.01034795068664529
0.011278397030119463 0.011001622208381523
0.011681196924052301 0.01168464514688905
0.01208399681798514 0.012398539670266384
0.012486796711917977 0.01314491877952051
0.012889596605850815 0.013925494937867544
0.013292396499783653 0.014742087245523727
0.013695196393716491 0.015596629211046764
0.01409799628764933 0.01649117717569526
0.014500796181582168 0.017427919453215424
0.014903596075515006 0.018409186254265908
0.015306395969447844 0.01943746047216166
0.01570919586338068 0.020515389415072693
0.016111995757313518 0.02164579757929319
0.016514795651246354 0.022831700568832325
0.01691759554517919 0.024076320278612506
0.017320395439112027 0.025383101471975422
0.017723195333044863 0.02675572989856967
0.0181259952269777 0.028198152115811226
0.018528795120910536 0.029714597196697667
0.018931595014843372 0.03130960052879761
0.01933439490877621 0.03298802993436745
0.019737194802709045 0.03475511437006329
0.02013999469664188 0.03661647549717184
0.020542794590574717 0.038578162450325415
0.020945594484507554 0.04064669017499778
0.02134839437844039 0.04282908175243971
0.021751194272373226 0.04513291518621099
0.022153994166306062 0.04756637518818607
0.0225567940602389 0.05013831057514917
0.022959593954171735 0.05285829797154662
0.02336239384810457 0.05573671261154178
0.023765193742037408 0.058784807146214035
0.024167993635970244 0.06201479949261479
0.02457079352990308 0.06543997091331111
0.024973593423835917 0.06907477569191833
0.025376393317768753 0.07293496397648802
0.02577919321170159 0.07703771960411832
0.026181993105634425 0.08140181500286747
0.026383393052600845 0.08319118700309147
0.026584792999567265 0.0850344139295327
0.026786192946533685 0.08693353599869713
0.026987592893500105 0.08889068875985195
0.027188992840466525 0.09090810836404906
0.027390392787432945 0.09298813717375065
0.027591792734399365 0.0951332297381482
0.027793192681365785 0.09734595916122402
0.027994592628332204 0.09962902389194639
0.028195992575298624 0.10198525496855826
0.028397392522265044 0.10441762375148755
0.028598792469231464 0.10692925018255917
0.028800192416197884 0.10952341161135415
0.029001592363164304 0.11220355223321832
0.029202992310130724 0.11497329318730198
0.029404392257097144 0.11783644336746324
0.029605792204063563 0.1207970110034795
0.029807192151029983 0.12385921607539352
0.030008592097996403 0.12702750362953186
0.030209992044962823 0.13030655807114044
0.030411391991929243 0.1337013185156044
0.030612791938895663 0.13721699528798226
0.030814191885862083 0.1408590876692557
0.031015591832828503 0.14463340299711813
0.031216991779794923 0.14854607723976088
0.03141839172676134 0.15260359717278416
0.03161979167372776 0.15681282430234766
0.03182119162069418 0.16118102069217866
0.0320225915676606 0.16571587686806932
0.03222399151462702 0.17042554199146664
0.03242539146159344 0.17531865651373213
0.03262679140855986 0.1804043875449386
0.03282819135552628 0.18569246719605825
0.0330295913024927 0.19119323418130918
0.03323099124945912 0.1969176789987337
0.03343239119642554 0.2028774930422177
0.03363379114339196 0.20908512203759688
0.03383519109035838 0.21555382423997926
0.0340365910373248 0.22229773387935836
0.03423799098429122 0.22933193039813382
0.03443939093125764 0.23667251408783052
0.03464079087822406 0.24433668880460502
0.03484219082519048 0.25234285252477306
0.0350435907721569 0.2607106965945096
0.03524499071912332 0.2694613146332454
0.03534569069260653 0.27348532463678943
0.03544639066608973 0.27759811880531693
0.03554709063957294 0.28180225093033684
0.035647790613056146 0.2861003664183954
0.03574849058653935 0.29049520621645186
0.03584919056002256 0.2949896109343424
0.035949890533505766 0.29958652517571593
0.03605059050698897 0.30428900208935694
0.03615129048047218 0.3091002081538239
0.036251990453955385 0.31402342820900664
0.03635269042743859 0.3190620707491849
0.0364533904009218 0.32421967349315217
0.036554090374405004 0.32949990924802997
0.03665479034788821 0.3349065920844012
0.03675549032137142 0.3404436838417606
0.036856190294854624 0.34611530098456456
0.03695689026833783 0.35192572183038173
0.03705759024182104 0.35787939417341086
0.03715829021530424 0.3639809433280856
0.03725899018878745 0.3702351806193054
0.037359690162270656 0.37664711234772774
0.03746039013575386 0.3832219492605926
0.03756109010923707 0.3899651165607434
0.037661790082720276 0.3968822644889567
0.03776249005620348 0.4039792795171966
0.03786319002968669 0.41126229619328214
0.037963890003169895 0.41873770968042123
0.0380645899766531 0.4264121890384338
0.03816528995013631 0.4342926912969354
0.038265989923619514 0.4423864763747005
0.03836668989710272 0.45070112290360065
0.03846738987058593 0.4592445450200646
0.038568089844069134 0.46802501019194587
0.03866878981755234 0.4770511581541079
0.03876948979103555 0.4863320210318811
0.03887018976451875 0.49587704473794325
0.03897088973800196 0.5056961117352401
0.039071589711485166 0.5157995652659064
0.03917228968496837 0.5261982351548777
0.03927298965845158 0.5369034653055458
0.039373689631934786 0.547927143015027
0.03947438960541799 0.559281730247335
0.0395750895789012 0.5709802970147226
0.039675789552384405 0.5830365570305549
0.03977648952586761 0.5954649058111929
0.03987718949935082 0.6082804614204704
0.039977889472834024 0.6214991080671997
0.04007858944631723 0.6351375427855608
0.04017928941980044 0.6492133254489065
0.040279989393283644 0.663744932390717
0.04038068936676685 0.6787518139318891
0.04048138934025006 0.6942544561416959
0.04058208931373326 0.7102744471907201
0.04068278928721647 0.7268345486886485
0.040783489260699676 0.7439587724377255
0.04083383924744128 0.7522568162157377
0.04088418923418288 0.7606938005720298
0.040934539220924486 0.7692728019925088
0.04098488920766609 0.7779969822345727
0.04103523919440769 0.7868695911626791
0.041085589181149296 0.7958939696944185
0.0411359391678909 0.805073552862039
0.0411862891546325 0.8144118729946594
0.041236639141374105 0.8239125630264681
0.04128698912811571 0.8335793599367971
0.04133733911485731 0.8434161083279363
0.041387689101598915 0.8534267641471285
0.04143803908834052 0.86361539855932
0.04148838907508212 0.8739862019776954
0.041538739061823725 0.8845434882593732
0.04158908904856533 0.895291699073983
0.04163943903530693 0.9062354084533553
0.041689789022048535 0.9173793275308544
0.04174013900879014 0.9287283094794905
0.04179048899553174 0.9402873546583237
0.041840838982273344 0.9520616159772359
0.04189118896901495 0.9640564044907549
0.04194153895575655 0.9762771952320577
0.041991888942498154 0.9887296332990925
0.04204223892923976 1.0014195402052124
0.04209258891598136 1.0143529205076138
0.042142938902722964 1.0275359687273866
0.04219328888946457 1.040975076576089
0.04224363887620617 1.0546768405042464
0.04229398886294777 1.0686480695883276
0.04234433884968938 1.0828957937736448
0.04239468883643098 1.0974272724915082
0.04244503882317258 1.1122500036702583
0.042495388809914186 1.1273717331607642
0.04254573879665579 1.1428004645982952
0.04259608878339739 1.1585444697240455
0.042646438770138996 1.1746122991906986
0.0426967887568806 1.1910127938783752
0.0427471387436222 1.2077550967484392
0.042797488730363806 1.224848665264588
0.04284783871710541 1.2423032844124329
0.04289818870384701 1.2601290803506764
0.042948538690588615 1.278336534729089
0.04299888867733022 1.2969364997106005
0.04304923866407182 1.3159402137374983
0.043099588650813425 1.3353593180838779
0.04314993863755503 1.3552058742394486
0.04320028862429663 1.3754923821727978
0.043250638611038235 1.3962317995250046
0.04330098859777984 1.4174375617882973
0.04335133858452144 1.4391236035277188
0.043401688571263045 1.4613043807077908
0.04345203855800465 1.483994894190321
0.04350238854474625 1.5072107144739881
0.043552738531487854 1.5309680077510563
0.04360308851822946 1.5552835633619964
0.04365343850497106 1.580174822734012
0.043703788491712664 1.6056599098959587
0.04375413847845427 1.6317576636681501
0.04380448846519587 1.6584876716328765
0.043854838451937474 1.6858703059990106
0.04390518843867908 1.7139267614820106
0.04395553842542068 1.7426790953296312
0.04400588841216228 1.7721502696332578
0.04405623839890389 1.8023641960748868
0.04410658838564549 1.8333457832711062
0.04415693837238709 1.8651209868874972
0.044207288359128696 1.8977168627100696
0.0442576383458703 1.931161622874349
0.0443079883326119 1.9654846954685823
0.044358338319353506 2.00071678774383
0.04440868830609511 2.036889953182488
0.044433863299465914 2.054853019024822
0.04445903829283672 2.073054653975145
0.044484213286207525 2.091499075772557
0.04450938827957833 2.110190595638908
0.044534563272949135 2.129133620770599
0.04455973826631994 2.148332656908135
0.044584913259690745 2.1677923109864032
0.04461008825306155 2.187517293868453
0.044635263246432355 2.207512423165806
0.04466043823980316 2.227782626148514
0.044685613233173965 2.2483329427481102
0.04471078822654477 2.2691685286569907
0.044735963219915575 2.2902946585276815
0.04476113821328638 2.3117167292757053
0.044786313206657186 2.333440263489944
0.04481148820002799 2.355470912954477
0.044836663193398796 2.3778144622859863
0.0448618381867696 2.4004768326912753
0.044887013180140406 2.4234640858492966
0.04491218817351121 2.4467824279224395
0.044937363166882016 2.4704382137020744
0.04496253816025282 2.4944379508935093
0.044987713153623626 2.518788304545634
0.04501288814699443 2.54349610163106
0.045038063140365237 2.56856833578232
0.04506323813373604 2.594012172190631
0.04508841312710685 2.619834952673216
0.04511358812047765 2.646044200916183
0.04513876311384846 2.67264762789965
0.04516393810721926 2.6996531375127013
0.04518911310059007 2.727068832365486
0.04521428809396087 2.754903019806644
0.04523946308733168 2.783164218154301
0.04526463808070248 2.8118611631492456
0.04528981307407329 2.8410028146396265
0.04531498806744409 2.8705983635064207
0.0453401630608149 2.900657238839866
0.0453653380541857 2.931189115377144
0.04539051304755651 2.962203921212346
0.04541568804092731 2.993711845790145
0.04544086303429812 3.0257233481950685
0.04546603802766892 3.0582491657491246
0.04549121302103973 3.09130032293071
0.04551638801441053 3.1248881406288582
0.04554156300778134 3.159024245747112
0.04556673800115214 3.1937205811722613
0.04559191299452295 3.228989416123923
0.045617087987893754 3.2648433569015936
0.04564226298126456 3.3012953580468114
0.045667437974635364 3.338358733938744
0.04569261296800617 3.3760471708426785
0.045717787961376974 3.414374739431569
0.04574296295474778 3.4533559078021767
0.045768137948118584 3.49300555500815
0.04579331294148939 3.5333389851335895
0.045818487934860194 3.574371941932114
0.045843662928231 3.616120624057288
0.045868837921601804 3.658601700912122
0.04589401291497261 3.701832329146363
0.045919187908343415 3.74583016983215
0.04594436290171422 3.790613406350115
0.045969537895085025 3.836200763019562
0.04599471288845583 3.882611524508558
0.046019887881826635 3.9298655560612836
0.04604506287519744 3.977983324582304
0.046070237868568245 4.02698592061947
0.04609541286193905 4.07689508128961
0.046120587855309855 4.1277332141933805
0.04614576284868066 4.179523422368408
0.046170937842051465 4.232289530332704
0.04619611283542227 4.286056111272902
0.046221287828793076 4.340848515435585
0.04624646282216388 4.396692899782458
0.046271637815534686 4.453616258974666
0.04629681280890549 4.5116464577543525
0.046321987802276296 4.570812264796224
0.0463471627956471 4.6311433881057695
0.046372337789017906 4.692670512045687
0.04639751278238871 4.755425336076371
0.046422687775759516 4.819440615302192
0.04644786276913032 4.884750202920145
0.046473037762501127 4.951389094673864
0.04649821275587193 5.019393475421914
0.04652338774924274 5.0888007679361635
0.04654856274261354 5.15964968405337
0.04657373773598435 5.231980278310395
0.04659891272935515 5.305834004202275
0.04662408772272596 5.381253773210467
0.04663667521941136 5.419097746919043
0.04664926271609676 5.45734298872766
0.046661850212782165 5.49599518335836
0.04667443770946757 5.535060116630582
0.04668702520615297 5.574543677627425
0.04669961270283837 5.614451860916098
0.046712200199523775 5.654790768824462
0.04672478769620918 5.695566613775178
0.04673737519289458 5.736785720679116
0.04674996268957998 5.778454529389805
0.046762550186265385 5.8205795972207
0.04677513768295079 5.8631676015270315
0.04678772517963619 5.90622534235429
0.04680031267632159 5.949759745155134
0.046812900173006995 5.993777863577009
0.0468254876696924 6.038286882322296
0.0468380751663778 6.083294120083345
0.0468506626630632 6.128807032554612
0.046863250159748605 6.174833215524174
0.04687583765643401 6.221380408047132
0.04688842515311941 6.268456495703234
0.04690101264980481 6.316069513941471
0.046913600146490216 6.364227651514085
0.04692618764317562 6.4129392540030565
0.04693877513986102 6.462212827441562
0.04695136263654642 6.512057042033597
0.046963950133231826 6.56248073597483
0.04697653762991723 6.613492919377563
0.04698912512660263 6.665102778303506
0.04700171262328803 6.717319678907387
0.047014300119973436 6.770153171695007
0.04702688761665884 6.823612995899502
0.04703947511334424 6.877709083979447
0.047052062610029644 6.932451566242754
0.047064650106715046 6.987850775600329
0.04707723760340045 7.043917252453859
0.04708982510008585 7.1006617497217945
0.047102412596771254 7.15809523800835
0.047115000093456656 7.216228910919881
0.04712758759014206 7.275074190533772
0.04714017508682746 7.334642733024552
0.047152762583512864 7.394946434452741
0.047165350080198266 7.45599743672156
0.04717793757688367 7.517808133707376
0.04719052507356907 7.580391177569425
0.047203112570254474 7.643759485245084
0.04721570006693988 7.707926245136797
0.04722828756362528 7.772904923997295
0.04724087506031068 7.838709274019742
0.047253462556996084 7.905353340139911
0.04726605005368149 7.972851467557639
0.04727863755036689 8.041218309485139
0.04729122504705229 8.110468835130149
0.047303812543737694 8.180618337921821
0.0473164000404231 8.25168244398818
0.0473289875371085 8.323677120893784
0.0473415750337939 8.396618686646839
0.047354162530479305 8.470523818985356
0.04736675002716471 8.545409564952166
0.04737933752385011 8.62129335076942
0.04739192502053551 8.69819299202289
0.047404512517220915 8.776126704167822
0.04741710001390632 8.85511311336753
0.04742968751059172 8.935171267677077
0.04744227500727712 9.016320648584738
0.047454862503962525 9.098581182924292
0.04746745000064793 9.181973255171883
0.04748003749733333 9.266517720141927
0.04749262499401873 9.352235916096504
0.047505212490704135 9.439149678284394
0.04751779998738954 9.52728135292535
0.04753038748407494 9.616653811656796
0.04754297498076034 9.70729046646057
0.047555562477445745 9.799215285087882
0.04756814997413115 9.892452807001796
0.04758073747081655 9.98702815985716
0.04759332496750195 10.082967076538885
0.047605912464187355 10.180295912780274
0.04761849996087276 10.279041665384284
0.04763108745755816 10.379231991071357
0.04764367495424356 10.480895225978642
0.047656262450928966 10.584060405836652
0.04766884994761437 10.68875728685039
0.04768143744429977 10.795016367313153
0.04769402494098517 10.902868909982935
0.047706612437670576 11.012346965252114
0.04771919993435598 11.123483395143012
0.04773178743104138 11.23631189816318
0.04774437492772678 11.350867035055934
0.047756962424412186 11.46718425548324
0.04776954992109759 11.585299925679948
0.04778213741778299 11.705251357119998
0.047794724914468394 11.82707683623746
0.047807312411153796 11.95081565524687
0.0478198999078392 12.076508144110171
0.0478324874045246 12.204195703698865
0.047845074901210004 12.333920840203383
0.047857662397895406 12.465727200843553
0.04787024989458081 12.599659610936847
0.04788283739126621 12.73576411238404
0.047895424887951614 12.874088003634725
0.047908012384637017 13.014679881198326
0.04792059988132242 13.157589682769597
0.04793318737800782 13.30286873204085
0.047945774874693224 13.450569785277253
0.04795836237137863 13.6007470797351
0.04797094986806403 13.753456384007144
0.04798353736474943 13.908755050383519
0.047996124861434834 14.066702069321522
0.04800871235812024 14.227358126121942
0.04802129985480564 14.390785659915437
0.04803388735149104 14.557048925067335
0.048046474848176444 14.726214055115612
0.04805906234486185 14.89834912936238
0.04807164984154725 15.0735242422462
0.04808423733823265 15.251811575629297
0.048096824834918055 15.433285474140995
0.04810941233160346 15.618022523726616
0.04812199982828886 15.806101633559479
0.04812829357663156 15.900924643118366
0.048134587324974255 15.996607829057297
0.04814088107331695 16.093161665669797
0.04814717482165965 16.190596787907964
0.04815346857000235 16.28892399436201
0.04815976231834505 16.388154250304837
0.048166056066687744 16.48829869080312
0.04817234981503044 16.58936862389683
0.04817864356337314 16.69137553384863
0.04818493731171584 16.794331084465107
0.048191231060058536 16.898247122491732
0.04819752480840123 17.00313568108308
0.04820381855674393 17.10900898335081
0.04821011230508663 17.215879445990723
0.04821640605342933 17.323759682991586
0.048222699801772025 17.432662509427267
0.04822899355011472 17.542600945334982
0.04823528729845742 17.653588219681048
0.04824158104680012 17.765637774417343
0.048247874795142816 17.878763268630237
0.048254168543485514 17.992978582784545
0.04826046229182821 18.108297823065264
0.04826675604017091 18.22473532581933
0.04827304978851361 18.342305662100344
0.048279343536856305 18.46102364231883
0.048285637285199 18.580904321000865
0.0482919310335417 18.7019630016583
0.0482982247818844 18.82421524177294
0.048304518530227096 18.947676857898472
0.048310812278569794 19.072363930882915
0.04831710602691249 19.198292811214927
0.04832339977525519 19.32548012449749
0.04832969352359789 19.453942777052355
0.048335987271940585 19.583697961658913
0.04834228102028328 19.71476316343115
0.04834857476862598 19.847156165836587
0.04835486851696868 19.980895056861087
0.048361162265311376 20.11599823532368
0.048367456013654074 20.252484417345606
0.04837374976199677 20.390372642977667
0.04838004351033947 20.52968228299099
0.04838633725868217 20.670433045835082
0.048392631007024865 20.812644984768433
0.04839892475536756 20.956338505166435
0.04840521850371026 21.101534372011706
0.04841151225205296 21.248253717572204
0.048417806000395656 21.39651804927226
0.048424099748738354 21.54634925776245
0.04843039349708105 21.697769625193914
0.04843668724542375 21.850801833703173
0.04844298099376645 22.00546897411357
0.048449274742109145 22.161794554859725
0.04845556849045184 22.31980251114171
0.04846186223879454 22.479517214315536
0.04846815598713724 22.640963481527294
0.04847444973547994 22.804166585597955
0.048480743483822634 22.969152265166514
0.04848703723216533 23.135946735099395
0.04849333098050803 23.30457669717373
0.04849962472885073 23.475069351043444
0.048505918477193426 23.647452405496296
0.048512212225536123 23.82175409001111
0.04851850597387882 23.998003166624116
0.04852479972222152 24.176228942114307
0.04853109347056422 24.356461280517564
0.048537387218906915 24.53873061597949
0.04854368096724961 24.72306796595811
0.04854997471559231 24.90950494478723
0.04855626846393501 25.098073777611262
0.048562562212277706 25.288807314704357
0.048568855960620404 25.481739046184998
0.0485751497089631 25.676903117139574
0.0485814434573058 25.874334343167234
0.0485877372056485 26.074068226360396
0.048594030953991195 26.276140971734335
0.04860032470233389 26.480589504120843
0.04860661845067659 26.68745148554106
0.04861291219901929 26.89676533307282
0.048619205947361986 27.108570237229415
0.048625499695704684 27.322906180866198
0.04863179344404738 27.53981395863258
0.04863808719239008 27.759335196987948
0.04864438094073278 27.98151237479989
0.048650674689075475 28.206388844545017
0.04865696843741817 28.434008854131946
0.04866326218576087 28.664417569368084
0.04866955593410357 28.89766109709221
0.048675849682446266 29.133786508995243
0.048682143430788964 29.372841866153337
0.04868843717913166 29.614876244297648
0.04869473092747436 29.85993975984647
0.04870102467581706 30.10808359672629
0.048707318424159755 30.359360034009526
0.04871361217250245 30.613822474397622
0.04871990592084515 30.871525473579254
0.04872619966918785 31.132524770495422
0.04873249341753055 31.396877318542636
0.048738787165873244 31.664641317749243
0.04874508091421594 31.935876247959115
0.04875137466255864 32.210642903059096
0.04875766841090134 32.489003426289116
0.048763962159244036 32.771021346673564
0.04877025590758673 33.056761616615944
0.04877654965592943 33.346290650699174
0.04878284340427213 33.63967636573699
0.04878913715261483 33.93698822212238
0.048795430900957525 34.23829726652231
0.04880172464930022 34.54367617596942
0.04880801839764292 34.85319930340313
0.04881431214598562 35.16694272471602
0.048820605894328316 35.484984287362764
0.048826899642671014 35.80740366059162
0.04883319339101371 36.134282387361665
0.04883948713935641 36.465703938010776
0.04884578088769911 36.80175376574317
0.048852074636041805 37.14251936400798
0.0488583683843845 37.4880903258432
0.0488646621327272 37.83855840526354
0.0488709558810699 38.19401758077338
0.048877249629412596 38.55456412109021
0.048883543377755294 38.92029665316804
0.04888983712609799 39.29131623261348
0.04889613087444069 39.66772641659294
0.04890242462278339 40.0496333393322
0.048908718371126085 40.43714579031615
0.04891501211946878 40.83037529529997
0.04892130586781148 41.229436200249665
0.04892759961615418 41.63444575833414
0.048933893364496876 42.04552422009823
0.048940187112839574 42.46279492695125
0.04894648086118227 42.88638440811232
0.04895277460952497 43.31642248116165
0.04895906835786767 43.753042356352495
0.048965362106210365 44.19638074484749
0.04897165585455306 44.646577971051144
0.04897794960289576 45.10377808921763
0.04898424335123846 45.56812900452351
0.048990537099581156 46.03978259880395
0.048996830847923854 46.518894861160334
0.0489999777220952 46.76082256800207
0.04900312459626655 47.00467084128955
0.0490062714704379 47.250460348266
0.04900941834460925 47.498212038720766
0.0490125652187806 47.747947149696685
0.04901571209295195 47.99968721028995
0.0490188589671233 48.25345404654509
0.049022005841294646 48.509269786447206
0.049025152715465994 48.76715686501322
0.04902829958963734 49.02713802948516
0.04903144646380869 49.28923634462721
0.04903459333798004 49.553475198129206
0.04903774021215139 49.81987830611919
0.04904088708632274 50.08846971878725
0.04904403396049409 50.35927382612324
0.04904718083466544 50.63231536377182
0.049050327708836786 50.90761941900628
0.049053474583008135 51.185211436825114
0.04905662145717948 51.465117226173646
0.04905976833135083 51.747362966293935
0.04906291520552218 52.03197521320597
0.04906606207969353 52.31898090632288
0.04906920895386488 52.608407375204365
0.04907235582803623 52.90028234645074
0.04907550270220758 53.19463395074115
0.049078649576378926 53.49149073002032
0.049081796450550275 53.79088164483596
0.049084943324721624 54.09283608183186
0.04908809019889297 54.3973838613999
0.04909123707306432 54.70455524549473
0.04909438394723567 55.0143809456156
0.04909753082140702 55.326892130959095
0.04910067769557837 55.64212043674725
0.04910382456974972 55.960097972735184
0.049106971443921066 56.28085733190318
0.049110118318092415 56.60443159933709
0.049113265192263764 56.93085436130286
0.04911641206643511 57.26015971451898
0.04911955894060646 57.5923822756328
0.04912270581477781 57.927557190905176
0.04912585268894916 58.265720146109274
0.04912899956312051 58.606907376649005
0.04913214643729186 58.951155677902136
0.049135293311463206 59.29850241579466
0.049138440185634555 59.64898553761222
0.049141587059805904 60.002643583054095
0.04914473393397725 60.35951569553714
0.0491478808081486 60.71964163375529
0.04915102768231995 61.08306178350212
0.0491541745564913 61.4498171697625
0.04915732143066265 61.819949469081564
0.049160468304834 62.19350102221745
0.049163615179005346 62.57051484708562
0.049166762053176695 62.95103465200306
0.049169908927348044 63.335104849239684
0.04917305580151939 63.72277056888568
0.04917620267569074 64.11407767304318
0.04917934954986209 64.50907277035127
0.04918249642403344 64.90780323085293
0.04918564329820479 65.31031720121418
0.04918879017237614 65.7166636203039
0.049191937046547486 66.1268922351454
0.049195083920718835 66.5410536172493
0.049198230794890184 66.95919917933851
0.04920137766906153 67.3813811924766
0.04920452454323288 67.80765280361021
0.04920767141740423 68.23806805353766
0.04921081829157558 68.67268189531566
0.04921396516574693 69.11155021311629
0.04921711203991828 69.55472984154747
0.049220258914089626 70.00227858544979
0.049223405788260975 70.45425524018357
0.049226552662432324 70.91071961242025
0.04922969953660367 71.3717325414524
0.04923284641077502 71.83735592103797
0.04923599328494637 72.30765272179356
0.04923914015911772 72.78268701415382
0.04924228703328907 73.26252399191235
0.04924543390746042 73.74722999636218
0.049248580781631766 74.23687254105333
0.049251727655803115 74.73152033718574
0.049254874529974464 75.23124331965627
0.04925802140414581 75.73611267378027
0.04926116827831716 76.2462008627066
0.04926431515248851 76.76158165554834
0.04926746202665986 77.28233015625072
0.04927060890083121 77.80852283321762
0.04927375577500256 78.3402375497214
0.049276902649173907 78.87755359511928
0.049280049523345255 79.42055171690109
0.049283196397516604 79.96931415359465
0.04928634327168795 80.523924668555
0.0492894901458593 81.0844685846657
0.04929263702003065 81.6510328199801
0.049295783894202 82.22370592433275
0.04929893076837335 82.8025781169518
0.0493020776425447 83.38774132510376
0.04930522451671605 83.97928922380376
0.049308371390887396 84.57731727662602
0.049311518265058744 85.18192277764926
0.04931466513923009 85.79320489457442
0.04931781201340144 86.41126471305225
0.04932095888757279 87.03620528226142
0.04932410576174414 87.66813166177626
0.04932725263591549 88.30715096976931
0.04933039951008684 88.95337243259014
0.04933354638425819 89.60690743576869
0.049336693258429536 90.2678695764891
0.049339840132600885 90.93637471758413
0.04934298700677223 91.61254104310169
0.04934613388094358 92.29648911549629
0.04934928075511493 92.98834193450122
0.04935242762928628 93.68822499773898
0.04935557450345763 94.3962663631293
0.04935872137762898 95.11259671315764
0.04936186825180033 95.83734942106838
0.049365015125971676 96.57066061904997
0.049368162000143025 97.31266926848166
0.049371308874314374 98.06351723231543
0.04937445574848572 98.82334934966745
0.04937760262265707 99.59231351269878
0.04938074949682842 100.37056074586695
0.04938389637099977 101.1582452876332
0.04938704324517112 101.95552467471538
0.04939019011934247 102.76255982897727
0.049393336993513816 103.5795151470522
0.049396483867685165 104.40655859280056
0.049399630741856514 105.24386179270546
0.04940277761602786 106.09160013431654
0.04940592449019921 106.94995286785442
0.04940907136437056 107.81910321109504
0.04941221823854191 108.69923845765709
0.04941536511271326 109.59055008882152
0.04941851198688461 110.49323388901742
0.049421658861055956 111.40749006511527
0.049424805735227305 112.33352336967296
0.049427952609398654 113.27154322828878
0.04943109948357 114.22176387122019
0.04943424635774135 115.18440446943585
0.0494373932319127 116.15968927527474
0.04944054010608405 117.14784776789551
0.0494436869802554 118.14911480370537
0.04944683385442675 119.16373077196886
0.049449980728598096 120.19194175580382
0.049453127602769445 121.23399969878363
0.049456274476940794 122.29016257737227
0.04945942135111214 123.36069457943293
0.04946256822528349 124.44586628905753
0.04946571509945484 125.54595487798174
0.04946886197362619 126.66124430385688
0.04947200884779754 127.79202551566783
0.04947515572196889 128.93859666659745
0.049478302596140236 130.10126333465217
0.049481449470311585 131.2803387513818
0.049484596344482934 132.47614403903802
0.04948774321865428 133.68900845653823
0.04949089009282563 134.919269654615
0.04949403696699698 136.16727394055428
0.04949718384116833 137.43337655294192
0.04950033071533968 138.717941946863
0.04950347758951103 140.02134409001755
0.049506624463682376 141.34396677024301
0.049509771337853725 142.68620391495668
0.049512918212025074 144.04845992305846
0.04951606508619642 145.4311500098645
0.04951921196036777 146.8347005656685
0.04952235883453912 148.25954952856193
0.04952550570871047 149.70614677217725
0.04952865258288182 151.1749545090525
0.04953179945705317 152.66644771035502
0.049534946331224516 154.18111454274086
0.049538093205395865 155.71945682316857
0.049541240079567214 157.28199049253365
0.04954438695373856 158.86924610903267
0.04954753382790991 160.48176936222262
0.04955068070208126 162.12012160879146
0.04955382757625261 163.78488043111352
0.04955697445042396 165.47664021972642
0.04956012132459531 167.1960127809293
0.049563268198766657 168.94362797077216
0.049566415072938005 170.72013435678002
0.049569561947109354 172.52619990883437
0.0495727088212807 174.36251272071723
0.04957585569545205 176.22978176391442
0.04957742913253773 177.1747667854472
0.04957900256962341 178.12776289625864
0.049580576006709086 179.08886491507778
0.049582149443794764 180.0581691194086
0.04958372288088044 181.03577327335003
0.04958529631796612 182.02177665605265
0.0495868697550518 183.01628009082773
0.049588443192137475 184.01938597492645
0.04959001662922315 185.0311983100078
0.04959159006630883 186.05182273331317
0.04959316350339451 187.0813665495671
0.04959473694048019 188.11993876362374
0.049596310377565865 189.16765011387972
0.04959788381465154 190.2246131064742
0.04959945725173722 191.29094205029796
0.0496010306888229 192.36675309283328
0.04960260412590858 193.45216425684902
0.049604177562994255 194.54729547797305
0.04960575100007993 195.65226864316824
0.04960732443716561 196.76720763013577
0.04960889787425129 197.892238347673
0.049610471311336966 199.0274887770131
0.049612044748422644 200.173089014173
0.04961361818550832 201.3291713133401
0.049615191622594 202.49587013132637
0.04961676505967968 203.67332217312074
0.049618338496765356 204.8616664385722
0.049619911933851034 206.06104427023558
0.04962148537093671 207.27159940241415
0.04962305880802239 208.49347801143435
0.04962463224510807 209.72682876718852
0.049626205682193746 210.97180288598284
0.049627779119279423 212.22855418473014
0.0496293525563651 213.49723913652613
0.04963092599345078 214.77801692765146
0.04963249943053646 216.07104951604234
0.049634072867622135 217.37650169127298
0.04963564630470781 218.69454113609723
0.04963721974179349 220.02533848959507
0.04963879317887917 221.36906741197427
0.04964036661596485 222.7259046510772
0.049641940053050525 224.09603011064596
0.0496435134901362 225.47962692039877
0.04964508692722188 226.87688150797652
0.04964666036430756 228.28798367281462
0.049648233801393236 229.71312666200305
0.049649807238478914 231.15250724819617
0.04965138067556459 232.6063258096364
0.04965295411265027 234.07478641236116
0.04965452754973595 235.5580968946596
0.049656100986821626 237.05646895385422
0.049657674423907304 238.57011823548012
0.04965924786099298 240.09926442494057
0.04966082129807866 241.64413134171926
0.04966239473516434 243.2049470362321
0.049663968172250016 244.7819438894059
0.049665541609335694 246.3753587150733
0.04966711504642137 247.98543286527718
0.04966868848350705 249.6124123385821
0.04967026192059273 251.25654789149215
0.049671835357678405 252.91809515308006
0.04967340879476408 254.59731474293693
0.04967498223184976 256.2944723925532
0.04967655566893544 258.00983907024863
0.04967812910602112 259.7436911097749
0.049679702543106795 261.4963103427127
0.04968127598019247 263.2679842347993
0.04968284941727815 265.05900602631993
0.04968442285436383 266.8696748767061
0.049685996291449507 268.7002960134886
0.049687569728535184 270.5511808857585
0.04968914316562086 272.4226473222965
0.04969071660270654 274.3150196945352
0.04969229003979222 276.2286290845302
0.049693863476877896 278.1638134581185
0.049695436913963574 280.120917843451
0.04969701035104925 282.1002945150975
0.04969858378813493 284.10230318392536
0.04970015722522061 286.1273111929644
0.049701730662306286 288.1756937194808
0.049703304099391964 290.2478339834887
0.04970487753647764 292.3441234629406
0.04970645097356332 294.46496211584764
0.049708024410649 296.6107586095909
0.049709597847734675 298.7819305576962
0.04971117128482035 300.97890476435873
0.04971274472190603 303.2021174770115
0.04971431815899171 305.45201464725255
0.04971589159607739 307.72905220045044
0.049717465033163065 310.03369631436965
0.04971903847024874 312.36642370716805
0.04972061190733442 314.7277219351365
0.0497221853444201 317.1180897005677
0.04972375878150578 319.53803717015603
0.049725332218591455 321.98808630435406
0.04972690565567713 324.4687711981246
0.04972847909276281 326.9806384335534
0.04973005252984849 329.52424744480425
0.049731625966934166 332.10017089592486
0.049733199404019844 334.70899507203353
0.04973477284110552 337.3513202844423
0.0497363462781912 340.0277612902995
0.04973791971527688 342.73894772736094
0.049739493152362556 345.48552456453143
0.049741066589448234 348.26815256884566
0.04974264002653391 351.087508789593
0.04974421346361959 353.94428706032517
0.04974578690070527 356.839198519521
0.049747360337790945 359.7729721507219
0.04974893377487662 362.74635534299284
0.0497505072119623 365.7601144726061
0.04975208064904798 368.81503550689035
0.04975365408613366 371.91192463123787
0.049755227523219335 375.0516089003098
0.04975680096030501 378.2349369145377
0.04975837439739069 381.46277952307366
0.04975994783447637 384.7360305544025
0.04976152127156205 388.0556075758951
0.049763094708647725 391.422452683647
0.0497646681457334 394.83753332402154
0.04976624158281908 398.30184314838954
0.04976781501990476 401.81640290264386
0.049769388456990436 405.3822613531458
0.049770961894076114 409.0004962508591
0.04977253533116179 412.6722153355192
0.04977410876824747 416.39855738178983
0.04977568220533315 420.18069328947036
0.049777255642418826 424.0198272199307
0.049778829079504504 427.9171977810773
0.04978040251659018 431.8740792632836
0.04978197595367586 435.89178292886197
0.04978354939076154 439.97165835779845
0.049785122827847215 444.11509485263855
0.04978669626493289 448.3235229055754
0.04978826970201857 452.5984157309783
0.04978984313910425 456.94129086679123
0.04979141657618993 461.3537118484379
0.049792990013275605 465.8372899590916
0.04979456345036128 470.39368606040483
0.04979613688744696 475.0246125080464
0.04979771032453264 479.73183515666176
0.04979928376161832 484.51717545916745
0.049800857198703995 489.38251266559405
0.04980243063578967 494.3297861270305
0.04980400407287535 499.3609977105745
0.04980557750996103 504.4782143315783
0.049807150947046706 509.68357060989086
0.049808724384132384 514.9792716572354
0.04981029782121806 520.3675960033354
0.04981187125830374 525.8508986689174
0.04981344469538942 531.4316143942555
0.049815018132475096 537.1122610325265
0.049816591569560774 542.8954431178677
0.04981816500664645 548.7838556187237
0.04981973844373213 554.7802878878024
0.04982131188081781 560.8876278207593
0.049822885317903486 567.1088662365928
0.049824458754989163 573.4471014936576
0.04982603219207484 579.9055443562203
0.04982760562916052 586.4875231275593
0.0498291790662462 593.1964890667981
0.049830752503331875 600.0360221079368
0.04983232594041755 607.009836900934
0.04983389937750323 614.121789196193
0.04983547281458891 621.3758825954429
0.04983704625167459 628.7762756937809
0.049838619688760265 636.3272896395713
0.04984019312584594 644.0334161410028
0.04984176656293162 651.8993259503931
0.0498433400000173 659.9298778598329
0.049844913437102976 668.1301282444829
0.049846486874188654 676.5053411928162
0.04984806031127433 685.0609992663585
0.04984963374836001 693.8028149350301
0.04985120718544569 702.7367427381093
0.049852780622531366 711.8689922250965
0.049854354059617044 721.2060417354617
0.04985592749670272 730.7546530814107
0.0498575009337884 740.5218872034593
0.04985907437087408 750.5151208748554
0.049860647807959756 760.742064537741
0.049862221245045434 771.2107813615337
0.04986379468213111 781.9297076223561
0.04986536811921679 792.9076745115923
0.04986694155630247 804.1539314918673
0.049868514993388145 815.6781713300752
0.04987008843047382 827.4905569496387
0.0498716618675595 839.6017502581287
0.04987323530464518 852.0229431218798
0.04987480874173086 864.7658906764842
0.049876382178816535 877.8429471812956
0.04987795561590221 891.2671046475258
0.04987952905298789 905.0520344935168
0.04988110249007357 919.2121325076052
0.04988267592715925 933.7625674290974
0.049884249364244924 948.7193334916251
0.0498858228013306 964.0993073111171
0.04988739623841628 979.9203095433461
0.04988896967550196 996.2011717841879
0.049890543112587636 1012.9618092401415
0.049892116549673314 1030.2232997582103
0.04989368998675899 1048.0079698739985
0.04989526342384467 1066.3394886160581
0.04989683686093035 1085.2429698945707
0.049898410298016026 1104.7450844050595
0.049899983735101704 1124.874182094951
0.04990155717218738 1145.6604263747954
0.04990313060927306 1167.1359414095095
0.04990470404635874 1189.3349740014114
0.049906277483444415 1212.2940717798324
0.04990785092053009 1236.0522796463526
0.04990942435761577 1260.6513566955546
0.04991099779470145 1286.1360161451548
0.04991257123178713 1312.5541911741757
0.049914144668872805 1339.95732999282
0.04991571810595848 1368.400723964068
0.04991729154304416 1397.9438731784248
0.04991886498012984 1428.650894566072
0.04992043841721552 1460.5909784350647
0.049922011854301195 1493.8389002746671
0.04992358529138687 1528.4755957894884
0.04992515872847255 1564.5888084698172
0.04992673216555823 1602.2738206022448
0.049928305602643906 1641.6342805390973
0.049929092321186745 1661.9772367675266
0.049929879039729584 1682.782192906454
0.04993066575827242 1704.0648970716431
0.04993145247681526 1725.8418204539255
0.0499322391953581 1748.1301992952674
0.04993302591390094 1770.9480798233028
0.04993381263244378 1794.3143663904843
0.04993459935098662 1818.2488730877005
0.04993538606952946 1842.7723791284811
0.049936172788072296 1867.906688329123
0.049936959506615135 1893.6746930425447
0.049937746225157974 1920.1004429398436
0.04993853294370081 1947.2092190738856
0.04993931966224365 1975.0276137042927
0.04994010638078649 2003.583616413569
0.04994089309932933 2032.906707100523
0.04994167981787217 2063.027956500378
0.04994246653641501 2093.9801349520353
0.049943253254957846 2125.7978302128176
0.049944039973500685 2158.5175752110795
0.049944826692043524 2192.1779867286004
0.04994561341058636 2226.8199161194802
0.0499464001291292 2262.48661330222
0.04994718684767204 2299.223905409015
0.04994797356621488 2337.0803916437544
0.04994876028475772 2376.107656090753
0.04994954700330056 2416.3605004335864
0.0499503337218434 2457.897198791656
0.049951120440386236 2500.7797771664054
0.049951907158929075 2545.074320315173
0.049952693877471914 2590.8513092456333
0.04995348059601475 2638.1859929557
0.04995426731455759 2687.158798542689
0.04995505403310043 2737.8557843829285
0.04995584075164327 2790.3691417530813
0.04995662747018611 2844.7977510438304
0.04995741418872895 2901.2477996256216
0.04995820090727179 2959.833469489087
0.049958987625814626 3020.6777040293373
0.049959774344357465 3083.9130648091677
0.049960561062900304 3149.682690865328
0.04996134778144314 3218.141375167832
0.04996213449998598 3289.45677527064
0.04996292121852882 3363.8107780841447
0.04996370793707166 3441.4010421562
0.0499644946556145 3522.442744994044
0.04996528137415734 3607.170567950444
0.049966068092700176 3695.840957229931
0.049966854811243015 3788.7347068921085
0.049967641529785854 3886.159918652127
0.04996842824832869 3988.4554042027075
0.04996921496687153 4095.994609218865
0.04997000168541437 4209.190154814804
0.04997078840395721 4328.499112856315
0.04997157512250005 4454.429157305703
0.04997236184104289 4587.5457661527225
0.04997314855958573 4728.480689398873
0.049973935278128566 4877.941950590471
0.049974721996671405 5036.725715997232
0.049975508715214244 5205.730451389028
0.04997629543375708 5385.973897864138
0.04997708215229992 5578.6135441312335
0.04997786887084276 5784.97146528992
0.0499786555893856 6006.564654701641
0.04997944230792844 6245.14232044939
0.04998022902647128 6502.732086310868
0.04998101574501412 6781.697680302482
0.049981802463556955 7084.811587220547
0.049982589182099794 7415.3473982817795
0.04998337590064263 7777.198382878968
0.04998416261918547 8175.031400498028
0.04998494933772831 8614.489083743809
0.04998573605627115 9102.458929006008
0.04998652277481399 9647.4366343965
0.04998730949335683 10260.024583445987
0.04998809621189967 10953.627996819097
0.049988882930442506 11745.44667026832
0.049989669648985345 12657.919873552453
0.049990456367528184 13720.885900998463
0.04999124308607102 14974.905702344513
0.04999202980461386 16476.55491853705
0.0499928165231567 18307.19335007086
0.04999360324169954 20588.20561248053
0.04999438996024238 23509.065344032948
0.04999517667878522 27382.86426379821
0.04999596339732806 32766.77564591352
0.049996750115870896 40757.48559917189
0.049997536834413735 53852.77694410477
0.049998323552956574 79239.04362560615
0.04999911027149941 149520.1833429317
0.04999989699004225 1293323.8356646888
0.05000068370858509 195139.65620898906
0.05000147042712793 90866.55308708308
0.05000225714567077 59281.59496751996
0.05000304386421361 44023.74862024522
0.050003830582756446 35033.311718077064
0.050004617301299285 29106.668506374834
0.050005404019842124 24905.735923254655
0.05000619073838496 21772.60486660839
0.0500069774569278 19346.087116551607
0.05000776417547064 17411.386545873367
0.05000855089401348 15832.755650670433
0.05000933761255632 14520.19527292358
0.05001012433109916 13411.680057351772
0.050010911049642 12463.073487074384
0.050011697768184836 11642.112428083949
0.050012484486727675 10924.66608219573
0.050013271205270514 10292.32555813985
