0 0.0
0.0004027998939328378 0.00015961358898008982
0.0008055997878656756 0.0003261047898610592
0.0012083996817985135 0.0004997689398775762
0.0016111995757313513 0.0006809160477043719
0.0020139994696641893 0.0008698716225215009
0.0024167993635970273 0.0010669775573215468
0.0028195992575298654 0.001272593070404504
0.0032223991514627034 0.0014870957092991688
0.0036251990453955414 0.001710882421745552
0.0040279989393283795 0.0019443706987405385
0.0044307988332612175 0.002187999795085993
0.0048335987271940556 0.0024422320333239433
0.005236398621126894 0.0027075541974963535
0.005639198515059732 0.0029844790236652763
0.00604199840899257 0.003273546794789528
0.006444798302925408 0.003575327048185084
0.006847598196858246 0.003890420404554895
0.007250398090791084 0.00421946052835942
0.007653197984723922 0.004563116230202446
0.008055997878656759 0.004922093722859788
0.008458797772589597 0.0052971390436558075
0.008861597666522435 0.005689040657116173
0.009264397560455273 0.006098632253005221
0.009667197454388111 0.006526795756506942
0.01006999734832095 0.0069744645686053985
0.010472797242253787 0.007442627056856832
0.010875597136186625 0.00793233031818108
0.011278397030119463 0.008444684238213096
0.011681196924052301 0.00898086587296909
0.01208399681798514 0.009542124183132383
0.012486796711917977 0.01012978515115881
0.012889596605850815 0.010745257319696222
0.013292396499783653 0.011390037785178553
0.013695196393716491 0.01206571869855999
0.01409799628764933 0.012773994305572689
0.014500796181582168 0.013516668606414761
0.014903596075515006 0.014295663644543044
0.015306395969447844 0.015113028579115895
0.01570919586338068 0.015970949445689442
0.016111995757313518 0.016871760004080638
0.016514795651246354 0.01781795314469159
0.01691759554517919 0.018812194173114527
0.017320395439112027 0.019857333628269913
0.017723195333044863 0.020956424793409312
0.0181259952269777 0.022112735516395254
0.018528795120910536 0.023329776905097077
0.018931595014843372 0.024611300419669746
0.01933439490877621 0.025961371231432828
0.019737194802709045 0.027384275118592427
0.02013999469664188 0.02888481808833898
0.020542794590574717 0.030467707688677237
0.020945594484507554 0.0321391538498208
0.02134839437844039 0.03390303268155659
0.021751194272373226 0.0357706753314746
0.022153994166306062 0.03773586946640073
0.0225567940602389 0.03984053489626049
0.022959593954171735 0.04199928426958799
0.02336239384810457 0.04447840847184459
0.023765193742037408 0.046561898690982595
0.023966593689003828 0.04814708963903769
0.024167993635970247 0.048626627782534015
0.024369393582936667 0.05024139924672344
0.024570793529903087 0.05078924229965853
0.024772193476869507 0.05247409981907136
0.024973593423835927 0.05305833131783633
0.025174993370802347 0.05485555697341127
0.025376393317768767 0.055439492305795035
0.025577793264735187 0.05740106002920431
0.025779193211701606 0.05793423567177758
0.025980593158668026 0.060132894182042484
0.026181993105634446 0.060537033501489645
0.026383393052600866 0.06308490298748559
0.026584792999567286 0.06322894666978929
0.026685492973050496 0.06466382100222923
0.026786192946533706 0.06524231938262659
0.026886892920016916 0.06591763707250564
0.026987592893500126 0.06659329825636462
0.027088292866983336 0.06727981322761334
0.027188992840466546 0.0679762095499159
0.027289692813949756 0.06868281136222887
0.027390392787432966 0.06939979535309959
0.027491092760916176 0.07012736133062436
0.027591792734399385 0.07086571137874387
0.027692492707882595 0.07161505267106794
0.027793192681365805 0.07237559724753417
0.027893892654849015 0.07314756220206586
0.027994592628332225 0.07393116981848724
0.028095292601815435 0.07472664771933601
0.028195992575298645 0.07553422901839912
0.028296692548781855 0.07635415247856248
0.028397392522265065 0.0771866626749409
0.028498092495748275 0.07803201016349437
0.028598792469231485 0.07889045165536857
0.028699492442714695 0.07976225019714711
0.028800192416197905 0.08064767535726158
0.028900892389681115 0.08154700341878751
0.029001592363164325 0.08246051757886796
0.029102292336647535 0.08338850815504983
0.029202992310130745 0.08433127279877795
0.029303692283613954 0.08528911671633566
0.029404392257097164 0.08626235289754014
0.029505092230580374 0.08725130235250322
0.029605792204063584 0.08825629435675175
0.029706492177546794 0.08927766670509563
0.029807192151030004 0.09031576597453661
0.029907892124513214 0.0913709477966611
0.030008592097996424 0.0924435771398322
0.030109292071479634 0.09353402860163573
0.030209992044962844 0.09464268671198184
0.030310692018446054 0.09576994624732027
0.030411391991929264 0.0969162125564198
0.030512091965412474 0.09808190189819577
0.030612791938895684 0.09926744179212843
0.030713491912378894 0.10047327138176065
0.030814191885862104 0.1016998418118682
0.030914891859345314 0.10294761661987284
0.031015591832828523 0.10421707214212006
0.031116291806311733 0.10550869793566608
0.031216991779794943 0.10682299721624222
0.03131769175327815 0.10816048731312566
0.031418391726761356 0.10952170014162732
0.03151909170024456 0.1109071826940351
0.03161979167372777 0.11231749754974985
0.031720491647210976 0.1137532234055767
0.03182119162069418 0.11521495562697748
0.03192189159417739 0.11670330682132679
0.032022591567660595 0.11821890743408581
0.0321232915411438 0.11976240636902613
0.03222399151462701 0.1213344716335385
0.032324691488110215 0.12293579101025198
0.03242539146159342 0.12456707275612011
0.03252609143507663 0.1262290463303417
0.032626791408559834 0.12792246315238653
0.03272749138204304 0.12964809739163385
0.03282819135552625 0.13140674679005304
0.03292889132900945 0.13319923351958884
0.03302959130249266 0.13502640507583052
0.033130291275975866 0.13688913520983625
0.03323099124945907 0.13878832489984738
0.03333169122294228 0.1407249033649709
0.033432391196425486 0.14269982912278678
0.03353309116990869 0.14471409109317435
0.0336337911433919 0.14676870975054346
0.033734491116875105 0.1488647383270294
0.03383519109035831 0.15100326406909836
0.03393589106384152 0.1531854095504137
0.034036591037324725 0.1554123340436835
0.03413729101080793 0.15768523495471243
0.03423799098429114 0.16000534932169863
0.034338690957774344 0.16237395538329658
0.03443939093125755 0.16479237421901693
0.03454009090474076 0.16726197146577526
0.03464079087822396 0.16978415911461653
0.03474149085170717 0.17236039739198183
0.034842190825190376 0.17499219672994037
0.03494289079867358 0.17768111983036228
0.03504359077215679 0.18042878382797234
0.035144290745639996 0.18323686255791038
0.0352449907191232 0.1861070889333778
0.03534569069260641 0.1890412574396798
0.035446390666089615 0.19204122675101942
0.03554709063957282 0.19510892247707012
0.03564779061305603 0.1982463400466461
0.035748490586539235 0.20145554773635688
0.03584919056002244 0.20473868985249943
0.03594989053350565 0.2080979900751796
0.036050590506988854 0.2115357549740562
0.03615129048047206 0.2150543777058207
0.03625199045395527 0.21865634190418604
0.036352690427438474 0.22234422577385615
0.03645339040092168 0.22612070640068715
0.036554090374404886 0.2299885642912347
0.03665479034788809 0.2339506881554989
0.0367554903213713 0.2380100799479994
0.036856190294854506 0.24216986018296183
0.03695689026833771 0.24643327354088385
0.03705759024182092 0.25080369478462217
0.037158290215304125 0.25528463500473464
0.03725899018878733 0.25987974821492266
0.03735969016227054 0.2645928383202456
0.037460390135753745 0.2694278664820615
0.03756109010923695 0.2743889589057922
0.03766179008272016 0.2794804150791599
0.037762490056203364 0.2847067164908914
0.03786319002968657 0.2900725358619791
0.03796389000316978 0.2955827469240262
0.038064589976652984 0.3012424347819245
0.03816528995013619 0.30705690690082754
0.038265989923619396 0.31303170476063436
0.0383666898971026 0.31917261622445103
0.03846738987058581 0.32548568867123606
0.038568089844069016 0.33197724294676156
0.03866878981755222 0.338653888191466
0.03876948979103543 0.34552253760831775
0.038870189764518635 0.35259042523924045
0.03897088973800184 0.35986512382394764
0.03907158971148505 0.3673545638215341
0.039172289684968255 0.3750670536815228
0.03927298965845146 0.3830113014588026
0.03937368963193467 0.39119643787448233
0.039474389605417874 0.3996320409340317
0.03957508957890108 0.40832816222305013
0.03967578955238429 0.4172953550125662
0.039776489525867494 0.42654470431593694
0.0398771894993507 0.43608785905442105
0.03997788947283391 0.44593706649930986
0.04007858944631711 0.4561052091787179
0.04017928941980032 0.46660584444726183
0.040279989393283526 0.4774532469460748
0.04038068936676673 0.48866245418556353
0.04048138934024994 0.500249315530823
0.040582089313733145 0.5122305448564592
0.04068278928721635 0.5246237772273101
0.04078348926069956 0.5374476298930215
0.040884189234182765 0.5507217680831413
0.04098488920766597 0.5644669758535077
0.04108558918114918 0.5787052327441771
0.041186289154632384 0.5934597962493928
0.04128698912811559 0.6087552915738357
0.0413876891015988 0.6246178076664144
0.041488389075082004 0.6410750032166774
0.04153873906182361 0.6490579398798548
0.04158908904856521 0.657187136286419
0.04163943903530681 0.6654661414877125
0.04168978902204842 0.673898612785857
0.04174013900879002 0.6824883185962101
0.04179048899553162 0.6912391430383273
0.041840838982273226 0.7001550899414468
0.04189118896901483 0.7092402874101378
0.04194153895575643 0.7184989923925755
0.041991888942498036 0.7279355955483577
0.04204223892923964 0.7375546262776531
0.04209258891598124 0.747360758000319
0.042142938902722846 0.7573588136546263
0.04219328888946445 0.7675537714501246
0.04224363887620605 0.7779507708748774
0.042293988862947655 0.788555118977321
0.04234433884968926 0.7993722969330257
0.04239468883643086 0.8104079669135267
0.042445038823172465 0.8216679792718118
0.04249538880991407 0.8331583800620734
0.04254573879665567 0.8448854189109625
0.042596088783397275 0.856855557259685
0.04264643877013888 0.8690754769965849
0.04269678875688048 0.881552089501838
0.042747138743622085 0.8942925451264756
0.04279748873036369 0.9073042431299747
0.04284783871710529 0.9205948421017105
0.042898188703846894 0.9341722708933702
0.0429485386905885 0.9480447400911238
0.0429988886773301 0.9622207540581265
0.043049238664071704 0.9767091235798695
0.04309958865081331 0.9915189791471413
0.04314993863755491 1.0066597849134098
0.043200288624296514 1.0221413533660169
0.04325063861103812 1.0379738607531124
0.04330098859777972 1.05416786331104
0.04335133858452132 1.070734314339834
0.04340168857126293 1.0876845821778716
0.04345203855800453 1.1050304691299182
0.04350238854474613 1.1227842314068042
0.043552738531487736 1.140958600138763
0.04360308851822934 1.159566803528918
0.04365343850497094 1.1786225902179943
0.043703788491712546 1.1981402539363302
0.04375413847845415 1.2181346595247469
0.04380448846519575 1.2386212704116275
0.043854838451937356 1.2596161776398418
0.04390518843867896 1.2811361305440876
0.04395553842542056 1.3031985691864456
0.044005888412162165 1.3258216586660758
0.04405623839890377 1.3490243254274965
0.04410658838564537 1.3728262957014117
0.044156938372386975 1.397248136221961
0.04420728835912858 1.4223112973757104
0.04425763834587018 1.448038158949025
0.044307988332611785 1.4744520786542878
0.04435833831935339 1.5015774436286016
0.04440868830609499 1.5294397251150116
0.044459038292836595 1.5580655365520002
0.0445093882795782 1.587482695316158
0.0445597382663198 1.6177202883819604
0.044610088253061404 1.6488087421851851
0.04466043823980301 1.6807798969990486
0.04471078822654461 1.713667086159404
0.044761138213286214 1.74750522050196
0.04481148820002782 1.7823308784075103
0.04486183818676942 1.8181824018823853
0.044887013180140226 1.8360093793361116
0.04491218817351103 1.8540967558266992
0.044937363166881836 1.87244959858835
0.04496253816025264 1.8910730983164932
0.044987713153623446 1.9099725727881172
0.04501288814699425 1.9291534706062698
0.045038063140365056 1.9486213750737598
0.04506323813373586 1.9683820082012211
0.045088413127106666 1.9884412348547755
0.04511358812047747 2.0088050670489537
0.045138763113848276 2.029479668390728
0.04516393810721908 2.050471358680678
0.04518911310058989 2.071786618677745
0.04521428809396069 2.093432095034224
0.0452394630873315 2.115414605407942
0.0452646380807023 2.137741143759005
0.04528981307407311 2.1604188858386735
0.04531498806744391 2.1834551948784267
0.04534016306081472 2.2068576274875547
0.04536533805418552 2.23063393976814
0.04539051304755633 2.2547920936564623
0.04541568804092713 2.279340263500668
0.04544086303429794 2.304286842884583
0.04546603802766874 2.3296404517084746
0.04549121302103955 2.3554099435376656
0.04551638801441035 2.381604413230793
0.04554156300778116 2.4082332048597834
0.04556673800115196 2.435305919934553
0.04559191299452277 2.462832425945674
0.04561708798789357 2.490822865239302
0.04564226298126438 2.519287664239087
0.04566743797463518 2.5482375430307442
0.04569261296800599 2.577683525325586
0.04571778796137679 2.6076369488202786
0.0457429629547476 2.6381094759709036
0.045768137948118404 2.6691131052003527
0.04579331294148921 2.70066018255908
0.045818487934860014 2.7327634138602868
0.04584366292823082 2.7654358773117167
0.045868837921601624 2.798691036667414
0.04589401291497243 2.832542754923981
0.045919187908343234 2.8670053085873626
0.04594436290171404 2.9020934025373
0.045969537895084844 2.93782218551841
0.04599471288845565 2.9742072662880723
0.046019887881826455 3.011264730453199
0.04604506287519726 3.049011158029792
0.046070237868568065 3.0874636417606567
0.04609541286193887 3.126639806229182
0.046120587855309675 3.1665578278088304
0.04614576284868048 3.207236455490328
0.046170937842051285 3.248695032630927
0.04619611283542209 3.290953519672822
0.046221287828792895 3.334032517880189
0.0462464628221637 3.3779532941473747
0.046271637815534505 3.4227378069340446
0.04629681280890531 3.468408733385786
0.046321987802276116 3.5149894977028353
0.04634716279564692 3.5625043008227024
0.046372337789017726 3.6109781514868686
0.04639751278238853 3.660436898765724
0.046422687775759336 3.7109072661204223
0.04644786276913014 3.762416887085294
0.046473037762500946 3.814994342659361
0.04649821275587175 3.868669200501351
0.046523387749242556 3.923472056028068
0.04654856274261336 3.979434575522582
0.046573737735984166 4.036589541365316
0.04659891272935497 4.09497089950834
0.04662408772272578 4.154613809320814
0.04664926271609658 4.215554695942011
0.04667443770946739 4.277831305287016
0.04669961270283819 4.341482761859837
0.046724787696209 4.406549629538844
0.0467499626895798 4.473073975510566
0.04677513768295061 4.541099437539323
0.04680031267632141 4.610671294773503
0.04682548766969222 4.681836542302136
0.04685066266306302 4.754643969690825
0.04687583765643383 4.829144243741474
0.04690101264980463 4.905389995737558
0.04692618764317544 4.98343591345477
0.04695136263654624 5.063338838237165
0.046963950133231645 5.103493906360832
0.04697653762991705 5.144126241268189
0.04698912512660245 5.185243422928593
0.04700171262328785 5.2268531823132065
0.047014300119973255 5.268963405019576
0.04702688761665866 5.311582134998233
0.04703947511334406 5.354717578384431
0.04705206261002946 5.398378107438674
0.047064650106714866 5.442572264599399
0.04707723760340027 5.487308766651523
0.04708982510008567 5.532596509014695
0.04710241259677107 5.578444570155135
0.047115000093456476 5.624862216125294
0.04712758759014188 5.671858905235332
0.04714017508682728 5.719444292861127
0.04715276258351268 5.767628236393065
0.047165350080198086 5.816420800330704
0.04717793757688349 5.8658322615278635
0.04719052507356889 5.915873114593651
0.047203112570254294 5.966554077454369
0.047215700066939696 6.0178860970820125
0.0472282875636251 6.069880355395171
0.0472408750603105 6.122548275338062
0.047253462556995904 6.175901527143992
0.047266050053681306 6.229952034789775
0.04727863755036671 6.284711982647572
0.04729122504705211 6.340193822341334
0.047303812543737514 6.396410279814873
0.047316400040422917 6.453374362619144
0.04732898753710832 6.511099367426688
0.04734157503379372 6.569598887781098
0.047354162530479124 6.628886822090173
0.04736675002716453 6.688977381871489
0.04737933752384993 6.749885100259533
0.04739192502053533 6.811624840784027
0.047404512517220734 6.874211806429209
0.04741710001390614 6.937661548984565
0.04742968751059154 7.001989978697765
0.04744227500727694 7.067213374240886
0.047454862503962345 7.1333483930018815
0.04746745000064775 7.2004120817131465
0.04748003749733315 7.268421887430264
0.04749262499401855 7.337395668873789
0.047505212490703955 7.4073517081482905
0.04751779998738936 7.4783087228527165
0.04753038748407476 7.550285878597279
0.04754297498076016 7.623302801942621
0.047555562477445565 7.697379593777434
0.04756814997413097 7.772536843151833
0.04758073747081637 7.848795641584168
0.04759332496750177 7.926177597860033
0.047605912464187175 8.004704853342886
0.04761849996087258 8.084400097816605
0.04763108745755798 8.165286585881319
0.04764367495424338 8.24738815392461
0.047656262450928785 8.330729237691457
0.04766884994761419 8.41533489047712
0.04768143744429959 8.501230801968426
0.04769402494098499 8.588443317759967
0.047706612437670395 8.676999459573146
0.0477191999343558 8.7669269462071
0.0477317874310412 8.858254215251975
0.0477443749277266 8.951010445596573
0.047756962424412006 9.045225580763734
0.04776954992109741 9.140930353108452
0.04778213741778281 9.23815630891555
0.04779472491446821 9.336935834435238
0.047807312411153616 9.43730218289712
0.04781989990783902 9.53928950254479
0.04783248740452442 9.642932865735325
0.04784507490120982 9.74826829915066
0.047857662397895226 9.855332815169128
0.04787024989458063 9.964164444449125
0.04788283739126603 10.074802269778232
0.047895424887951434 10.187286461244838
0.047908012384636836 10.301658312791439
0.04792059988132224 10.417960280212334
0.04793318737800764 10.536236020661356
0.047945774874693044 10.656530433738759
0.047958362371378446 10.778889704229933
0.04797094986806385 10.903361346572495
0.04798353736474925 11.029994251132393
0.047996124861434654 11.158838732373361
0.048008712358120056 11.289946579009587
0.04802129985480546 11.423371106235187
0.04803388735149086 11.559167210129822
0.048046474848176264 11.697391424344822
0.04805906234486167 11.838101979180081
0.04807164984154707 11.98135886316787
0.04808423733823247 12.127223887286092
0.048096824834917874 12.275760751930697
0.04810941233160328 12.427035116783422
0.04812199982828868 12.581114673719703
0.04813458732497408 12.73806922290889
0.048147174821659484 12.897970752268037
0.04815976231834489 13.060893520439812
0.04817234981503029 13.226914143474495
0.04818493731171569 13.396111685407142
0.048197524808401095 13.568567752931358
0.04820381855674379 13.655556333012349
0.04821011230508649 13.74338440004206
0.04821640605342919 13.832062811615643
0.048222699801771886 13.921602601881787
0.048228993550114584 14.01201498500891
0.04823528729845728 14.103311358731204
0.04824158104679998 14.195503307976736
0.04824787479514268 14.288602608579716
0.048254168543485375 14.38262123107922
0.04826046229182807 14.477571344606659
0.04826675604017077 14.573465320864344
0.04827304978851347 14.670315738197772
0.048279343536856166 14.768135385763834
0.048285637285198864 14.866937267798008
0.04829193103354156 14.96673460798273
0.04829822478188426 15.067540853920207
0.04830451853022696 15.169369681712084
0.048310812278569655 15.272235000649303
0.04831710602691235 15.376150958014875
0.04832339977525505 15.481131944002897
0.04832969352359775 15.587192596756992
0.048335987271940446 15.694347807531585
0.048342281020283144 15.802612725979131
0.04834857476862584 15.912002765567436
0.04835486851696854 16.022533609130164
0.04836116226531124 16.134221214554515
0.048367456013653935 16.247081820610205
0.04837374976199663 16.36113195292343
0.04838004351033933 16.47638843010013
0.04838633725868203 16.592868370002847
0.048392631007024726 16.710589196185637
0.048398924755367424 16.82956864449153
0.04840521850371012 16.949824769817354
0.04841151225205282 17.07137595305072
0.04841780600039552 17.194240908184398
0.048424099748738215 17.318438689612904
0.04843039349708091 17.443988699617265
0.04843668724542361 17.570910696043015
0.04844298099376631 17.69922480017739
0.04844927474210901 17.82895150483175
0.048455568490451704 17.96011168263523
0.0484618622387944 18.09272659454608
0.0484681559871371 18.226817898587157
0.0484744497354798 18.3624076588125
0.048480743483822496 18.49951835451209
0.048487037232165194 18.638172889661647
0.04849333098050789 18.778394602625752
0.04849962472885059 18.920207276121175
0.04850591847719329 19.06363514744939
0.048512212225535985 19.208702919005802
0.04851850597387868 19.355435769075
0.04852479972222138 19.503859362920608
0.04853109347056408 19.653999864179013
0.048537387218906776 19.805883946566723
0.048543680967249474 19.959538805911365
0.04854997471559217 20.11499217251621
0.04855626846393487 20.27227232386943
0.04856256221227757 20.43140809770871
0.048568855960620265 20.59242890545302
0.04857514970896296 20.755364746013086
0.04858144345730566 20.92024621999336
0.04858773720564836 21.087104544297517
0.048594030953991056 21.255971567151704
0.048600324702333754 21.426879783558277
0.04860661845067645 21.599862351195043
0.04861291219901915 21.77495310677442
0.04861920594736185 21.95218658287793
0.048625499695704545 22.13159802528196
0.04863179344404724 22.313223410791352
0.04863808719238994 22.49709946559794
0.04864438094073264 22.683263684181867
0.048650674689075336 22.871754348774246
0.048656968437418034 23.06261054940026
0.04866326218576073 23.255872204522802
0.04866955593410343 23.451580082307373
0.04867584968244613 23.649775822529733
0.048682143430788825 23.8505019591488
0.04868843717913152 24.053801943568118
0.04869473092747422 24.259720168609974
0.04870102467581692 24.4683019932276
0.04870731842415962 24.679593767981487
0.048713612172502314 24.89364286130707
0.04871990592084501 25.110497686602244
0.04872619966918771 25.33020773016446
0.04873249341753041 25.552823580007313
0.048738787165873106 25.778396955589955
0.0487450809142158 26.00698073849125
0.0487513746625585 26.23862900406435
0.0487576684109012 26.473397054107537
0.0487639621592439 26.711341450588833
0.048770255907586595 26.95252005046389
0.04877654965592929 27.19699204162795
0.04878284340427199 27.444817980044476
0.04878913715261469 27.696059828095187
0.048795430900957386 27.950780994197515
0.048801724649300084 28.20904637373819
0.04880801839764278 28.470922391373264
0.04881431214598548 28.736477044747417
0.04882060589432818 29.005779949687394
0.048826899642670875 29.2789023869272
0.04883319339101357 29.555917350424735
0.04883948713935627 29.83689959733286
0.04884578088769897 30.121925699690124
0.048852074636041666 30.41107409789963
0.048858368384384364 30.704425156067344
0.04886466213272706 31.00206121927515
0.04887095588106976 31.304066672865872
0.04887724962941246 31.610528003823035
0.048883543377755155 31.92153386433013
0.04888983712609785 32.23717513759928
0.04889613087444055 32.55754500606291
0.04890242462278325 32.88273902202641
0.048908718371125946 33.21285518088463
0.048915012119468644 33.547993997009854
0.04892130586781134 33.88825858242379
0.04892759961615404 34.23375472837186
0.04893389336449674 34.58459098992394
0.048940187112839435 34.940878773730674
0.04894648086118213 35.302732429072634
0.04895277460952483 35.67026934234421
0.04895906835786753 36.043610035123166
0.048965362106210227 36.42287826598263
0.048971655854552924 36.80820113621115
0.04897794960289562 37.199709199614645
0.04898424335123832 37.597536576582115
0.04899053709958102 38.0018210726078
0.048996830847923716 38.41270430147016
0.04900312459626641 38.83033181328079
0.04900941834460911 39.25485322762543
0.04901571209295181 39.686422372031956
0.04902200584129451 40.12519742601221
0.049025152715465856 40.34684487964509
0.049028299589637205 40.570349582179944
0.04903144646380855 40.79573253167773
0.0490345933379799 41.02301502651929
0.04903774021215125 41.25221867062086
0.0490408870863226 41.48336537875571
0.04904403396049395 41.716477381985925
0.0490471808346653 41.951577233205484
0.04905032770883665 42.18868781279848
0.049053474583007996 42.427832334414504
0.049056621457179345 42.66903435086435
0.049059768331350694 42.91231776013882
0.04906291520552204 43.15770681155344
0.04906606207969339 43.40522611202269
0.04906920895386474 43.65490063246607
0.04907235582803609 43.90675571435001
0.04907550270220744 44.16081707636823
0.04907864957637879 44.41711082126476
0.049081796450550136 44.675663442802204
0.049084943324721485 44.936501832879685
0.049088090198892834 45.199653288803574
0.04909123707306418 45.465145520715055
0.04909438394723553 45.73300665917847
0.04909753082140688 46.003265262934505
0.04910067769557823 46.2759503268219
0.04910382456974958 46.55109128987269
0.04910697144392093 46.82871804358473
0.049110118318092276 47.10886094037622
0.049113265192263625 47.391550802227016
0.049116412066434974 47.67681892951116
0.04911955894060632 47.964697110025895
0.04912270581477767 48.25521762822183
0.04912585268894902 48.548413274639955
0.04912899956312037 48.84431735556012
0.04913214643729172 49.14296370286743
0.04913529331146307 49.44438668414121
0.049138440185634416 49.74862121297329
0.049141587059805765 50.055702759520884
0.049144733933977114 50.36566736130082
0.04914788080814846 50.67855163423101
0.04915102768231981 50.99439278392623
0.04915417455649116 51.31322861725441
0.04915732143066251 51.63509755416099
0.04916046830483386 51.960038639768015
0.04916361517900521 52.28809155675572
0.049166762053176556 52.61929663803407
0.049169908927347905 52.95369487971206
0.049173055801519254 53.29132795437319
0.0491762026756906 53.63223822466496
0.04917934954986195 53.97646875721159
0.0491824964240333 54.32406333685833
0.04918564329820465 54.67506648125692
0.049188790172376 55.02952345580127
0.04919193704654735 55.38748028892354
0.049195083920718696 55.74898378776041
0.049198230794890045 56.11408155419983
0.049201377669061394 56.48282200131928
0.04920452454323274 56.855254370226376
0.04920767141740409 57.23142874731312
0.04921081829157544 57.61139608193599
0.04921396516574679 57.995208204533654
0.04921711203991814 58.38291784519481
0.04922025891408949 58.774578652689556
0.049223405788260836 59.17024521397735
0.049226552662432185 59.56997307420535
0.049229699536603534 59.97381875721159
0.04923284641077488 60.381839786547886
0.04923599328494623 60.79409470703726
0.04923914015911758 61.21064310688216
0.04924228703328893 61.63154564033948
0.04924543390746028 62.05686405097947
0.04924858078163163 62.48666119554538
0.049251727655802977 62.92100106843303
0.049254874529974325 63.35994882680728
0.049258021404145674 63.80357081637625
0.04926116827831702 64.2519345978424
0.04926431515248837 64.70510897405106
0.04926746202665972 65.16316401785801
0.04927060890083107 65.62617110073823
0.04927375577500242 66.09420292215852
0.04927690264917377 66.56733353973756
0.04928004952334512 67.04563840021831
0.049283196397516466 67.52919437127753
0.049286343271687814 68.01807977419928
0.04928949014585916 68.51237441743935
0.04929263702003051 69.0121596311085
0.04929578389420186 69.5175183024045
0.04929893076837321 70.0285349120224
0.04930207764254456 70.5452955715748
0.04930522451671591 71.06788806205492
0.04930837139088726 71.59640187337551
0.049311518265058606 72.13092824501905
0.049314665139229955 72.67156020783546
0.0493178120134013 73.21839262702466
0.04932095888757265 73.77152224634321
0.049324105761744 74.33104773357564
0.04932725263591535 74.89706972731196
0.0493303995100867 75.4696908850755
0.04933354638425805 76.04901593284606
0.0493366932584294 76.63515171602552
0.049339840132600746 77.22820725189442
0.049342987006772095 77.82829378361058
0.049346133880943444 78.43552483580191
0.04934928075511479 79.050016271809
0.04935242762928614 79.67188635263314
0.04935557450345749 80.30125579764997
0.04935872137762884 80.93824784714936
0.04936186825180019 81.58298832676599
0.04936501512597154 82.2356057138667
0.049368162000142886 82.89623120596384
0.049371308874314235 83.56499879122646
0.049374455748485584 84.24204532116408
0.04937760262265693 84.92751058556098
0.04938074949682828 85.62153738974209
0.04938389637099963 86.32427163425453
0.04938704324517098 87.0358623970532
0.04939019011934233 87.7564620182811
0.04939333699351368 88.48622618774064
0.049396483867685026 89.22531403515478
0.049399630741856375 89.97388822332135
0.049402777616027724 90.73211504426882
0.04940592449019907 91.50016451852596
0.04940907136437042 92.27821049762264
0.04941221823854177 93.06643076994413
0.04941536511271312 93.86500717006689
0.04941851198688447 94.6741256917089
0.04942165886105582 95.49397660443336
0.049424805735227166 96.3247545742517
0.049427952609398515 97.166658788277
0.049431099483569864 98.0198930835862
0.04943424635774121 98.88466608045712
0.04943739323191256 99.76119132015268
0.04944054010608391 100.64968740743342
0.04944368698025526 101.55037815798707
0.04944683385442661 102.4634927509731
0.04944998072859796 103.389265886889
0.049453127602769306 104.32793795097407
0.049456274476940655 105.27975518237776
0.049459421351112004 106.24496984932915
0.04946256822528335 107.2238404305559
0.0494657150994547 108.21663180321227
0.04946886197362605 109.22361543758893
0.0494720088477974 110.24506959888913
0.04947515572196875 111.28127955637098
0.0494783025961401 112.3325378001692
0.049481449470311446 113.39914426612475
0.049484596344482795 114.48140656896797
0.049487743218654144 115.57964024421656
0.04949089009282549 116.69416899916888
0.04949403696699684 117.8253249733913
0.04949718384116819 118.97344900911855
0.04950033071533954 120.13889093200731
0.04950347758951089 121.32200984270597
0.04950662446368224 122.52317441972599
0.049509771337853586 123.74276323412761
0.049512918212024935 124.98116507655652
0.049516065086196284 126.23877929719791
0.04951921196036763 127.51601615924415
0.04952235883453898 128.81329720650254
0.04952550570871033 130.13105564580442
0.04952707914579601 130.7972772546818
0.04952865258288169 131.46878192365824
0.049530226019967365 132.1456272245087
0.04953179945705304 132.82787153509332
0.04953337289413872 133.51557405323683
0.0495349463312244 134.20879481089236
0.049536519768310076 134.90759468859707
0.049538093205395754 135.61203543022697
0.04953966664248143 136.32217965805674
0.04954124007956711 137.03809088813338
0.04954281351665279 137.7598335459705
0.049544386953738466 138.4874729825715
0.049545960390824144 139.22107549078845
0.04954753382790982 139.96070832202753
0.0495491072649955 140.70643970330607
0.04955068070208118 141.4583388546727
0.049552254139166856 142.21647600699828
0.049553827576252533 142.98092242014695
0.04955540101333821 143.75175040153675
0.04955697445042389 144.5290333251001
0.04955854788750957 145.3128456506532
0.049560121324595245 146.10326294368554
0.04956169476168092 146.90036189557964
0.0495632681987666 147.70422034427187
0.04956484163585228 148.51491729536602
0.04956641507293796 149.33253294371087
0.049567988510023635 150.15714869545317
0.04956956194710931 150.98884719057966
0.04957113538419499 151.82771232595886
0.04957270882128067 152.6738292788972
0.049574282258366346 153.5272845312221
0.049575855695452024 154.3881658939056
0.0495774291325377 155.2565625322433
0.04957900256962338 156.13256499160235
0.04958057600670906 157.0162652237548
0.049582149443794736 157.90775661380982
0.049583722880880414 158.80713400776335
0.04958529631796609 159.71449374067885
0.04958686975505177 160.6299336655181
0.04958844319213745 161.5535531826387
0.049590016629223126 162.4854532699761
0.049591590066308804 163.42573651392942
0.04959316350339448 164.37450714096906
0.04959473694048016 165.33187104998711
0.04959631037756584 166.29793584540985
0.049597883814651515 167.27281087109358
0.04959945725173719 168.2566072450261
0.04960103068882287 169.24943789485474
0.04960260412590855 170.25141759426558
0.04960417756299423 171.2626630002363
0.049605751000079905 172.2832926911878
0.04960732443716558 173.31342720605977
0.04960889787425126 174.35318908433655
0.04961047131133694 175.40270290704947
0.049612044748422617 176.46209533878482
0.049613618185508294 177.5314951707244
0.04961519162259397 178.61103336475028
0.04961676505967965 179.70084309864308
0.04961833849676533 180.80105981240578
0.049619911933851006 181.91182125574588
0.049621485370936684 183.03326753675037
0.04962305880802236 184.16554117178617
0.04962463224510804 185.30878713666593
0.04962620568219372 186.4631529191125
0.049627779119279396 187.62878857256365
0.049629352556365074 188.80584677135522
0.04963092599345075 189.99448286732525
0.04963249943053643 191.19485494788037
0.04963407286762211 192.4071238955701
0.049635646304707785 193.6314534492133
0.04963721974179346 194.86801026662545
0.04963879317887914 196.11696398899468
0.04964036661596482 197.37848730695754
0.0496419400530505 198.65275602842655
0.049643513490136175 199.93994914822534
0.04964508692722185 201.24024891958481
0.04964666036430753 202.55384092756157
0.04964823380139321 203.8809141644364
0.04964980723847889 205.22166110715733
0.049651380675564565 206.5762777968901
0.04965295411265024 207.94496392074453
0.04965452754973592 209.3279228957459
0.0496561009868216 210.7253619551229
0.049657674423907276 212.13749223698773
0.049659247860992954 213.5645288754849
0.04966082129807863 215.00669109449015
0.04966239473516431 216.46420230394187
0.04966396817224999 217.93729019889201
0.049665541609335666 219.42618686136603
0.049667115046421344 220.93112886512571
0.04966868848350702 222.45235738342987
0.0496702619205927 223.99011829989578
0.04967183535767838 225.5446623225626
0.049673408794764055 227.11624510126816
0.04967498223184973 228.70512734844914
0.04967655566893541 230.31157496348237
0.04967812910602109 231.93585916068903
0.04967970254310677 233.57825660112735
0.049681275980192445 235.23904952830512
0.04968284941727812 236.9185259079484
0.0496844228543638 238.61697957196847
0.04968599629144948 240.33471036677406
0.04968756972853516 242.07202430608302
0.049689143165620835 243.82923372839207
0.04969071660270651 245.6066574592718
0.04969229003979219 247.4046209786594
0.04969386347687787 249.22345659332962
0.049695436913963546 251.06350361473062
0.049697010351049224 252.92510854238108
0.0496985837881349 254.8086252530312
0.04970015722522058 256.71441519580105
0.04970173066230626 258.6428475935147
0.049703304099391936 260.59429965046394
0.049704877536477614 262.5691567668383
0.04970645097356329 264.56781276007496
0.04970802441064897 266.59067009338725
0.04970959784773465 268.6381401117473
0.049711171284820325 270.71064328560374
0.049712744721906 272.8086094626352
0.04971431815899168 274.9324781278473
0.04971589159607736 277.08269867233776
0.04971746503316304 279.2597306710682
0.049719038470248715 281.46404416999553
0.04972061190733439 283.6961199829329
0.04972218534442007 285.9564499985262
0.04972375878150575 288.2455374977492
0.04972533221859143 290.563897482341
0.049726905655677105 292.9120570146264
0.04972847909276278 295.29055556918115
0.04973005252984846 297.6999453968276
0.04973162596693414 300.14079190146504
0.049733199404019816 302.613674030267
0.049734772841105494 305.1191846777994
0.04973634627819117 307.657931104644
0.04973791971527685 310.23053537113367
0.04973949315236253 312.8376347868434
0.049741066589448206 315.47988237650367
0.049742640026533884 318.1579473630426
0.04974421346361956 320.8725156684933
0.04974578690070524 323.62429043354257
0.04974736033779092 326.4139925565312
0.049748933774876596 329.242361252765
0.049750507211962273 332.11015463502883
0.04975208064904795 335.0181503162486
0.04975365408613363 337.96714603529244
0.04975522752321931 340.9579603069525
0.049756800960304985 343.9914330972024
0.04975837439739066 347.06842652488444
0.04975994783447634 350.18982559104006
0.04976152127156202 353.3565389371598
0.0497630947086477 356.56949963369885
0.049764668145733375 359.82966600027595
0.04976624158281905 363.13802245904867
0.04976781501990473 366.49558042284
0.04976938845699041 369.9033792196769
0.049770961894076086 373.3624870554927
0.049772535331161764 376.8740020168418
0.04977410876824744 380.43905311558024
0.04977568220533312 384.05880137757094
0.0497772556424188 387.73444097759375
0.049778829079504476 391.46720042276263
0.049780402516590154 395.25834378688114
0.04978197595367583 399.1091719983141
0.04978354939076151 403.02102418409686
0.04978512282784719 406.99527907316906
0.049786696264932866 411.0333564617827
0.049788269702018544 415.13671874432515
0.04978984313910422 419.3068725129826
0.0497914165761899 423.5453702298818
0.04979299001327558 427.853811975569
0.049794563450361255 432.23384727791785
0.04979613688744693 436.6871770258143
0.04979771032453261 441.21555547223585
0.04979928376161829 445.82079233163194
0.04980085719870397 450.50475497682226
0.049802430635789645 455.2693707409629
0.04980400407287532 460.1166293304865
0.049805577509961 465.04858535530377
0.04980715094704668 470.06736098296693
0.04980872438413236 475.1751487239328
0.049810297821218034 480.37421435554177
0.04981187125830371 485.6668999928314
0.04981344469538939 491.05562731486185
0.04981501813247507 496.54290095580757
0.049816591569560746 502.1313120707176
0.049818165006646424 507.82354208652384
0.0498197384437321 513.6223666496182
0.04982131188081778 519.5306597821178
0.04982288531790346 525.5513982597994
0.049824458754989136 531.6876662256094
0.049826032192074814 537.9426600536731
0.04982760562916049 544.3196934798032
0.04982917906624617 550.8222030156969
0.04983075250333185 557.4537536652871
0.049832325940417525 564.2180449630936
0.0498338993775032 571.1189173559334
0.04983547281458888 578.1603589509772
0.04983704625167456 585.3465126549158
0.04983861968876024 592.6816837309335
0.049840193125845915 600.1703478022869
0.04984176656293159 607.8171593335805
0.04984334000001727 615.6269606233251
0.04984491343710295 623.604791344095
0.04984648687418863 631.755898669576
0.049848060311274305 640.0857480310508
0.04984963374835998 648.6000345494314
0.04985120718544566 657.3046951928499
0.04985278062253134 666.2059217140906
0.049854354059617016 675.3101744268438
0.049855927496702694 684.6241968849135
0.04985750093378837 694.1550315341692
0.04985907437087405 703.9100364132778
0.04985986108941689 708.8735025672058
0.04986064780795973 713.8959191552226
0.04986143452650257 718.9783028078898
0.049862221245045406 724.1216934478531
0.049863007963588245 729.3271549591718
0.049863794682131084 734.5957758798493
0.04986458140067392 739.928670118507
0.04986536811921676 745.3269776961904
0.0498661548377596 750.791865514342
0.04986694155630244 756.3245281500223
0.04986772827484528 761.9261886795132
0.04986851499338812 767.5980995314974
0.049869301711930956 773.3415433710516
0.049870088430473795 779.1578340157682
0.049870875149016634 785.048317385371
0.04987166186755947 791.0143724862614
0.04987244858610231 797.0574124325091
0.04987323530464515 803.1788855048625
0.04987402202318799 809.3802762494485
0.04987480874173083 815.6631066179018
0.04987559546027367 822.0289371507615
0.04987638217881651 828.4793682060599
0.049877168897359346 835.0160412351336
0.049877955615902185 841.6406401077813
0.049878742334445024 848.3548924890174
0.04987952905298786 855.1605712697724
0.0498803157715307 862.0594960540292
0.04988110249007354 869.053534705004
0.04988188920861638 876.1446049531279
0.04988267592715922 883.3346760687294
0.04988346264570206 890.6257706024742
0.0498842493642449 898.0199661967885
0.049885036082787736 905.5193974716638
0.049885822801330575 913.1262579884313
0.049886609519873414 920.8428022952949
0.04988739623841625 928.6713480586167
0.04988818295695909 936.6142782841858
0.04988896967550193 944.6740436329235
0.04988975639404477 952.853164835753
0.04989054311258761 961.1542352126157
0.04989132983113045 969.5799233009144
0.049892116549673286 978.1329755989683
0.049892903268216125 986.8162194303973
0.049893689986758964 995.6325659356944
0.0498944767053018 1004.585013197629
0.04989526342384464 1013.6766495075151
0.04989605014238748 1022.910656779809
0.04989683686093032 1032.2903141229513
0.04989762357947316 1041.8190015748655
0.049898410298016 1051.5002040120278
0.04989919701655884 1061.3375152416017
0.049899983735101676 1071.334642286711
0.049900770453644515 1081.4954098755707
0.049901557172187354 1091.8237651458821
0.04990234389073019 1102.323782576631
0.04990313060927303 1112.9996691602123
0.04990391732781587 1123.8557698286663
0.04990470404635871 1134.8965731486974
0.04990549076490155 1146.1267173011497
0.04990627748344439 1157.5509963616464
0.04990706420198723 1169.1743669002437
0.049907850920530065 1181.0019549191584
0.049908637639072904 1193.0390631489543
0.04990942435761574 1205.2911787249789
0.04991021107615858 1217.7639812673694
0.04991099779470142 1230.4633513896026
0.04991178451324426 1243.395379662344
0.0499125712317871 1256.5663760612688
0.04991335795032994 1269.9828799296179
0.04991414466887278 1283.6516704885132
0.049914931387415616 1297.5797779304812
0.049915718105958455 1311.7744951343004
0.049916504824501294 1326.2433900421481
0.04991729154304413 1340.9943187431493
0.04991807826158697 1356.0354393108094
0.04991886498012981 1371.3752264455065
0.04991965169867265 1387.0224869772146
0.04992043841721549 1402.9863762880095
0.04992122513575833 1419.2764157186493
0.04992201185430117 1435.9025110287243
0.049922798572844006 1452.8749719855318
0.049923585291386845 1470.2045331630138
0.049924372009929684 1487.9023760388814
0.04992515872847252 1505.980152485438
0.04992594544701536 1524.4500097577613
0.0499267321655582 1543.3246170917641
0.04992751888410104 1562.6171940344807
0.04992830560264388 1582.341540639609
0.04992909232118672 1602.5120696731938
0.049929879039729556 1623.143840987307
0.049930665758272395 1644.252598233928
0.049931452476815234 1665.8548081070358
0.04993223919535807 1687.9677023183788
0.04993302591390091 1710.60932253171
0.04993381263244375 1733.7985685016356
0.04993459935098659 1757.5552496869273
0.04993538606952943 1781.9001406344187
0.04993617278807227 1806.8550404588223
0.04993695950661511 1832.442836776264
0.049937746225157946 1858.6875744855279
0.049938532943700785 1885.6145298313209
0.049939319662243624 1913.2502902289357
0.04994010638078646 1941.6228403800496
0.0499408930993293 1970.7616552658142
0.04994167981787214 2000.6978006666297
0.04994246653641498 2031.46404192907
0.04994325325495782 2063.094961780284
0.04994403997350066 2095.627088080257
0.0499448266920435 2129.0990325038565
0.049945613410586336 2163.5516412593734
0.049946400129129175 2199.028159080244
0.049947186847672013 2235.5744078739813
0.04994797356621485 2273.238981579811
0.04994876028475769 2312.0734589770323
0.04994954700330053 2352.132636403481
0.04995033372184337 2393.474782591716
0.04995112044038621 2436.1619181148544
0.04995190715892905 2480.2601222600397
0.049952693877471886 2525.839870522488
0.049953480596014725 2572.9764063450075
0.049954267314557564 2621.7501512267504
0.0499550540331004 2672.2471579024304
0.04995584075164324 2724.5596119632287
0.04995662747018608 2778.7863880700793
0.04995741418872892 2835.033667818982
0.04995820090727176 2893.415627381017
0.0499589876258146 2954.0552042862037
0.04995977434435744 3017.084954186277
0.049960561062900276 3082.6480101605293
0.049961347781443115 3150.8991591746703
0.049962134499985954 3222.0060527310734
0.04996292121852879 3296.1505716408033
0.04996370793707163 3373.5303683042002
0.04996449465561447 3454.3606140323327
0.04996528137415731 3538.875983932685
0.04996606809270015 3627.332917914919
0.04996685481124299 3720.012203693706
0.049967641529785826 3817.2219365887236
0.049968428248328665 3919.300921846187
0.049969214966871504 4026.622598643092
0.04997000168541434 4139.599581543596
0.04997078840395718 4258.688935810933
0.04997157512250002 4384.398328751812
0.04997236184104286 4517.293231646852
0.0499731485595857 4658.005387734356
0.04997393527812854 4807.242813742842
0.04997472199667138 4965.801669069118
0.049975508715214216 5134.5804125544755
0.049976295433757055 5314.596778312414
0.049977082152299894 5507.008248010065
0.04997786887084273 5713.13688964818
0.04997865558938557 5934.49968943147
0.04997944230792841 6172.845848227753
0.04998022902647125 6430.20298254052
0.04998101574501409 6708.934813052363
0.04998180246355693 7011.813817165586
0.04998258918209977 7342.113578642091
0.049983375900642606 7703.727359358451
0.049984162619185445 8101.322011222353
0.049984949337728284 8540.54015919778
0.04998573605627112 9028.2692919703
0.04998652277481396 9573.00509988376
0.0499873094933568 10185.349958636294
0.04998809621189964 10878.709080994742
0.04998888293044248 11670.282254747963
0.04998966964898532 12582.50874162454
0.049990456367528156 13645.226827854003
0.049991243086070995 14898.997455009065
0.049992029804613834 16400.39625580197
0.04999281652315667 18230.78302242368
0.04999360324169951 20511.542362034328
0.04999438996024235 23432.14790445434
0.04999517667878519 27305.691360233253
0.04999596339732803 32689.345994909312
0.04999675011587087 40679.79790858732
0.04999753683441371 53774.82991298458
0.049998323552956546 79160.83594387685
0.049999110271499385 149441.71368943452
0.049999896990042224 1293245.1023714382
0.05000068370858506 195218.65379398724
0.0500014704271279 90945.81664387684
0.05000225714567074 59361.125856131825
0.05000304386421358 44103.54820540863
0.05000383058275642 35113.38137339694
0.05000461730129926 29187.009614775383
0.0500054040198421 24986.34987713523
0.050006190738384936 21853.493067947635
0.050006977456927774 19427.250976998675
0.05000776417547061 17492.827486835482
0.05000855089401345 15914.475103399518
0.05000933761255629 14602.194678603004
0.05001012433109913 13493.960867183641
0.05001091104964197 12545.637162367566
0.05001169776818481 11724.960440342898
